/home/j/urdf_study/install/yolox_ros_py/lib/python3.10/site-packages/yolox_ros_py/yolox_tflite.py
/home/j/urdf_study/install/yolox_ros_py/lib/python3.10/site-packages/yolox_ros_py/__init__.py
/home/j/urdf_study/install/yolox_ros_py/lib/python3.10/site-packages/yolox_ros_py/yolox_onnx.py
/home/j/urdf_study/install/yolox_ros_py/lib/python3.10/site-packages/yolox_ros_py/yolox_openvino.py
/home/j/urdf_study/install/yolox_ros_py/lib/python3.10/site-packages/yolox_ros_py/yolox_ros.py
/home/j/urdf_study/install/yolox_ros_py/lib/python3.10/site-packages/yolox_ros_py/__pycache__/yolox_tflite.cpython-310.pyc
/home/j/urdf_study/install/yolox_ros_py/lib/python3.10/site-packages/yolox_ros_py/__pycache__/__init__.cpython-310.pyc
/home/j/urdf_study/install/yolox_ros_py/lib/python3.10/site-packages/yolox_ros_py/__pycache__/yolox_onnx.cpython-310.pyc
/home/j/urdf_study/install/yolox_ros_py/lib/python3.10/site-packages/yolox_ros_py/__pycache__/yolox_openvino.cpython-310.pyc
/home/j/urdf_study/install/yolox_ros_py/lib/python3.10/site-packages/yolox_ros_py/__pycache__/yolox_ros.cpython-310.pyc
/home/j/urdf_study/install/yolox_ros_py/share/ament_index/resource_index/packages/yolox_ros_py
/home/j/urdf_study/install/yolox_ros_py/share/yolox_ros_py/package.xml
/home/j/urdf_study/install/yolox_ros_py/share/yolox_ros_py/yolox_nano_torch_cpu_camera.launch.py
/home/j/urdf_study/install/yolox_ros_py/share/yolox_ros_py/yolox_nano_onnx_gazebo.launch.py
/home/j/urdf_study/install/yolox_ros_py/share/yolox_ros_py/yolox_nano_onnx_picture.launch.py
/home/j/urdf_study/install/yolox_ros_py/share/yolox_ros_py/yolox_nano_onnx_camera.launch.py
/home/j/urdf_study/install/yolox_ros_py/share/yolox_ros_py/yolox_nano_torch_gpu_camera.launch.py
/home/j/urdf_study/install/yolox_ros_py/share/yolox_ros_py/yolox_nano_onnx_youtube.launch.py
/home/j/urdf_study/install/yolox_ros_py/share/yolox_ros_py/yolox_nano_openvino.launch.py
/home/j/urdf_study/install/yolox_ros_py/share/yolox_ros_py/yolox_lite_tflite_camera.launch.py
/home/j/urdf_study/install/yolox_ros_py/share/yolox_ros_py/yolox_nano.pth
/home/j/urdf_study/install/yolox_ros_py/share/yolox_ros_py/yolox_nano.onnx
/home/j/urdf_study/install/yolox_ros_py/share/yolox_ros_py
/home/j/urdf_study/install/yolox_ros_py/share/yolox_ros_py/README.md
/home/j/urdf_study/install/yolox_ros_py/share/yolox_ros_py/install.bash
/home/j/urdf_study/install/yolox_ros_py/share/yolox_ros_py/download_openvino_s.bash
/home/j/urdf_study/install/yolox_ros_py/share/yolox_ros_py/download.bash
/home/j/urdf_study/install/yolox_ros_py/share/yolox_ros_py/model.onnx
/home/j/urdf_study/install/yolox_ros_py/share/yolox_ros_py/model.tflite
/home/j/urdf_study/install/yolox_ros_py/share/yolox_ros_py/download_model.bash
/home/j/urdf_study/install/yolox_ros_py/share/yolox_ros_py/convert.bash
/home/j/urdf_study/install/yolox_ros_py/share/yolox_ros_py/yolox_nano.py
/home/j/urdf_study/install/yolox_ros_py/lib/python3.10/site-packages/yolox_ros_py-0.3.2-py3.10.egg-info/top_level.txt
/home/j/urdf_study/install/yolox_ros_py/lib/python3.10/site-packages/yolox_ros_py-0.3.2-py3.10.egg-info/dependency_links.txt
/home/j/urdf_study/install/yolox_ros_py/lib/python3.10/site-packages/yolox_ros_py-0.3.2-py3.10.egg-info/zip-safe
/home/j/urdf_study/install/yolox_ros_py/lib/python3.10/site-packages/yolox_ros_py-0.3.2-py3.10.egg-info/PKG-INFO
/home/j/urdf_study/install/yolox_ros_py/lib/python3.10/site-packages/yolox_ros_py-0.3.2-py3.10.egg-info/requires.txt
/home/j/urdf_study/install/yolox_ros_py/lib/python3.10/site-packages/yolox_ros_py-0.3.2-py3.10.egg-info/SOURCES.txt
/home/j/urdf_study/install/yolox_ros_py/lib/python3.10/site-packages/yolox_ros_py-0.3.2-py3.10.egg-info/entry_points.txt
/home/j/urdf_study/install/yolox_ros_py/lib/yolox_ros_py/yolox_onnx
/home/j/urdf_study/install/yolox_ros_py/lib/yolox_ros_py/yolox_openvino
/home/j/urdf_study/install/yolox_ros_py/lib/yolox_ros_py/yolox_ros
/home/j/urdf_study/install/yolox_ros_py/lib/yolox_ros_py/yolox_tflite
