[0.289s] DEBUG:colcon:Command line arguments: ['/usr/bin/colcon', 'build', '--symlink-install']
[0.289s] DEBUG:colcon:Parsed command line arguments: Namespace(log_base=None, log_level=None, verb_name='build', build_base='build', install_base='install', merge_install=False, symlink_install=True, test_result_base=None, continue_on_error=False, executor='parallel', parallel_workers=12, event_handlers=None, ignore_user_meta=False, metas=['./colcon.meta'], base_paths=['.'], packages_ignore=None, packages_ignore_regex=None, paths=None, packages_up_to=None, packages_up_to_regex=None, packages_above=None, packages_above_and_dependencies=None, packages_above_depth=None, packages_select_by_dep=None, packages_skip_by_dep=None, packages_skip_up_to=None, packages_select_build_failed=False, packages_skip_build_finished=False, packages_select_test_failures=False, packages_skip_test_passed=False, packages_select=None, packages_skip=None, packages_select_regex=None, packages_skip_regex=None, packages_start=None, packages_end=None, allow_overriding=[], cmake_args=None, cmake_target=None, cmake_target_skip_unavailable=False, cmake_clean_cache=False, cmake_clean_first=False, cmake_force_configure=False, ament_cmake_args=None, catkin_cmake_args=None, catkin_skip_building_tests=False, mixin_files=None, mixin=None, verb_parser=<colcon_mixin.mixin.mixin_argument.MixinArgumentDecorator object at 0x7f8e4613fbb0>, verb_extension=<colcon_core.verb.build.BuildVerb object at 0x7f8e4627e830>, main=<bound method BuildVerb.main of <colcon_core.verb.build.BuildVerb object at 0x7f8e4627e830>>, mixin_verb=('build',))
[0.309s] Level 1:colcon.colcon_core.package_discovery:discover_packages(colcon_meta) check parameters
[0.309s] Level 1:colcon.colcon_core.package_discovery:discover_packages(recursive) check parameters
[0.309s] Level 1:colcon.colcon_core.package_discovery:discover_packages(ignore) check parameters
[0.309s] Level 1:colcon.colcon_core.package_discovery:discover_packages(path) check parameters
[0.309s] Level 1:colcon.colcon_core.package_discovery:discover_packages(colcon_meta) discover
[0.309s] Level 1:colcon.colcon_core.package_discovery:discover_packages(recursive) discover
[0.309s] INFO:colcon.colcon_core.package_discovery:Crawling recursively for packages in '/home/j/urdf_study'
[0.309s] Level 1:colcon.colcon_core.package_identification:_identify(.) by extensions ['ignore', 'ignore_ament_install']
[0.310s] Level 1:colcon.colcon_core.package_identification:_identify(.) by extension 'ignore'
[0.310s] Level 1:colcon.colcon_core.package_identification:_identify(.) by extension 'ignore_ament_install'
[0.310s] Level 1:colcon.colcon_core.package_identification:_identify(.) by extensions ['colcon_pkg']
[0.310s] Level 1:colcon.colcon_core.package_identification:_identify(.) by extension 'colcon_pkg'
[0.310s] Level 1:colcon.colcon_core.package_identification:_identify(.) by extensions ['colcon_meta']
[0.310s] Level 1:colcon.colcon_core.package_identification:_identify(.) by extension 'colcon_meta'
[0.310s] Level 1:colcon.colcon_core.package_identification:_identify(.) by extensions ['ros']
[0.310s] Level 1:colcon.colcon_core.package_identification:_identify(.) by extension 'ros'
[0.318s] Level 1:colcon.colcon_core.package_identification:_identify(.) by extensions ['cmake', 'python']
[0.318s] Level 1:colcon.colcon_core.package_identification:_identify(.) by extension 'cmake'
[0.318s] Level 1:colcon.colcon_core.package_identification:_identify(.) by extension 'python'
[0.318s] Level 1:colcon.colcon_core.package_identification:_identify(.) by extensions ['python_setup_py']
[0.318s] Level 1:colcon.colcon_core.package_identification:_identify(.) by extension 'python_setup_py'
[0.318s] Level 1:colcon.colcon_core.package_identification:_identify(build) by extensions ['ignore', 'ignore_ament_install']
[0.318s] Level 1:colcon.colcon_core.package_identification:_identify(build) by extension 'ignore'
[0.318s] Level 1:colcon.colcon_core.package_identification:_identify(build) ignored
[0.318s] Level 1:colcon.colcon_core.package_identification:_identify(install) by extensions ['ignore', 'ignore_ament_install']
[0.318s] Level 1:colcon.colcon_core.package_identification:_identify(install) by extension 'ignore'
[0.318s] Level 1:colcon.colcon_core.package_identification:_identify(install) ignored
[0.318s] Level 1:colcon.colcon_core.package_identification:_identify(log) by extensions ['ignore', 'ignore_ament_install']
[0.318s] Level 1:colcon.colcon_core.package_identification:_identify(log) by extension 'ignore'
[0.318s] Level 1:colcon.colcon_core.package_identification:_identify(log) ignored
[0.319s] Level 1:colcon.colcon_core.package_identification:_identify(src) by extensions ['ignore', 'ignore_ament_install']
[0.319s] Level 1:colcon.colcon_core.package_identification:_identify(src) by extension 'ignore'
[0.319s] Level 1:colcon.colcon_core.package_identification:_identify(src) by extension 'ignore_ament_install'
[0.319s] Level 1:colcon.colcon_core.package_identification:_identify(src) by extensions ['colcon_pkg']
[0.319s] Level 1:colcon.colcon_core.package_identification:_identify(src) by extension 'colcon_pkg'
[0.319s] Level 1:colcon.colcon_core.package_identification:_identify(src) by extensions ['colcon_meta']
[0.319s] Level 1:colcon.colcon_core.package_identification:_identify(src) by extension 'colcon_meta'
[0.319s] Level 1:colcon.colcon_core.package_identification:_identify(src) by extensions ['ros']
[0.319s] Level 1:colcon.colcon_core.package_identification:_identify(src) by extension 'ros'
[0.319s] Level 1:colcon.colcon_core.package_identification:_identify(src) by extensions ['cmake', 'python']
[0.319s] Level 1:colcon.colcon_core.package_identification:_identify(src) by extension 'cmake'
[0.319s] Level 1:colcon.colcon_core.package_identification:_identify(src) by extension 'python'
[0.319s] Level 1:colcon.colcon_core.package_identification:_identify(src) by extensions ['python_setup_py']
[0.319s] Level 1:colcon.colcon_core.package_identification:_identify(src) by extension 'python_setup_py'
[0.319s] Level 1:colcon.colcon_core.package_identification:_identify(src/YOLOX-ROS) by extensions ['ignore', 'ignore_ament_install']
[0.319s] Level 1:colcon.colcon_core.package_identification:_identify(src/YOLOX-ROS) by extension 'ignore'
[0.319s] Level 1:colcon.colcon_core.package_identification:_identify(src/YOLOX-ROS) by extension 'ignore_ament_install'
[0.319s] Level 1:colcon.colcon_core.package_identification:_identify(src/YOLOX-ROS) by extensions ['colcon_pkg']
[0.319s] Level 1:colcon.colcon_core.package_identification:_identify(src/YOLOX-ROS) by extension 'colcon_pkg'
[0.319s] Level 1:colcon.colcon_core.package_identification:_identify(src/YOLOX-ROS) by extensions ['colcon_meta']
[0.319s] Level 1:colcon.colcon_core.package_identification:_identify(src/YOLOX-ROS) by extension 'colcon_meta'
[0.319s] Level 1:colcon.colcon_core.package_identification:_identify(src/YOLOX-ROS) by extensions ['ros']
[0.320s] Level 1:colcon.colcon_core.package_identification:_identify(src/YOLOX-ROS) by extension 'ros'
[0.320s] Level 1:colcon.colcon_core.package_identification:_identify(src/YOLOX-ROS) by extensions ['cmake', 'python']
[0.320s] Level 1:colcon.colcon_core.package_identification:_identify(src/YOLOX-ROS) by extension 'cmake'
[0.320s] Level 1:colcon.colcon_core.package_identification:_identify(src/YOLOX-ROS) by extension 'python'
[0.320s] Level 1:colcon.colcon_core.package_identification:_identify(src/YOLOX-ROS) by extensions ['python_setup_py']
[0.320s] Level 1:colcon.colcon_core.package_identification:_identify(src/YOLOX-ROS) by extension 'python_setup_py'
[0.320s] Level 1:colcon.colcon_core.package_identification:_identify(src/YOLOX-ROS/bbox_ex_msgs) by extensions ['ignore', 'ignore_ament_install']
[0.320s] Level 1:colcon.colcon_core.package_identification:_identify(src/YOLOX-ROS/bbox_ex_msgs) by extension 'ignore'
[0.320s] Level 1:colcon.colcon_core.package_identification:_identify(src/YOLOX-ROS/bbox_ex_msgs) by extension 'ignore_ament_install'
[0.320s] Level 1:colcon.colcon_core.package_identification:_identify(src/YOLOX-ROS/bbox_ex_msgs) by extensions ['colcon_pkg']
[0.320s] Level 1:colcon.colcon_core.package_identification:_identify(src/YOLOX-ROS/bbox_ex_msgs) by extension 'colcon_pkg'
[0.320s] Level 1:colcon.colcon_core.package_identification:_identify(src/YOLOX-ROS/bbox_ex_msgs) by extensions ['colcon_meta']
[0.320s] Level 1:colcon.colcon_core.package_identification:_identify(src/YOLOX-ROS/bbox_ex_msgs) by extension 'colcon_meta'
[0.320s] Level 1:colcon.colcon_core.package_identification:_identify(src/YOLOX-ROS/bbox_ex_msgs) by extensions ['ros']
[0.320s] Level 1:colcon.colcon_core.package_identification:_identify(src/YOLOX-ROS/bbox_ex_msgs) by extension 'ros'
[0.322s] DEBUG:colcon.colcon_core.package_identification:Package 'src/YOLOX-ROS/bbox_ex_msgs' with type 'ros.ament_cmake' and name 'bboxes_ex_msgs'
[0.322s] Level 1:colcon.colcon_core.package_identification:_identify(src/YOLOX-ROS/images_for_readme) by extensions ['ignore', 'ignore_ament_install']
[0.322s] Level 1:colcon.colcon_core.package_identification:_identify(src/YOLOX-ROS/images_for_readme) by extension 'ignore'
[0.322s] Level 1:colcon.colcon_core.package_identification:_identify(src/YOLOX-ROS/images_for_readme) by extension 'ignore_ament_install'
[0.322s] Level 1:colcon.colcon_core.package_identification:_identify(src/YOLOX-ROS/images_for_readme) by extensions ['colcon_pkg']
[0.322s] Level 1:colcon.colcon_core.package_identification:_identify(src/YOLOX-ROS/images_for_readme) by extension 'colcon_pkg'
[0.322s] Level 1:colcon.colcon_core.package_identification:_identify(src/YOLOX-ROS/images_for_readme) by extensions ['colcon_meta']
[0.322s] Level 1:colcon.colcon_core.package_identification:_identify(src/YOLOX-ROS/images_for_readme) by extension 'colcon_meta'
[0.322s] Level 1:colcon.colcon_core.package_identification:_identify(src/YOLOX-ROS/images_for_readme) by extensions ['ros']
[0.322s] Level 1:colcon.colcon_core.package_identification:_identify(src/YOLOX-ROS/images_for_readme) by extension 'ros'
[0.322s] Level 1:colcon.colcon_core.package_identification:_identify(src/YOLOX-ROS/images_for_readme) by extensions ['cmake', 'python']
[0.322s] Level 1:colcon.colcon_core.package_identification:_identify(src/YOLOX-ROS/images_for_readme) by extension 'cmake'
[0.322s] Level 1:colcon.colcon_core.package_identification:_identify(src/YOLOX-ROS/images_for_readme) by extension 'python'
[0.322s] Level 1:colcon.colcon_core.package_identification:_identify(src/YOLOX-ROS/images_for_readme) by extensions ['python_setup_py']
[0.322s] Level 1:colcon.colcon_core.package_identification:_identify(src/YOLOX-ROS/images_for_readme) by extension 'python_setup_py'
[0.322s] Level 1:colcon.colcon_core.package_identification:_identify(src/YOLOX-ROS/weights) by extensions ['ignore', 'ignore_ament_install']
[0.323s] Level 1:colcon.colcon_core.package_identification:_identify(src/YOLOX-ROS/weights) by extension 'ignore'
[0.323s] Level 1:colcon.colcon_core.package_identification:_identify(src/YOLOX-ROS/weights) by extension 'ignore_ament_install'
[0.323s] Level 1:colcon.colcon_core.package_identification:_identify(src/YOLOX-ROS/weights) by extensions ['colcon_pkg']
[0.323s] Level 1:colcon.colcon_core.package_identification:_identify(src/YOLOX-ROS/weights) by extension 'colcon_pkg'
[0.323s] Level 1:colcon.colcon_core.package_identification:_identify(src/YOLOX-ROS/weights) by extensions ['colcon_meta']
[0.323s] Level 1:colcon.colcon_core.package_identification:_identify(src/YOLOX-ROS/weights) by extension 'colcon_meta'
[0.323s] Level 1:colcon.colcon_core.package_identification:_identify(src/YOLOX-ROS/weights) by extensions ['ros']
[0.323s] Level 1:colcon.colcon_core.package_identification:_identify(src/YOLOX-ROS/weights) by extension 'ros'
[0.323s] Level 1:colcon.colcon_core.package_identification:_identify(src/YOLOX-ROS/weights) by extensions ['cmake', 'python']
[0.323s] Level 1:colcon.colcon_core.package_identification:_identify(src/YOLOX-ROS/weights) by extension 'cmake'
[0.323s] Level 1:colcon.colcon_core.package_identification:_identify(src/YOLOX-ROS/weights) by extension 'python'
[0.323s] Level 1:colcon.colcon_core.package_identification:_identify(src/YOLOX-ROS/weights) by extensions ['python_setup_py']
[0.323s] Level 1:colcon.colcon_core.package_identification:_identify(src/YOLOX-ROS/weights) by extension 'python_setup_py'
[0.323s] Level 1:colcon.colcon_core.package_identification:_identify(src/YOLOX-ROS/weights/onnx) by extensions ['ignore', 'ignore_ament_install']
[0.323s] Level 1:colcon.colcon_core.package_identification:_identify(src/YOLOX-ROS/weights/onnx) by extension 'ignore'
[0.323s] Level 1:colcon.colcon_core.package_identification:_identify(src/YOLOX-ROS/weights/onnx) by extension 'ignore_ament_install'
[0.323s] Level 1:colcon.colcon_core.package_identification:_identify(src/YOLOX-ROS/weights/onnx) by extensions ['colcon_pkg']
[0.323s] Level 1:colcon.colcon_core.package_identification:_identify(src/YOLOX-ROS/weights/onnx) by extension 'colcon_pkg'
[0.323s] Level 1:colcon.colcon_core.package_identification:_identify(src/YOLOX-ROS/weights/onnx) by extensions ['colcon_meta']
[0.323s] Level 1:colcon.colcon_core.package_identification:_identify(src/YOLOX-ROS/weights/onnx) by extension 'colcon_meta'
[0.323s] Level 1:colcon.colcon_core.package_identification:_identify(src/YOLOX-ROS/weights/onnx) by extensions ['ros']
[0.323s] Level 1:colcon.colcon_core.package_identification:_identify(src/YOLOX-ROS/weights/onnx) by extension 'ros'
[0.323s] Level 1:colcon.colcon_core.package_identification:_identify(src/YOLOX-ROS/weights/onnx) by extensions ['cmake', 'python']
[0.324s] Level 1:colcon.colcon_core.package_identification:_identify(src/YOLOX-ROS/weights/onnx) by extension 'cmake'
[0.324s] Level 1:colcon.colcon_core.package_identification:_identify(src/YOLOX-ROS/weights/onnx) by extension 'python'
[0.324s] Level 1:colcon.colcon_core.package_identification:_identify(src/YOLOX-ROS/weights/onnx) by extensions ['python_setup_py']
[0.324s] Level 1:colcon.colcon_core.package_identification:_identify(src/YOLOX-ROS/weights/onnx) by extension 'python_setup_py'
[0.324s] Level 1:colcon.colcon_core.package_identification:_identify(src/YOLOX-ROS/weights/openvino) by extensions ['ignore', 'ignore_ament_install']
[0.324s] Level 1:colcon.colcon_core.package_identification:_identify(src/YOLOX-ROS/weights/openvino) by extension 'ignore'
[0.324s] Level 1:colcon.colcon_core.package_identification:_identify(src/YOLOX-ROS/weights/openvino) by extension 'ignore_ament_install'
[0.324s] Level 1:colcon.colcon_core.package_identification:_identify(src/YOLOX-ROS/weights/openvino) by extensions ['colcon_pkg']
[0.324s] Level 1:colcon.colcon_core.package_identification:_identify(src/YOLOX-ROS/weights/openvino) by extension 'colcon_pkg'
[0.324s] Level 1:colcon.colcon_core.package_identification:_identify(src/YOLOX-ROS/weights/openvino) by extensions ['colcon_meta']
[0.324s] Level 1:colcon.colcon_core.package_identification:_identify(src/YOLOX-ROS/weights/openvino) by extension 'colcon_meta'
[0.324s] Level 1:colcon.colcon_core.package_identification:_identify(src/YOLOX-ROS/weights/openvino) by extensions ['ros']
[0.324s] Level 1:colcon.colcon_core.package_identification:_identify(src/YOLOX-ROS/weights/openvino) by extension 'ros'
[0.324s] Level 1:colcon.colcon_core.package_identification:_identify(src/YOLOX-ROS/weights/openvino) by extensions ['cmake', 'python']
[0.324s] Level 1:colcon.colcon_core.package_identification:_identify(src/YOLOX-ROS/weights/openvino) by extension 'cmake'
[0.324s] Level 1:colcon.colcon_core.package_identification:_identify(src/YOLOX-ROS/weights/openvino) by extension 'python'
[0.324s] Level 1:colcon.colcon_core.package_identification:_identify(src/YOLOX-ROS/weights/openvino) by extensions ['python_setup_py']
[0.324s] Level 1:colcon.colcon_core.package_identification:_identify(src/YOLOX-ROS/weights/openvino) by extension 'python_setup_py'
[0.324s] Level 1:colcon.colcon_core.package_identification:_identify(src/YOLOX-ROS/weights/tensorrt) by extensions ['ignore', 'ignore_ament_install']
[0.324s] Level 1:colcon.colcon_core.package_identification:_identify(src/YOLOX-ROS/weights/tensorrt) by extension 'ignore'
[0.324s] Level 1:colcon.colcon_core.package_identification:_identify(src/YOLOX-ROS/weights/tensorrt) by extension 'ignore_ament_install'
[0.324s] Level 1:colcon.colcon_core.package_identification:_identify(src/YOLOX-ROS/weights/tensorrt) by extensions ['colcon_pkg']
[0.324s] Level 1:colcon.colcon_core.package_identification:_identify(src/YOLOX-ROS/weights/tensorrt) by extension 'colcon_pkg'
[0.325s] Level 1:colcon.colcon_core.package_identification:_identify(src/YOLOX-ROS/weights/tensorrt) by extensions ['colcon_meta']
[0.325s] Level 1:colcon.colcon_core.package_identification:_identify(src/YOLOX-ROS/weights/tensorrt) by extension 'colcon_meta'
[0.325s] Level 1:colcon.colcon_core.package_identification:_identify(src/YOLOX-ROS/weights/tensorrt) by extensions ['ros']
[0.325s] Level 1:colcon.colcon_core.package_identification:_identify(src/YOLOX-ROS/weights/tensorrt) by extension 'ros'
[0.325s] Level 1:colcon.colcon_core.package_identification:_identify(src/YOLOX-ROS/weights/tensorrt) by extensions ['cmake', 'python']
[0.325s] Level 1:colcon.colcon_core.package_identification:_identify(src/YOLOX-ROS/weights/tensorrt) by extension 'cmake'
[0.325s] Level 1:colcon.colcon_core.package_identification:_identify(src/YOLOX-ROS/weights/tensorrt) by extension 'python'
[0.325s] Level 1:colcon.colcon_core.package_identification:_identify(src/YOLOX-ROS/weights/tensorrt) by extensions ['python_setup_py']
[0.325s] Level 1:colcon.colcon_core.package_identification:_identify(src/YOLOX-ROS/weights/tensorrt) by extension 'python_setup_py'
[0.325s] Level 1:colcon.colcon_core.package_identification:_identify(src/YOLOX-ROS/weights/tflite) by extensions ['ignore', 'ignore_ament_install']
[0.325s] Level 1:colcon.colcon_core.package_identification:_identify(src/YOLOX-ROS/weights/tflite) by extension 'ignore'
[0.325s] Level 1:colcon.colcon_core.package_identification:_identify(src/YOLOX-ROS/weights/tflite) by extension 'ignore_ament_install'
[0.325s] Level 1:colcon.colcon_core.package_identification:_identify(src/YOLOX-ROS/weights/tflite) by extensions ['colcon_pkg']
[0.325s] Level 1:colcon.colcon_core.package_identification:_identify(src/YOLOX-ROS/weights/tflite) by extension 'colcon_pkg'
[0.325s] Level 1:colcon.colcon_core.package_identification:_identify(src/YOLOX-ROS/weights/tflite) by extensions ['colcon_meta']
[0.325s] Level 1:colcon.colcon_core.package_identification:_identify(src/YOLOX-ROS/weights/tflite) by extension 'colcon_meta'
[0.325s] Level 1:colcon.colcon_core.package_identification:_identify(src/YOLOX-ROS/weights/tflite) by extensions ['ros']
[0.325s] Level 1:colcon.colcon_core.package_identification:_identify(src/YOLOX-ROS/weights/tflite) by extension 'ros'
[0.325s] Level 1:colcon.colcon_core.package_identification:_identify(src/YOLOX-ROS/weights/tflite) by extensions ['cmake', 'python']
[0.325s] Level 1:colcon.colcon_core.package_identification:_identify(src/YOLOX-ROS/weights/tflite) by extension 'cmake'
[0.325s] Level 1:colcon.colcon_core.package_identification:_identify(src/YOLOX-ROS/weights/tflite) by extension 'python'
[0.325s] Level 1:colcon.colcon_core.package_identification:_identify(src/YOLOX-ROS/weights/tflite) by extensions ['python_setup_py']
[0.325s] Level 1:colcon.colcon_core.package_identification:_identify(src/YOLOX-ROS/weights/tflite) by extension 'python_setup_py'
[0.325s] Level 1:colcon.colcon_core.package_identification:_identify(src/YOLOX-ROS/yolox_ros_py) by extensions ['ignore', 'ignore_ament_install']
[0.325s] Level 1:colcon.colcon_core.package_identification:_identify(src/YOLOX-ROS/yolox_ros_py) by extension 'ignore'
[0.325s] Level 1:colcon.colcon_core.package_identification:_identify(src/YOLOX-ROS/yolox_ros_py) by extension 'ignore_ament_install'
[0.326s] Level 1:colcon.colcon_core.package_identification:_identify(src/YOLOX-ROS/yolox_ros_py) by extensions ['colcon_pkg']
[0.326s] Level 1:colcon.colcon_core.package_identification:_identify(src/YOLOX-ROS/yolox_ros_py) by extension 'colcon_pkg'
[0.326s] Level 1:colcon.colcon_core.package_identification:_identify(src/YOLOX-ROS/yolox_ros_py) by extensions ['colcon_meta']
[0.326s] Level 1:colcon.colcon_core.package_identification:_identify(src/YOLOX-ROS/yolox_ros_py) by extension 'colcon_meta'
[0.326s] Level 1:colcon.colcon_core.package_identification:_identify(src/YOLOX-ROS/yolox_ros_py) by extensions ['ros']
[0.326s] Level 1:colcon.colcon_core.package_identification:_identify(src/YOLOX-ROS/yolox_ros_py) by extension 'ros'
[0.326s] DEBUG:colcon.colcon_core.package_identification:Package 'src/YOLOX-ROS/yolox_ros_py' with type 'ros.ament_python' and name 'yolox_ros_py'
[0.326s] Level 1:colcon.colcon_core.package_identification:_identify(src/video_test) by extensions ['ignore', 'ignore_ament_install']
[0.326s] Level 1:colcon.colcon_core.package_identification:_identify(src/video_test) by extension 'ignore'
[0.326s] Level 1:colcon.colcon_core.package_identification:_identify(src/video_test) by extension 'ignore_ament_install'
[0.326s] Level 1:colcon.colcon_core.package_identification:_identify(src/video_test) by extensions ['colcon_pkg']
[0.326s] Level 1:colcon.colcon_core.package_identification:_identify(src/video_test) by extension 'colcon_pkg'
[0.326s] Level 1:colcon.colcon_core.package_identification:_identify(src/video_test) by extensions ['colcon_meta']
[0.326s] Level 1:colcon.colcon_core.package_identification:_identify(src/video_test) by extension 'colcon_meta'
[0.326s] Level 1:colcon.colcon_core.package_identification:_identify(src/video_test) by extensions ['ros']
[0.326s] Level 1:colcon.colcon_core.package_identification:_identify(src/video_test) by extension 'ros'
[0.327s] DEBUG:colcon.colcon_core.package_identification:Package 'src/video_test' with type 'ros.ament_python' and name 'video_test'
[0.327s] Level 1:colcon.colcon_core.package_discovery:discover_packages(recursive) using defaults
[0.327s] Level 1:colcon.colcon_core.package_discovery:discover_packages(ignore) discover
[0.327s] Level 1:colcon.colcon_core.package_discovery:discover_packages(ignore) using defaults
[0.327s] Level 1:colcon.colcon_core.package_discovery:discover_packages(path) discover
[0.327s] Level 1:colcon.colcon_core.package_discovery:discover_packages(path) using defaults
[0.344s] Level 1:colcon.colcon_core.package_discovery:discover_packages(prefix_path) check parameters
[0.344s] Level 1:colcon.colcon_core.package_discovery:discover_packages(prefix_path) discover
[0.345s] WARNING:colcon.colcon_ros.prefix_path.ament:The path '/home/j/urdf_study/install/yolox_ros_py' in the environment variable AMENT_PREFIX_PATH doesn't exist
[0.345s] WARNING:colcon.colcon_ros.prefix_path.ament:The path '/home/j/urdf_study/install/video_test' in the environment variable AMENT_PREFIX_PATH doesn't exist
[0.345s] WARNING:colcon.colcon_ros.prefix_path.ament:The path '/home/j/urdf_study/install/bboxes_ex_msgs' in the environment variable AMENT_PREFIX_PATH doesn't exist
[0.346s] WARNING:colcon.colcon_ros.prefix_path.catkin:The path '/home/j/urdf_study/install/bboxes_ex_msgs' in the environment variable CMAKE_PREFIX_PATH doesn't exist
[0.347s] DEBUG:colcon.colcon_installed_package_information.package_discovery:Found 0 installed packages in /home/j/urdf_study/install
[0.349s] DEBUG:colcon.colcon_installed_package_information.package_discovery:Found 55 installed packages in /home/j/ws_moveit2/install
[0.351s] DEBUG:colcon.colcon_installed_package_information.package_discovery:Found 321 installed packages in /opt/ros/humble
[0.352s] Level 1:colcon.colcon_core.package_discovery:discover_packages(prefix_path) using defaults
[0.406s] Level 5:colcon.colcon_core.verb:set package 'bboxes_ex_msgs' build argument 'cmake_args' from command line to 'None'
[0.406s] Level 5:colcon.colcon_core.verb:set package 'bboxes_ex_msgs' build argument 'cmake_target' from command line to 'None'
[0.406s] Level 5:colcon.colcon_core.verb:set package 'bboxes_ex_msgs' build argument 'cmake_target_skip_unavailable' from command line to 'False'
[0.406s] Level 5:colcon.colcon_core.verb:set package 'bboxes_ex_msgs' build argument 'cmake_clean_cache' from command line to 'False'
[0.406s] Level 5:colcon.colcon_core.verb:set package 'bboxes_ex_msgs' build argument 'cmake_clean_first' from command line to 'False'
[0.406s] Level 5:colcon.colcon_core.verb:set package 'bboxes_ex_msgs' build argument 'cmake_force_configure' from command line to 'False'
[0.406s] Level 5:colcon.colcon_core.verb:set package 'bboxes_ex_msgs' build argument 'ament_cmake_args' from command line to 'None'
[0.406s] Level 5:colcon.colcon_core.verb:set package 'bboxes_ex_msgs' build argument 'catkin_cmake_args' from command line to 'None'
[0.406s] Level 5:colcon.colcon_core.verb:set package 'bboxes_ex_msgs' build argument 'catkin_skip_building_tests' from command line to 'False'
[0.406s] DEBUG:colcon.colcon_core.verb:Building package 'bboxes_ex_msgs' with the following arguments: {'ament_cmake_args': None, 'build_base': '/home/j/urdf_study/build/bboxes_ex_msgs', 'catkin_cmake_args': None, 'catkin_skip_building_tests': False, 'cmake_args': None, 'cmake_clean_cache': False, 'cmake_clean_first': False, 'cmake_force_configure': False, 'cmake_target': None, 'cmake_target_skip_unavailable': False, 'install_base': '/home/j/urdf_study/install/bboxes_ex_msgs', 'merge_install': False, 'path': '/home/j/urdf_study/src/YOLOX-ROS/bbox_ex_msgs', 'symlink_install': True, 'test_result_base': None}
[0.407s] Level 5:colcon.colcon_core.verb:set package 'video_test' build argument 'cmake_args' from command line to 'None'
[0.407s] Level 5:colcon.colcon_core.verb:set package 'video_test' build argument 'cmake_target' from command line to 'None'
[0.407s] Level 5:colcon.colcon_core.verb:set package 'video_test' build argument 'cmake_target_skip_unavailable' from command line to 'False'
[0.407s] Level 5:colcon.colcon_core.verb:set package 'video_test' build argument 'cmake_clean_cache' from command line to 'False'
[0.407s] Level 5:colcon.colcon_core.verb:set package 'video_test' build argument 'cmake_clean_first' from command line to 'False'
[0.407s] Level 5:colcon.colcon_core.verb:set package 'video_test' build argument 'cmake_force_configure' from command line to 'False'
[0.407s] Level 5:colcon.colcon_core.verb:set package 'video_test' build argument 'ament_cmake_args' from command line to 'None'
[0.407s] Level 5:colcon.colcon_core.verb:set package 'video_test' build argument 'catkin_cmake_args' from command line to 'None'
[0.407s] Level 5:colcon.colcon_core.verb:set package 'video_test' build argument 'catkin_skip_building_tests' from command line to 'False'
[0.407s] DEBUG:colcon.colcon_core.verb:Building package 'video_test' with the following arguments: {'ament_cmake_args': None, 'build_base': '/home/j/urdf_study/build/video_test', 'catkin_cmake_args': None, 'catkin_skip_building_tests': False, 'cmake_args': None, 'cmake_clean_cache': False, 'cmake_clean_first': False, 'cmake_force_configure': False, 'cmake_target': None, 'cmake_target_skip_unavailable': False, 'install_base': '/home/j/urdf_study/install/video_test', 'merge_install': False, 'path': '/home/j/urdf_study/src/video_test', 'symlink_install': True, 'test_result_base': None}
[0.408s] Level 5:colcon.colcon_core.verb:set package 'yolox_ros_py' build argument 'cmake_args' from command line to 'None'
[0.408s] Level 5:colcon.colcon_core.verb:set package 'yolox_ros_py' build argument 'cmake_target' from command line to 'None'
[0.408s] Level 5:colcon.colcon_core.verb:set package 'yolox_ros_py' build argument 'cmake_target_skip_unavailable' from command line to 'False'
[0.408s] Level 5:colcon.colcon_core.verb:set package 'yolox_ros_py' build argument 'cmake_clean_cache' from command line to 'False'
[0.408s] Level 5:colcon.colcon_core.verb:set package 'yolox_ros_py' build argument 'cmake_clean_first' from command line to 'False'
[0.408s] Level 5:colcon.colcon_core.verb:set package 'yolox_ros_py' build argument 'cmake_force_configure' from command line to 'False'
[0.408s] Level 5:colcon.colcon_core.verb:set package 'yolox_ros_py' build argument 'ament_cmake_args' from command line to 'None'
[0.408s] Level 5:colcon.colcon_core.verb:set package 'yolox_ros_py' build argument 'catkin_cmake_args' from command line to 'None'
[0.408s] Level 5:colcon.colcon_core.verb:set package 'yolox_ros_py' build argument 'catkin_skip_building_tests' from command line to 'False'
[0.408s] DEBUG:colcon.colcon_core.verb:Building package 'yolox_ros_py' with the following arguments: {'ament_cmake_args': None, 'build_base': '/home/j/urdf_study/build/yolox_ros_py', 'catkin_cmake_args': None, 'catkin_skip_building_tests': False, 'cmake_args': None, 'cmake_clean_cache': False, 'cmake_clean_first': False, 'cmake_force_configure': False, 'cmake_target': None, 'cmake_target_skip_unavailable': False, 'install_base': '/home/j/urdf_study/install/yolox_ros_py', 'merge_install': False, 'path': '/home/j/urdf_study/src/YOLOX-ROS/yolox_ros_py', 'symlink_install': True, 'test_result_base': None}
[0.409s] INFO:colcon.colcon_core.executor:Executing jobs using 'parallel' executor
[0.412s] DEBUG:colcon.colcon_parallel_executor.executor.parallel:run_until_complete
[0.412s] INFO:colcon.colcon_ros.task.ament_cmake.build:Building ROS package in '/home/j/urdf_study/src/YOLOX-ROS/bbox_ex_msgs' with build type 'ament_cmake'
[0.412s] INFO:colcon.colcon_cmake.task.cmake.build:Building CMake package in '/home/j/urdf_study/src/YOLOX-ROS/bbox_ex_msgs'
[0.415s] INFO:colcon.colcon_core.plugin_system:Skipping extension 'colcon_core.shell.bat': Not used on non-Windows systems
[0.415s] INFO:colcon.colcon_core.shell:Skip shell extension 'powershell' for command environment: Not usable outside of PowerShell
[0.415s] DEBUG:colcon.colcon_core.shell:Skip shell extension 'dsv' for command environment
[0.421s] INFO:colcon.colcon_ros.task.ament_python.build:Building ROS package in '/home/j/urdf_study/src/video_test' with build type 'ament_python'
[0.421s] Level 1:colcon.colcon_core.shell:create_environment_hook('video_test', 'ament_prefix_path')
[0.423s] INFO:colcon.colcon_core.shell:Creating environment hook '/home/j/urdf_study/install/video_test/share/video_test/hook/ament_prefix_path.ps1'
[0.423s] INFO:colcon.colcon_core.shell:Creating environment descriptor '/home/j/urdf_study/install/video_test/share/video_test/hook/ament_prefix_path.dsv'
[0.423s] INFO:colcon.colcon_core.shell:Creating environment hook '/home/j/urdf_study/install/video_test/share/video_test/hook/ament_prefix_path.sh'
[0.425s] INFO:colcon.colcon_core.shell:Skip shell extension 'powershell' for command environment: Not usable outside of PowerShell
[0.425s] DEBUG:colcon.colcon_core.shell:Skip shell extension 'dsv' for command environment
[0.431s] INFO:colcon.colcon_ros.task.ament_python.build:Building ROS package in '/home/j/urdf_study/src/YOLOX-ROS/yolox_ros_py' with build type 'ament_python'
[0.431s] Level 1:colcon.colcon_core.shell:create_environment_hook('yolox_ros_py', 'ament_prefix_path')
[0.432s] INFO:colcon.colcon_core.shell:Creating environment hook '/home/j/urdf_study/install/yolox_ros_py/share/yolox_ros_py/hook/ament_prefix_path.ps1'
[0.433s] INFO:colcon.colcon_core.shell:Creating environment descriptor '/home/j/urdf_study/install/yolox_ros_py/share/yolox_ros_py/hook/ament_prefix_path.dsv'
[0.433s] INFO:colcon.colcon_core.shell:Creating environment hook '/home/j/urdf_study/install/yolox_ros_py/share/yolox_ros_py/hook/ament_prefix_path.sh'
[0.434s] INFO:colcon.colcon_core.shell:Skip shell extension 'powershell' for command environment: Not usable outside of PowerShell
[0.434s] DEBUG:colcon.colcon_core.shell:Skip shell extension 'dsv' for command environment
[0.444s] DEBUG:colcon.colcon_core.event_handler.log_command:Invoking command in '/home/j/urdf_study/build/bboxes_ex_msgs': CMAKE_PREFIX_PATH=${CMAKE_PREFIX_PATH}:/home/j/urdf_study/install/yolox_ros_py:/home/j/urdf_study/install/video_test:/home/j/ws_moveit2/install/moveit_configs_utils:/home/j/ws_moveit2/install/launch_param_builder:/opt/ros/humble /home/j/.local/bin/cmake /home/j/urdf_study/src/YOLOX-ROS/bbox_ex_msgs -DAMENT_CMAKE_SYMLINK_INSTALL=1 -DCMAKE_INSTALL_PREFIX=/home/j/urdf_study/install/bboxes_ex_msgs
[0.680s] INFO:colcon.colcon_core.task.python.build:Building Python package in '/home/j/urdf_study/src/video_test'
[0.682s] INFO:colcon.colcon_core.shell:Skip shell extension 'powershell' for command environment: Not usable outside of PowerShell
[0.682s] DEBUG:colcon.colcon_core.shell:Skip shell extension 'dsv' for command environment
[0.940s] INFO:colcon.colcon_core.task.python.build:Building Python package in '/home/j/urdf_study/src/YOLOX-ROS/yolox_ros_py'
[0.942s] INFO:colcon.colcon_core.shell:Skip shell extension 'powershell' for command environment: Not usable outside of PowerShell
[0.942s] DEBUG:colcon.colcon_core.shell:Skip shell extension 'dsv' for command environment
[1.302s] DEBUG:colcon.colcon_core.event_handler.log_command:Invoking command in '/home/j/urdf_study/build/video_test': PYTHONPATH=/home/j/urdf_study/build/video_test/prefix_override:/home/j/urdf_study/install/video_test/lib/python3.10/site-packages:${PYTHONPATH} /usr/bin/python3 setup.py develop --editable --build-directory /home/j/urdf_study/build/video_test/build --no-deps install_data
[1.304s] DEBUG:colcon.colcon_core.event_handler.log_command:Invoking command in '/home/j/urdf_study/build/yolox_ros_py': PYTHONPATH=/home/j/urdf_study/build/yolox_ros_py/prefix_override:/home/j/urdf_study/install/yolox_ros_py/lib/python3.10/site-packages:${PYTHONPATH} /usr/bin/python3 setup.py develop --editable --build-directory /home/j/urdf_study/build/yolox_ros_py/build --no-deps install_data
[1.774s] Level 1:colcon.colcon_core.shell:create_environment_hook('video_test', 'pythonpath_develop')
[1.776s] INFO:colcon.colcon_core.shell:Creating environment hook '/home/j/urdf_study/build/video_test/share/video_test/hook/pythonpath_develop.ps1'
[1.776s] DEBUG:colcon.colcon_core.event_handler.log_command:Invoked command in '/home/j/urdf_study/build/video_test' returned '0': PYTHONPATH=/home/j/urdf_study/build/video_test/prefix_override:/home/j/urdf_study/install/video_test/lib/python3.10/site-packages:${PYTHONPATH} /usr/bin/python3 setup.py develop --editable --build-directory /home/j/urdf_study/build/video_test/build --no-deps install_data
[1.776s] INFO:colcon.colcon_core.shell:Creating environment descriptor '/home/j/urdf_study/build/video_test/share/video_test/hook/pythonpath_develop.dsv'
[1.777s] INFO:colcon.colcon_core.shell:Creating environment hook '/home/j/urdf_study/build/video_test/share/video_test/hook/pythonpath_develop.sh'
[1.782s] Level 1:colcon.colcon_core.environment:checking '/home/j/urdf_study/install/video_test' for CMake module files
[1.782s] Level 1:colcon.colcon_core.environment:checking '/home/j/urdf_study/install/video_test' for CMake config files
[1.783s] Level 1:colcon.colcon_core.environment:checking '/home/j/urdf_study/install/video_test/lib'
[1.783s] Level 1:colcon.colcon_core.environment:checking '/home/j/urdf_study/install/video_test/bin'
[1.783s] Level 1:colcon.colcon_core.environment:checking '/home/j/urdf_study/install/video_test/lib/pkgconfig/video_test.pc'
[1.783s] Level 1:colcon.colcon_core.environment:checking '/home/j/urdf_study/install/video_test/lib/python3.10/site-packages'
[1.783s] Level 1:colcon.colcon_core.shell:create_environment_hook('video_test', 'pythonpath')
[1.785s] INFO:colcon.colcon_core.shell:Creating environment hook '/home/j/urdf_study/install/video_test/share/video_test/hook/pythonpath.ps1'
[1.785s] INFO:colcon.colcon_core.shell:Creating environment descriptor '/home/j/urdf_study/install/video_test/share/video_test/hook/pythonpath.dsv'
[1.786s] INFO:colcon.colcon_core.shell:Creating environment hook '/home/j/urdf_study/install/video_test/share/video_test/hook/pythonpath.sh'
[1.786s] Level 1:colcon.colcon_core.environment:checking '/home/j/urdf_study/install/video_test/bin'
[1.786s] Level 1:colcon.colcon_core.environment:create_environment_scripts_only(video_test)
[1.788s] INFO:colcon.colcon_core.shell:Creating package script '/home/j/urdf_study/install/video_test/share/video_test/package.ps1'
[1.789s] INFO:colcon.colcon_core.shell:Creating package descriptor '/home/j/urdf_study/install/video_test/share/video_test/package.dsv'
[1.789s] INFO:colcon.colcon_core.shell:Creating package script '/home/j/urdf_study/install/video_test/share/video_test/package.sh'
[1.790s] INFO:colcon.colcon_core.shell:Creating package script '/home/j/urdf_study/install/video_test/share/video_test/package.bash'
[1.790s] INFO:colcon.colcon_core.shell:Creating package script '/home/j/urdf_study/install/video_test/share/video_test/package.zsh'
[1.791s] Level 1:colcon.colcon_core.environment:create_file_with_runtime_dependencies(/home/j/urdf_study/install/video_test/share/colcon-core/packages/video_test)
[1.819s] Level 1:colcon.colcon_core.shell:create_environment_hook('yolox_ros_py', 'pythonpath_develop')
[1.820s] INFO:colcon.colcon_core.shell:Creating environment hook '/home/j/urdf_study/build/yolox_ros_py/share/yolox_ros_py/hook/pythonpath_develop.ps1'
[1.821s] DEBUG:colcon.colcon_core.event_handler.log_command:Invoked command in '/home/j/urdf_study/build/yolox_ros_py' returned '0': PYTHONPATH=/home/j/urdf_study/build/yolox_ros_py/prefix_override:/home/j/urdf_study/install/yolox_ros_py/lib/python3.10/site-packages:${PYTHONPATH} /usr/bin/python3 setup.py develop --editable --build-directory /home/j/urdf_study/build/yolox_ros_py/build --no-deps install_data
[1.821s] INFO:colcon.colcon_core.shell:Creating environment descriptor '/home/j/urdf_study/build/yolox_ros_py/share/yolox_ros_py/hook/pythonpath_develop.dsv'
[1.821s] INFO:colcon.colcon_core.shell:Creating environment hook '/home/j/urdf_study/build/yolox_ros_py/share/yolox_ros_py/hook/pythonpath_develop.sh'
[1.823s] Level 1:colcon.colcon_core.environment:checking '/home/j/urdf_study/install/yolox_ros_py' for CMake module files
[1.823s] Level 1:colcon.colcon_core.environment:checking '/home/j/urdf_study/install/yolox_ros_py' for CMake config files
[1.824s] Level 1:colcon.colcon_core.environment:checking '/home/j/urdf_study/install/yolox_ros_py/lib'
[1.824s] Level 1:colcon.colcon_core.environment:checking '/home/j/urdf_study/install/yolox_ros_py/bin'
[1.824s] Level 1:colcon.colcon_core.environment:checking '/home/j/urdf_study/install/yolox_ros_py/lib/pkgconfig/yolox_ros_py.pc'
[1.824s] Level 1:colcon.colcon_core.environment:checking '/home/j/urdf_study/install/yolox_ros_py/lib/python3.10/site-packages'
[1.824s] Level 1:colcon.colcon_core.shell:create_environment_hook('yolox_ros_py', 'pythonpath')
[1.825s] INFO:colcon.colcon_core.shell:Creating environment hook '/home/j/urdf_study/install/yolox_ros_py/share/yolox_ros_py/hook/pythonpath.ps1'
[1.825s] INFO:colcon.colcon_core.shell:Creating environment descriptor '/home/j/urdf_study/install/yolox_ros_py/share/yolox_ros_py/hook/pythonpath.dsv'
[1.825s] INFO:colcon.colcon_core.shell:Creating environment hook '/home/j/urdf_study/install/yolox_ros_py/share/yolox_ros_py/hook/pythonpath.sh'
[1.826s] Level 1:colcon.colcon_core.environment:checking '/home/j/urdf_study/install/yolox_ros_py/bin'
[1.826s] Level 1:colcon.colcon_core.environment:create_environment_scripts_only(yolox_ros_py)
[1.827s] INFO:colcon.colcon_core.shell:Creating package script '/home/j/urdf_study/install/yolox_ros_py/share/yolox_ros_py/package.ps1'
[1.827s] INFO:colcon.colcon_core.shell:Creating package descriptor '/home/j/urdf_study/install/yolox_ros_py/share/yolox_ros_py/package.dsv'
[1.828s] INFO:colcon.colcon_core.shell:Creating package script '/home/j/urdf_study/install/yolox_ros_py/share/yolox_ros_py/package.sh'
[1.828s] INFO:colcon.colcon_core.shell:Creating package script '/home/j/urdf_study/install/yolox_ros_py/share/yolox_ros_py/package.bash'
[1.829s] INFO:colcon.colcon_core.shell:Creating package script '/home/j/urdf_study/install/yolox_ros_py/share/yolox_ros_py/package.zsh'
[1.829s] Level 1:colcon.colcon_core.environment:create_file_with_runtime_dependencies(/home/j/urdf_study/install/yolox_ros_py/share/colcon-core/packages/yolox_ros_py)
[2.068s] DEBUG:colcon.colcon_core.event_handler.log_command:Invoked command in '/home/j/urdf_study/build/bboxes_ex_msgs' returned '0': CMAKE_PREFIX_PATH=${CMAKE_PREFIX_PATH}:/home/j/urdf_study/install/yolox_ros_py:/home/j/urdf_study/install/video_test:/home/j/ws_moveit2/install/moveit_configs_utils:/home/j/ws_moveit2/install/launch_param_builder:/opt/ros/humble /home/j/.local/bin/cmake /home/j/urdf_study/src/YOLOX-ROS/bbox_ex_msgs -DAMENT_CMAKE_SYMLINK_INSTALL=1 -DCMAKE_INSTALL_PREFIX=/home/j/urdf_study/install/bboxes_ex_msgs
[2.070s] DEBUG:colcon.colcon_core.event_handler.log_command:Invoking command in '/home/j/urdf_study/build/bboxes_ex_msgs': CMAKE_PREFIX_PATH=${CMAKE_PREFIX_PATH}:/home/j/urdf_study/install/yolox_ros_py:/home/j/urdf_study/install/video_test:/home/j/ws_moveit2/install/moveit_configs_utils:/home/j/ws_moveit2/install/launch_param_builder:/opt/ros/humble /home/j/.local/bin/cmake --build /home/j/urdf_study/build/bboxes_ex_msgs -- -j12 -l12
[3.812s] DEBUG:colcon.colcon_core.event_handler.log_command:Invoked command in '/home/j/urdf_study/build/bboxes_ex_msgs' returned '0': CMAKE_PREFIX_PATH=${CMAKE_PREFIX_PATH}:/home/j/urdf_study/install/yolox_ros_py:/home/j/urdf_study/install/video_test:/home/j/ws_moveit2/install/moveit_configs_utils:/home/j/ws_moveit2/install/launch_param_builder:/opt/ros/humble /home/j/.local/bin/cmake --build /home/j/urdf_study/build/bboxes_ex_msgs -- -j12 -l12
[3.992s] DEBUG:colcon.colcon_core.event_handler.log_command:Invoking command in '/home/j/urdf_study/build/bboxes_ex_msgs': CMAKE_PREFIX_PATH=${CMAKE_PREFIX_PATH}:/home/j/urdf_study/install/yolox_ros_py:/home/j/urdf_study/install/video_test:/home/j/ws_moveit2/install/moveit_configs_utils:/home/j/ws_moveit2/install/launch_param_builder:/opt/ros/humble /home/j/.local/bin/cmake --install /home/j/urdf_study/build/bboxes_ex_msgs
[4.315s] Level 1:colcon.colcon_core.environment:create_environment_scripts_only(bboxes_ex_msgs)
[4.316s] Level 1:colcon.colcon_core.environment:checking '/home/j/urdf_study/install/bboxes_ex_msgs' for CMake module files
[4.317s] DEBUG:colcon.colcon_core.event_handler.log_command:Invoked command in '/home/j/urdf_study/build/bboxes_ex_msgs' returned '0': CMAKE_PREFIX_PATH=${CMAKE_PREFIX_PATH}:/home/j/urdf_study/install/yolox_ros_py:/home/j/urdf_study/install/video_test:/home/j/ws_moveit2/install/moveit_configs_utils:/home/j/ws_moveit2/install/launch_param_builder:/opt/ros/humble /home/j/.local/bin/cmake --install /home/j/urdf_study/build/bboxes_ex_msgs
[4.317s] Level 1:colcon.colcon_core.environment:checking '/home/j/urdf_study/install/bboxes_ex_msgs' for CMake config files
[4.317s] Level 1:colcon.colcon_core.shell:create_environment_hook('bboxes_ex_msgs', 'cmake_prefix_path')
[4.318s] INFO:colcon.colcon_core.shell:Creating environment hook '/home/j/urdf_study/install/bboxes_ex_msgs/share/bboxes_ex_msgs/hook/cmake_prefix_path.ps1'
[4.318s] INFO:colcon.colcon_core.shell:Creating environment descriptor '/home/j/urdf_study/install/bboxes_ex_msgs/share/bboxes_ex_msgs/hook/cmake_prefix_path.dsv'
[4.319s] INFO:colcon.colcon_core.shell:Creating environment hook '/home/j/urdf_study/install/bboxes_ex_msgs/share/bboxes_ex_msgs/hook/cmake_prefix_path.sh'
[4.319s] Level 1:colcon.colcon_core.environment:checking '/home/j/urdf_study/install/bboxes_ex_msgs/lib'
[4.319s] Level 1:colcon.colcon_core.shell:create_environment_hook('bboxes_ex_msgs', 'ld_library_path_lib')
[4.320s] INFO:colcon.colcon_core.shell:Creating environment hook '/home/j/urdf_study/install/bboxes_ex_msgs/share/bboxes_ex_msgs/hook/ld_library_path_lib.ps1'
[4.320s] INFO:colcon.colcon_core.shell:Creating environment descriptor '/home/j/urdf_study/install/bboxes_ex_msgs/share/bboxes_ex_msgs/hook/ld_library_path_lib.dsv'
[4.320s] INFO:colcon.colcon_core.shell:Creating environment hook '/home/j/urdf_study/install/bboxes_ex_msgs/share/bboxes_ex_msgs/hook/ld_library_path_lib.sh'
[4.321s] Level 1:colcon.colcon_core.environment:checking '/home/j/urdf_study/install/bboxes_ex_msgs/bin'
[4.321s] Level 1:colcon.colcon_core.environment:checking '/home/j/urdf_study/install/bboxes_ex_msgs/lib/pkgconfig/bboxes_ex_msgs.pc'
[4.321s] Level 1:colcon.colcon_core.environment:checking '/home/j/urdf_study/install/bboxes_ex_msgs/lib/python3.10/site-packages'
[4.321s] Level 1:colcon.colcon_core.environment:checking '/home/j/urdf_study/install/bboxes_ex_msgs/bin'
[4.322s] INFO:colcon.colcon_core.shell:Creating package script '/home/j/urdf_study/install/bboxes_ex_msgs/share/bboxes_ex_msgs/package.ps1'
[4.322s] INFO:colcon.colcon_core.shell:Creating package descriptor '/home/j/urdf_study/install/bboxes_ex_msgs/share/bboxes_ex_msgs/package.dsv'
[4.323s] INFO:colcon.colcon_core.shell:Creating package script '/home/j/urdf_study/install/bboxes_ex_msgs/share/bboxes_ex_msgs/package.sh'
[4.323s] INFO:colcon.colcon_core.shell:Creating package script '/home/j/urdf_study/install/bboxes_ex_msgs/share/bboxes_ex_msgs/package.bash'
[4.323s] INFO:colcon.colcon_core.shell:Creating package script '/home/j/urdf_study/install/bboxes_ex_msgs/share/bboxes_ex_msgs/package.zsh'
[4.323s] Level 1:colcon.colcon_core.environment:create_file_with_runtime_dependencies(/home/j/urdf_study/install/bboxes_ex_msgs/share/colcon-core/packages/bboxes_ex_msgs)
[4.450s] Level 1:colcon.colcon_core.environment:create_environment_scripts_only(bboxes_ex_msgs)
[4.453s] Level 1:colcon.colcon_core.environment:checking '/home/j/urdf_study/install/bboxes_ex_msgs' for CMake module files
[4.453s] Level 1:colcon.colcon_core.environment:checking '/home/j/urdf_study/install/bboxes_ex_msgs' for CMake config files
[4.453s] Level 1:colcon.colcon_core.shell:create_environment_hook('bboxes_ex_msgs', 'cmake_prefix_path')
[4.454s] INFO:colcon.colcon_core.shell:Creating environment hook '/home/j/urdf_study/install/bboxes_ex_msgs/share/bboxes_ex_msgs/hook/cmake_prefix_path.ps1'
[4.455s] INFO:colcon.colcon_core.shell:Creating environment descriptor '/home/j/urdf_study/install/bboxes_ex_msgs/share/bboxes_ex_msgs/hook/cmake_prefix_path.dsv'
[4.455s] INFO:colcon.colcon_core.shell:Creating environment hook '/home/j/urdf_study/install/bboxes_ex_msgs/share/bboxes_ex_msgs/hook/cmake_prefix_path.sh'
[4.455s] Level 1:colcon.colcon_core.environment:checking '/home/j/urdf_study/install/bboxes_ex_msgs/lib'
[4.455s] Level 1:colcon.colcon_core.shell:create_environment_hook('bboxes_ex_msgs', 'ld_library_path_lib')
[4.456s] INFO:colcon.colcon_core.shell:Creating environment hook '/home/j/urdf_study/install/bboxes_ex_msgs/share/bboxes_ex_msgs/hook/ld_library_path_lib.ps1'
[4.457s] INFO:colcon.colcon_core.shell:Creating environment descriptor '/home/j/urdf_study/install/bboxes_ex_msgs/share/bboxes_ex_msgs/hook/ld_library_path_lib.dsv'
[4.457s] INFO:colcon.colcon_core.shell:Creating environment hook '/home/j/urdf_study/install/bboxes_ex_msgs/share/bboxes_ex_msgs/hook/ld_library_path_lib.sh'
[4.457s] Level 1:colcon.colcon_core.environment:checking '/home/j/urdf_study/install/bboxes_ex_msgs/bin'
[4.457s] Level 1:colcon.colcon_core.environment:checking '/home/j/urdf_study/install/bboxes_ex_msgs/lib/pkgconfig/bboxes_ex_msgs.pc'
[4.457s] Level 1:colcon.colcon_core.environment:checking '/home/j/urdf_study/install/bboxes_ex_msgs/lib/python3.10/site-packages'
[4.457s] Level 1:colcon.colcon_core.environment:checking '/home/j/urdf_study/install/bboxes_ex_msgs/bin'
[4.459s] INFO:colcon.colcon_core.shell:Creating package script '/home/j/urdf_study/install/bboxes_ex_msgs/share/bboxes_ex_msgs/package.ps1'
[4.459s] INFO:colcon.colcon_core.shell:Creating package descriptor '/home/j/urdf_study/install/bboxes_ex_msgs/share/bboxes_ex_msgs/package.dsv'
[4.459s] INFO:colcon.colcon_core.shell:Creating package script '/home/j/urdf_study/install/bboxes_ex_msgs/share/bboxes_ex_msgs/package.sh'
[4.460s] INFO:colcon.colcon_core.shell:Creating package script '/home/j/urdf_study/install/bboxes_ex_msgs/share/bboxes_ex_msgs/package.bash'
[4.460s] INFO:colcon.colcon_core.shell:Creating package script '/home/j/urdf_study/install/bboxes_ex_msgs/share/bboxes_ex_msgs/package.zsh'
[4.461s] Level 1:colcon.colcon_core.environment:create_file_with_runtime_dependencies(/home/j/urdf_study/install/bboxes_ex_msgs/share/colcon-core/packages/bboxes_ex_msgs)
[4.461s] DEBUG:colcon.colcon_parallel_executor.executor.parallel:closing loop
[4.461s] DEBUG:colcon.colcon_parallel_executor.executor.parallel:loop closed
[4.461s] DEBUG:colcon.colcon_parallel_executor.executor.parallel:run_until_complete finished with '0'
[4.461s] DEBUG:colcon.colcon_core.event_reactor:joining thread
[4.466s] INFO:colcon.colcon_core.plugin_system:Skipping extension 'colcon_notification.desktop_notification.terminal_notifier': Not used on non-Darwin systems
[4.466s] INFO:colcon.colcon_core.plugin_system:Skipping extension 'colcon_notification.desktop_notification.win32': Not used on non-Windows systems
[4.466s] INFO:colcon.colcon_notification.desktop_notification:Sending desktop notification using 'notify2'
[4.474s] DEBUG:colcon.colcon_core.event_reactor:joined thread
[4.476s] INFO:colcon.colcon_core.shell:Creating prefix script '/home/j/urdf_study/install/local_setup.ps1'
[4.477s] INFO:colcon.colcon_core.shell:Creating prefix util module '/home/j/urdf_study/install/_local_setup_util_ps1.py'
[4.478s] INFO:colcon.colcon_core.shell:Creating prefix chain script '/home/j/urdf_study/install/setup.ps1'
[4.481s] INFO:colcon.colcon_core.shell:Creating prefix script '/home/j/urdf_study/install/local_setup.sh'
[4.481s] INFO:colcon.colcon_core.shell:Creating prefix util module '/home/j/urdf_study/install/_local_setup_util_sh.py'
[4.481s] INFO:colcon.colcon_core.shell:Creating prefix chain script '/home/j/urdf_study/install/setup.sh'
[4.483s] INFO:colcon.colcon_core.shell:Creating prefix script '/home/j/urdf_study/install/local_setup.bash'
[4.484s] INFO:colcon.colcon_core.shell:Creating prefix chain script '/home/j/urdf_study/install/setup.bash'
[4.486s] INFO:colcon.colcon_core.shell:Creating prefix script '/home/j/urdf_study/install/local_setup.zsh'
[4.486s] INFO:colcon.colcon_core.shell:Creating prefix chain script '/home/j/urdf_study/install/setup.zsh'
