[0.037s] Invoking command in '/home/j/urdf_study/build/urdf_study': CMAKE_PREFIX_PATH=${CMAKE_PREFIX_PATH}:/home/j/urdf_study/install/yolox_ros_py:/home/j/urdf_study/install/video_test:/home/j/ws_moveit2/install/moveit_configs_utils:/home/j/ws_moveit2/install/launch_param_builder:/opt/ros/humble /home/j/.local/bin/cmake --build /home/j/urdf_study/build/urdf_study -- -j12 -l12
[0.300s] Invoked command in '/home/j/urdf_study/build/urdf_study' returned '0': CMAKE_PREFIX_PATH=${CMAKE_PREFIX_PATH}:/home/j/urdf_study/install/yolox_ros_py:/home/j/urdf_study/install/video_test:/home/j/ws_moveit2/install/moveit_configs_utils:/home/j/ws_moveit2/install/launch_param_builder:/opt/ros/humble /home/j/.local/bin/cmake --build /home/j/urdf_study/build/urdf_study -- -j12 -l12
[0.613s] Invoking command in '/home/j/urdf_study/build/urdf_study': CMAKE_PREFIX_PATH=${CMAKE_PREFIX_PATH}:/home/j/urdf_study/install/yolox_ros_py:/home/j/urdf_study/install/video_test:/home/j/ws_moveit2/install/moveit_configs_utils:/home/j/ws_moveit2/install/launch_param_builder:/opt/ros/humble /home/j/.local/bin/cmake --install /home/j/urdf_study/build/urdf_study
[0.662s] -- Install configuration: ""
[0.662s] -- Up-to-date: /home/j/urdf_study/install/urdf_study/share/urdf_study/launch
[0.663s] -- Up-to-date: /home/j/urdf_study/install/urdf_study/share/urdf_study/launch/simple_display.launch.py
[0.663s] -- Up-to-date: /home/j/urdf_study/install/urdf_study/share/urdf_study/urdf
[0.663s] -- Up-to-date: /home/j/urdf_study/install/urdf_study/share/urdf_study/urdf/myfirst.urdf
[0.663s] -- Installing: /home/j/urdf_study/install/urdf_study/share/urdf_study/urdf/pan_tilt.urdf
[0.663s] -- Up-to-date: /home/j/urdf_study/install/urdf_study/share/urdf_study/rviz
[0.663s] -- Up-to-date: /home/j/urdf_study/install/urdf_study/share/urdf_study/rviz/urdf.rviz
[0.663s] -- Up-to-date: /home/j/urdf_study/install/urdf_study/share/ament_index/resource_index/package_run_dependencies/urdf_study
[0.663s] -- Up-to-date: /home/j/urdf_study/install/urdf_study/share/ament_index/resource_index/parent_prefix_path/urdf_study
[0.663s] -- Up-to-date: /home/j/urdf_study/install/urdf_study/share/urdf_study/environment/ament_prefix_path.sh
[0.663s] -- Up-to-date: /home/j/urdf_study/install/urdf_study/share/urdf_study/environment/ament_prefix_path.dsv
[0.663s] -- Up-to-date: /home/j/urdf_study/install/urdf_study/share/urdf_study/environment/path.sh
[0.663s] -- Up-to-date: /home/j/urdf_study/install/urdf_study/share/urdf_study/environment/path.dsv
[0.663s] -- Up-to-date: /home/j/urdf_study/install/urdf_study/share/urdf_study/local_setup.bash
[0.664s] -- Up-to-date: /home/j/urdf_study/install/urdf_study/share/urdf_study/local_setup.sh
[0.664s] -- Up-to-date: /home/j/urdf_study/install/urdf_study/share/urdf_study/local_setup.zsh
[0.664s] -- Up-to-date: /home/j/urdf_study/install/urdf_study/share/urdf_study/local_setup.dsv
[0.664s] -- Installing: /home/j/urdf_study/install/urdf_study/share/urdf_study/package.dsv
[0.664s] -- Up-to-date: /home/j/urdf_study/install/urdf_study/share/ament_index/resource_index/packages/urdf_study
[0.664s] -- Up-to-date: /home/j/urdf_study/install/urdf_study/share/urdf_study/cmake/urdf_studyConfig.cmake
[0.664s] -- Up-to-date: /home/j/urdf_study/install/urdf_study/share/urdf_study/cmake/urdf_studyConfig-version.cmake
[0.664s] -- Up-to-date: /home/j/urdf_study/install/urdf_study/share/urdf_study/package.xml
[0.672s] Invoked command in '/home/j/urdf_study/build/urdf_study' returned '0': CMAKE_PREFIX_PATH=${CMAKE_PREFIX_PATH}:/home/j/urdf_study/install/yolox_ros_py:/home/j/urdf_study/install/video_test:/home/j/ws_moveit2/install/moveit_configs_utils:/home/j/ws_moveit2/install/launch_param_builder:/opt/ros/humble /home/j/.local/bin/cmake --install /home/j/urdf_study/build/urdf_study
