[0.298s] DEBUG:colcon:Command line arguments: ['/usr/bin/colcon', 'build']
[0.299s] DEBUG:colcon:Parsed command line arguments: Namespace(log_base=None, log_level=None, verb_name='build', build_base='build', install_base='install', merge_install=False, symlink_install=False, test_result_base=None, continue_on_error=False, executor='parallel', parallel_workers=12, event_handlers=None, ignore_user_meta=False, metas=['./colcon.meta'], base_paths=['.'], packages_ignore=None, packages_ignore_regex=None, paths=None, packages_up_to=None, packages_up_to_regex=None, packages_above=None, packages_above_and_dependencies=None, packages_above_depth=None, packages_select_by_dep=None, packages_skip_by_dep=None, packages_skip_up_to=None, packages_select_build_failed=False, packages_skip_build_finished=False, packages_select_test_failures=False, packages_skip_test_passed=False, packages_select=None, packages_skip=None, packages_select_regex=None, packages_skip_regex=None, packages_start=None, packages_end=None, allow_overriding=[], cmake_args=None, cmake_target=None, cmake_target_skip_unavailable=False, cmake_clean_cache=False, cmake_clean_first=False, cmake_force_configure=False, ament_cmake_args=None, catkin_cmake_args=None, catkin_skip_building_tests=False, mixin_files=None, mixin=None, verb_parser=<colcon_mixin.mixin.mixin_argument.MixinArgumentDecorator object at 0x7ff7f3d7c0d0>, verb_extension=<colcon_core.verb.build.BuildVerb object at 0x7ff7f3e92a10>, main=<bound method BuildVerb.main of <colcon_core.verb.build.BuildVerb object at 0x7ff7f3e92a10>>, mixin_verb=('build',))
[0.316s] Level 1:colcon.colcon_core.package_discovery:discover_packages(colcon_meta) check parameters
[0.316s] Level 1:colcon.colcon_core.package_discovery:discover_packages(recursive) check parameters
[0.316s] Level 1:colcon.colcon_core.package_discovery:discover_packages(ignore) check parameters
[0.316s] Level 1:colcon.colcon_core.package_discovery:discover_packages(path) check parameters
[0.317s] Level 1:colcon.colcon_core.package_discovery:discover_packages(colcon_meta) discover
[0.317s] Level 1:colcon.colcon_core.package_discovery:discover_packages(recursive) discover
[0.317s] INFO:colcon.colcon_core.package_discovery:Crawling recursively for packages in '/home/j/urdf_study'
[0.317s] Level 1:colcon.colcon_core.package_identification:_identify(.) by extensions ['ignore', 'ignore_ament_install']
[0.317s] Level 1:colcon.colcon_core.package_identification:_identify(.) by extension 'ignore'
[0.317s] Level 1:colcon.colcon_core.package_identification:_identify(.) by extension 'ignore_ament_install'
[0.317s] Level 1:colcon.colcon_core.package_identification:_identify(.) by extensions ['colcon_pkg']
[0.317s] Level 1:colcon.colcon_core.package_identification:_identify(.) by extension 'colcon_pkg'
[0.317s] Level 1:colcon.colcon_core.package_identification:_identify(.) by extensions ['colcon_meta']
[0.317s] Level 1:colcon.colcon_core.package_identification:_identify(.) by extension 'colcon_meta'
[0.317s] Level 1:colcon.colcon_core.package_identification:_identify(.) by extensions ['ros']
[0.317s] Level 1:colcon.colcon_core.package_identification:_identify(.) by extension 'ros'
[0.325s] Level 1:colcon.colcon_core.package_identification:_identify(.) by extensions ['cmake', 'python']
[0.325s] Level 1:colcon.colcon_core.package_identification:_identify(.) by extension 'cmake'
[0.325s] Level 1:colcon.colcon_core.package_identification:_identify(.) by extension 'python'
[0.325s] Level 1:colcon.colcon_core.package_identification:_identify(.) by extensions ['python_setup_py']
[0.325s] Level 1:colcon.colcon_core.package_identification:_identify(.) by extension 'python_setup_py'
[0.325s] Level 1:colcon.colcon_core.package_identification:_identify(build) by extensions ['ignore', 'ignore_ament_install']
[0.325s] Level 1:colcon.colcon_core.package_identification:_identify(build) by extension 'ignore'
[0.325s] Level 1:colcon.colcon_core.package_identification:_identify(build) ignored
[0.325s] Level 1:colcon.colcon_core.package_identification:_identify(install) by extensions ['ignore', 'ignore_ament_install']
[0.325s] Level 1:colcon.colcon_core.package_identification:_identify(install) by extension 'ignore'
[0.326s] Level 1:colcon.colcon_core.package_identification:_identify(install) ignored
[0.326s] Level 1:colcon.colcon_core.package_identification:_identify(log) by extensions ['ignore', 'ignore_ament_install']
[0.326s] Level 1:colcon.colcon_core.package_identification:_identify(log) by extension 'ignore'
[0.326s] Level 1:colcon.colcon_core.package_identification:_identify(log) ignored
[0.326s] Level 1:colcon.colcon_core.package_identification:_identify(src) by extensions ['ignore', 'ignore_ament_install']
[0.326s] Level 1:colcon.colcon_core.package_identification:_identify(src) by extension 'ignore'
[0.326s] Level 1:colcon.colcon_core.package_identification:_identify(src) by extension 'ignore_ament_install'
[0.326s] Level 1:colcon.colcon_core.package_identification:_identify(src) by extensions ['colcon_pkg']
[0.326s] Level 1:colcon.colcon_core.package_identification:_identify(src) by extension 'colcon_pkg'
[0.326s] Level 1:colcon.colcon_core.package_identification:_identify(src) by extensions ['colcon_meta']
[0.326s] Level 1:colcon.colcon_core.package_identification:_identify(src) by extension 'colcon_meta'
[0.326s] Level 1:colcon.colcon_core.package_identification:_identify(src) by extensions ['ros']
[0.326s] Level 1:colcon.colcon_core.package_identification:_identify(src) by extension 'ros'
[0.326s] Level 1:colcon.colcon_core.package_identification:_identify(src) by extensions ['cmake', 'python']
[0.326s] Level 1:colcon.colcon_core.package_identification:_identify(src) by extension 'cmake'
[0.326s] Level 1:colcon.colcon_core.package_identification:_identify(src) by extension 'python'
[0.326s] Level 1:colcon.colcon_core.package_identification:_identify(src) by extensions ['python_setup_py']
[0.326s] Level 1:colcon.colcon_core.package_identification:_identify(src) by extension 'python_setup_py'
[0.326s] Level 1:colcon.colcon_core.package_identification:_identify(src/YOLOX-ROS) by extensions ['ignore', 'ignore_ament_install']
[0.326s] Level 1:colcon.colcon_core.package_identification:_identify(src/YOLOX-ROS) by extension 'ignore'
[0.326s] Level 1:colcon.colcon_core.package_identification:_identify(src/YOLOX-ROS) by extension 'ignore_ament_install'
[0.326s] Level 1:colcon.colcon_core.package_identification:_identify(src/YOLOX-ROS) by extensions ['colcon_pkg']
[0.326s] Level 1:colcon.colcon_core.package_identification:_identify(src/YOLOX-ROS) by extension 'colcon_pkg'
[0.326s] Level 1:colcon.colcon_core.package_identification:_identify(src/YOLOX-ROS) by extensions ['colcon_meta']
[0.327s] Level 1:colcon.colcon_core.package_identification:_identify(src/YOLOX-ROS) by extension 'colcon_meta'
[0.327s] Level 1:colcon.colcon_core.package_identification:_identify(src/YOLOX-ROS) by extensions ['ros']
[0.327s] Level 1:colcon.colcon_core.package_identification:_identify(src/YOLOX-ROS) by extension 'ros'
[0.327s] Level 1:colcon.colcon_core.package_identification:_identify(src/YOLOX-ROS) by extensions ['cmake', 'python']
[0.327s] Level 1:colcon.colcon_core.package_identification:_identify(src/YOLOX-ROS) by extension 'cmake'
[0.327s] Level 1:colcon.colcon_core.package_identification:_identify(src/YOLOX-ROS) by extension 'python'
[0.327s] Level 1:colcon.colcon_core.package_identification:_identify(src/YOLOX-ROS) by extensions ['python_setup_py']
[0.327s] Level 1:colcon.colcon_core.package_identification:_identify(src/YOLOX-ROS) by extension 'python_setup_py'
[0.327s] Level 1:colcon.colcon_core.package_identification:_identify(src/YOLOX-ROS/bbox_ex_msgs) by extensions ['ignore', 'ignore_ament_install']
[0.327s] Level 1:colcon.colcon_core.package_identification:_identify(src/YOLOX-ROS/bbox_ex_msgs) by extension 'ignore'
[0.327s] Level 1:colcon.colcon_core.package_identification:_identify(src/YOLOX-ROS/bbox_ex_msgs) by extension 'ignore_ament_install'
[0.327s] Level 1:colcon.colcon_core.package_identification:_identify(src/YOLOX-ROS/bbox_ex_msgs) by extensions ['colcon_pkg']
[0.327s] Level 1:colcon.colcon_core.package_identification:_identify(src/YOLOX-ROS/bbox_ex_msgs) by extension 'colcon_pkg'
[0.327s] Level 1:colcon.colcon_core.package_identification:_identify(src/YOLOX-ROS/bbox_ex_msgs) by extensions ['colcon_meta']
[0.327s] Level 1:colcon.colcon_core.package_identification:_identify(src/YOLOX-ROS/bbox_ex_msgs) by extension 'colcon_meta'
[0.327s] Level 1:colcon.colcon_core.package_identification:_identify(src/YOLOX-ROS/bbox_ex_msgs) by extensions ['ros']
[0.327s] Level 1:colcon.colcon_core.package_identification:_identify(src/YOLOX-ROS/bbox_ex_msgs) by extension 'ros'
[0.329s] DEBUG:colcon.colcon_core.package_identification:Package 'src/YOLOX-ROS/bbox_ex_msgs' with type 'ros.ament_cmake' and name 'bboxes_ex_msgs'
[0.329s] Level 1:colcon.colcon_core.package_identification:_identify(src/YOLOX-ROS/images_for_readme) by extensions ['ignore', 'ignore_ament_install']
[0.329s] Level 1:colcon.colcon_core.package_identification:_identify(src/YOLOX-ROS/images_for_readme) by extension 'ignore'
[0.329s] Level 1:colcon.colcon_core.package_identification:_identify(src/YOLOX-ROS/images_for_readme) by extension 'ignore_ament_install'
[0.329s] Level 1:colcon.colcon_core.package_identification:_identify(src/YOLOX-ROS/images_for_readme) by extensions ['colcon_pkg']
[0.329s] Level 1:colcon.colcon_core.package_identification:_identify(src/YOLOX-ROS/images_for_readme) by extension 'colcon_pkg'
[0.329s] Level 1:colcon.colcon_core.package_identification:_identify(src/YOLOX-ROS/images_for_readme) by extensions ['colcon_meta']
[0.329s] Level 1:colcon.colcon_core.package_identification:_identify(src/YOLOX-ROS/images_for_readme) by extension 'colcon_meta'
[0.329s] Level 1:colcon.colcon_core.package_identification:_identify(src/YOLOX-ROS/images_for_readme) by extensions ['ros']
[0.329s] Level 1:colcon.colcon_core.package_identification:_identify(src/YOLOX-ROS/images_for_readme) by extension 'ros'
[0.329s] Level 1:colcon.colcon_core.package_identification:_identify(src/YOLOX-ROS/images_for_readme) by extensions ['cmake', 'python']
[0.329s] Level 1:colcon.colcon_core.package_identification:_identify(src/YOLOX-ROS/images_for_readme) by extension 'cmake'
[0.329s] Level 1:colcon.colcon_core.package_identification:_identify(src/YOLOX-ROS/images_for_readme) by extension 'python'
[0.329s] Level 1:colcon.colcon_core.package_identification:_identify(src/YOLOX-ROS/images_for_readme) by extensions ['python_setup_py']
[0.329s] Level 1:colcon.colcon_core.package_identification:_identify(src/YOLOX-ROS/images_for_readme) by extension 'python_setup_py'
[0.330s] Level 1:colcon.colcon_core.package_identification:_identify(src/YOLOX-ROS/weights) by extensions ['ignore', 'ignore_ament_install']
[0.330s] Level 1:colcon.colcon_core.package_identification:_identify(src/YOLOX-ROS/weights) by extension 'ignore'
[0.330s] Level 1:colcon.colcon_core.package_identification:_identify(src/YOLOX-ROS/weights) by extension 'ignore_ament_install'
[0.330s] Level 1:colcon.colcon_core.package_identification:_identify(src/YOLOX-ROS/weights) by extensions ['colcon_pkg']
[0.330s] Level 1:colcon.colcon_core.package_identification:_identify(src/YOLOX-ROS/weights) by extension 'colcon_pkg'
[0.330s] Level 1:colcon.colcon_core.package_identification:_identify(src/YOLOX-ROS/weights) by extensions ['colcon_meta']
[0.330s] Level 1:colcon.colcon_core.package_identification:_identify(src/YOLOX-ROS/weights) by extension 'colcon_meta'
[0.330s] Level 1:colcon.colcon_core.package_identification:_identify(src/YOLOX-ROS/weights) by extensions ['ros']
[0.330s] Level 1:colcon.colcon_core.package_identification:_identify(src/YOLOX-ROS/weights) by extension 'ros'
[0.330s] Level 1:colcon.colcon_core.package_identification:_identify(src/YOLOX-ROS/weights) by extensions ['cmake', 'python']
[0.330s] Level 1:colcon.colcon_core.package_identification:_identify(src/YOLOX-ROS/weights) by extension 'cmake'
[0.330s] Level 1:colcon.colcon_core.package_identification:_identify(src/YOLOX-ROS/weights) by extension 'python'
[0.330s] Level 1:colcon.colcon_core.package_identification:_identify(src/YOLOX-ROS/weights) by extensions ['python_setup_py']
[0.330s] Level 1:colcon.colcon_core.package_identification:_identify(src/YOLOX-ROS/weights) by extension 'python_setup_py'
[0.330s] Level 1:colcon.colcon_core.package_identification:_identify(src/YOLOX-ROS/weights/onnx) by extensions ['ignore', 'ignore_ament_install']
[0.330s] Level 1:colcon.colcon_core.package_identification:_identify(src/YOLOX-ROS/weights/onnx) by extension 'ignore'
[0.330s] Level 1:colcon.colcon_core.package_identification:_identify(src/YOLOX-ROS/weights/onnx) by extension 'ignore_ament_install'
[0.330s] Level 1:colcon.colcon_core.package_identification:_identify(src/YOLOX-ROS/weights/onnx) by extensions ['colcon_pkg']
[0.330s] Level 1:colcon.colcon_core.package_identification:_identify(src/YOLOX-ROS/weights/onnx) by extension 'colcon_pkg'
[0.330s] Level 1:colcon.colcon_core.package_identification:_identify(src/YOLOX-ROS/weights/onnx) by extensions ['colcon_meta']
[0.330s] Level 1:colcon.colcon_core.package_identification:_identify(src/YOLOX-ROS/weights/onnx) by extension 'colcon_meta'
[0.330s] Level 1:colcon.colcon_core.package_identification:_identify(src/YOLOX-ROS/weights/onnx) by extensions ['ros']
[0.330s] Level 1:colcon.colcon_core.package_identification:_identify(src/YOLOX-ROS/weights/onnx) by extension 'ros'
[0.330s] Level 1:colcon.colcon_core.package_identification:_identify(src/YOLOX-ROS/weights/onnx) by extensions ['cmake', 'python']
[0.330s] Level 1:colcon.colcon_core.package_identification:_identify(src/YOLOX-ROS/weights/onnx) by extension 'cmake'
[0.331s] Level 1:colcon.colcon_core.package_identification:_identify(src/YOLOX-ROS/weights/onnx) by extension 'python'
[0.331s] Level 1:colcon.colcon_core.package_identification:_identify(src/YOLOX-ROS/weights/onnx) by extensions ['python_setup_py']
[0.331s] Level 1:colcon.colcon_core.package_identification:_identify(src/YOLOX-ROS/weights/onnx) by extension 'python_setup_py'
[0.331s] Level 1:colcon.colcon_core.package_identification:_identify(src/YOLOX-ROS/weights/openvino) by extensions ['ignore', 'ignore_ament_install']
[0.331s] Level 1:colcon.colcon_core.package_identification:_identify(src/YOLOX-ROS/weights/openvino) by extension 'ignore'
[0.331s] Level 1:colcon.colcon_core.package_identification:_identify(src/YOLOX-ROS/weights/openvino) by extension 'ignore_ament_install'
[0.331s] Level 1:colcon.colcon_core.package_identification:_identify(src/YOLOX-ROS/weights/openvino) by extensions ['colcon_pkg']
[0.331s] Level 1:colcon.colcon_core.package_identification:_identify(src/YOLOX-ROS/weights/openvino) by extension 'colcon_pkg'
[0.331s] Level 1:colcon.colcon_core.package_identification:_identify(src/YOLOX-ROS/weights/openvino) by extensions ['colcon_meta']
[0.331s] Level 1:colcon.colcon_core.package_identification:_identify(src/YOLOX-ROS/weights/openvino) by extension 'colcon_meta'
[0.331s] Level 1:colcon.colcon_core.package_identification:_identify(src/YOLOX-ROS/weights/openvino) by extensions ['ros']
[0.331s] Level 1:colcon.colcon_core.package_identification:_identify(src/YOLOX-ROS/weights/openvino) by extension 'ros'
[0.331s] Level 1:colcon.colcon_core.package_identification:_identify(src/YOLOX-ROS/weights/openvino) by extensions ['cmake', 'python']
[0.331s] Level 1:colcon.colcon_core.package_identification:_identify(src/YOLOX-ROS/weights/openvino) by extension 'cmake'
[0.331s] Level 1:colcon.colcon_core.package_identification:_identify(src/YOLOX-ROS/weights/openvino) by extension 'python'
[0.331s] Level 1:colcon.colcon_core.package_identification:_identify(src/YOLOX-ROS/weights/openvino) by extensions ['python_setup_py']
[0.331s] Level 1:colcon.colcon_core.package_identification:_identify(src/YOLOX-ROS/weights/openvino) by extension 'python_setup_py'
[0.331s] Level 1:colcon.colcon_core.package_identification:_identify(src/YOLOX-ROS/weights/tensorrt) by extensions ['ignore', 'ignore_ament_install']
[0.331s] Level 1:colcon.colcon_core.package_identification:_identify(src/YOLOX-ROS/weights/tensorrt) by extension 'ignore'
[0.331s] Level 1:colcon.colcon_core.package_identification:_identify(src/YOLOX-ROS/weights/tensorrt) by extension 'ignore_ament_install'
[0.331s] Level 1:colcon.colcon_core.package_identification:_identify(src/YOLOX-ROS/weights/tensorrt) by extensions ['colcon_pkg']
[0.331s] Level 1:colcon.colcon_core.package_identification:_identify(src/YOLOX-ROS/weights/tensorrt) by extension 'colcon_pkg'
[0.331s] Level 1:colcon.colcon_core.package_identification:_identify(src/YOLOX-ROS/weights/tensorrt) by extensions ['colcon_meta']
[0.331s] Level 1:colcon.colcon_core.package_identification:_identify(src/YOLOX-ROS/weights/tensorrt) by extension 'colcon_meta'
[0.332s] Level 1:colcon.colcon_core.package_identification:_identify(src/YOLOX-ROS/weights/tensorrt) by extensions ['ros']
[0.332s] Level 1:colcon.colcon_core.package_identification:_identify(src/YOLOX-ROS/weights/tensorrt) by extension 'ros'
[0.332s] Level 1:colcon.colcon_core.package_identification:_identify(src/YOLOX-ROS/weights/tensorrt) by extensions ['cmake', 'python']
[0.332s] Level 1:colcon.colcon_core.package_identification:_identify(src/YOLOX-ROS/weights/tensorrt) by extension 'cmake'
[0.332s] Level 1:colcon.colcon_core.package_identification:_identify(src/YOLOX-ROS/weights/tensorrt) by extension 'python'
[0.332s] Level 1:colcon.colcon_core.package_identification:_identify(src/YOLOX-ROS/weights/tensorrt) by extensions ['python_setup_py']
[0.332s] Level 1:colcon.colcon_core.package_identification:_identify(src/YOLOX-ROS/weights/tensorrt) by extension 'python_setup_py'
[0.332s] Level 1:colcon.colcon_core.package_identification:_identify(src/YOLOX-ROS/weights/tflite) by extensions ['ignore', 'ignore_ament_install']
[0.332s] Level 1:colcon.colcon_core.package_identification:_identify(src/YOLOX-ROS/weights/tflite) by extension 'ignore'
[0.332s] Level 1:colcon.colcon_core.package_identification:_identify(src/YOLOX-ROS/weights/tflite) by extension 'ignore_ament_install'
[0.332s] Level 1:colcon.colcon_core.package_identification:_identify(src/YOLOX-ROS/weights/tflite) by extensions ['colcon_pkg']
[0.332s] Level 1:colcon.colcon_core.package_identification:_identify(src/YOLOX-ROS/weights/tflite) by extension 'colcon_pkg'
[0.332s] Level 1:colcon.colcon_core.package_identification:_identify(src/YOLOX-ROS/weights/tflite) by extensions ['colcon_meta']
[0.332s] Level 1:colcon.colcon_core.package_identification:_identify(src/YOLOX-ROS/weights/tflite) by extension 'colcon_meta'
[0.332s] Level 1:colcon.colcon_core.package_identification:_identify(src/YOLOX-ROS/weights/tflite) by extensions ['ros']
[0.332s] Level 1:colcon.colcon_core.package_identification:_identify(src/YOLOX-ROS/weights/tflite) by extension 'ros'
[0.332s] Level 1:colcon.colcon_core.package_identification:_identify(src/YOLOX-ROS/weights/tflite) by extensions ['cmake', 'python']
[0.332s] Level 1:colcon.colcon_core.package_identification:_identify(src/YOLOX-ROS/weights/tflite) by extension 'cmake'
[0.332s] Level 1:colcon.colcon_core.package_identification:_identify(src/YOLOX-ROS/weights/tflite) by extension 'python'
[0.332s] Level 1:colcon.colcon_core.package_identification:_identify(src/YOLOX-ROS/weights/tflite) by extensions ['python_setup_py']
[0.332s] Level 1:colcon.colcon_core.package_identification:_identify(src/YOLOX-ROS/weights/tflite) by extension 'python_setup_py'
[0.333s] Level 1:colcon.colcon_core.package_identification:_identify(src/YOLOX-ROS/yolox_ros_py) by extensions ['ignore', 'ignore_ament_install']
[0.333s] Level 1:colcon.colcon_core.package_identification:_identify(src/YOLOX-ROS/yolox_ros_py) by extension 'ignore'
[0.333s] Level 1:colcon.colcon_core.package_identification:_identify(src/YOLOX-ROS/yolox_ros_py) by extension 'ignore_ament_install'
[0.333s] Level 1:colcon.colcon_core.package_identification:_identify(src/YOLOX-ROS/yolox_ros_py) by extensions ['colcon_pkg']
[0.333s] Level 1:colcon.colcon_core.package_identification:_identify(src/YOLOX-ROS/yolox_ros_py) by extension 'colcon_pkg'
[0.333s] Level 1:colcon.colcon_core.package_identification:_identify(src/YOLOX-ROS/yolox_ros_py) by extensions ['colcon_meta']
[0.333s] Level 1:colcon.colcon_core.package_identification:_identify(src/YOLOX-ROS/yolox_ros_py) by extension 'colcon_meta'
[0.333s] Level 1:colcon.colcon_core.package_identification:_identify(src/YOLOX-ROS/yolox_ros_py) by extensions ['ros']
[0.333s] Level 1:colcon.colcon_core.package_identification:_identify(src/YOLOX-ROS/yolox_ros_py) by extension 'ros'
[0.333s] DEBUG:colcon.colcon_core.package_identification:Package 'src/YOLOX-ROS/yolox_ros_py' with type 'ros.ament_python' and name 'yolox_ros_py'
[0.333s] Level 1:colcon.colcon_core.package_identification:_identify(src/urdf_study) by extensions ['ignore', 'ignore_ament_install']
[0.333s] Level 1:colcon.colcon_core.package_identification:_identify(src/urdf_study) by extension 'ignore'
[0.334s] Level 1:colcon.colcon_core.package_identification:_identify(src/urdf_study) by extension 'ignore_ament_install'
[0.334s] Level 1:colcon.colcon_core.package_identification:_identify(src/urdf_study) by extensions ['colcon_pkg']
[0.334s] Level 1:colcon.colcon_core.package_identification:_identify(src/urdf_study) by extension 'colcon_pkg'
[0.334s] Level 1:colcon.colcon_core.package_identification:_identify(src/urdf_study) by extensions ['colcon_meta']
[0.334s] Level 1:colcon.colcon_core.package_identification:_identify(src/urdf_study) by extension 'colcon_meta'
[0.334s] Level 1:colcon.colcon_core.package_identification:_identify(src/urdf_study) by extensions ['ros']
[0.334s] Level 1:colcon.colcon_core.package_identification:_identify(src/urdf_study) by extension 'ros'
[0.334s] DEBUG:colcon.colcon_core.package_identification:Package 'src/urdf_study' with type 'ros.ament_cmake' and name 'urdf_study'
[0.334s] Level 1:colcon.colcon_core.package_identification:_identify(src/video_test) by extensions ['ignore', 'ignore_ament_install']
[0.334s] Level 1:colcon.colcon_core.package_identification:_identify(src/video_test) by extension 'ignore'
[0.334s] Level 1:colcon.colcon_core.package_identification:_identify(src/video_test) by extension 'ignore_ament_install'
[0.334s] Level 1:colcon.colcon_core.package_identification:_identify(src/video_test) by extensions ['colcon_pkg']
[0.334s] Level 1:colcon.colcon_core.package_identification:_identify(src/video_test) by extension 'colcon_pkg'
[0.334s] Level 1:colcon.colcon_core.package_identification:_identify(src/video_test) by extensions ['colcon_meta']
[0.335s] Level 1:colcon.colcon_core.package_identification:_identify(src/video_test) by extension 'colcon_meta'
[0.335s] Level 1:colcon.colcon_core.package_identification:_identify(src/video_test) by extensions ['ros']
[0.335s] Level 1:colcon.colcon_core.package_identification:_identify(src/video_test) by extension 'ros'
[0.335s] DEBUG:colcon.colcon_core.package_identification:Package 'src/video_test' with type 'ros.ament_python' and name 'video_test'
[0.335s] Level 1:colcon.colcon_core.package_discovery:discover_packages(recursive) using defaults
[0.335s] Level 1:colcon.colcon_core.package_discovery:discover_packages(ignore) discover
[0.335s] Level 1:colcon.colcon_core.package_discovery:discover_packages(ignore) using defaults
[0.335s] Level 1:colcon.colcon_core.package_discovery:discover_packages(path) discover
[0.335s] Level 1:colcon.colcon_core.package_discovery:discover_packages(path) using defaults
[0.352s] Level 1:colcon.colcon_core.package_discovery:discover_packages(prefix_path) check parameters
[0.352s] Level 1:colcon.colcon_core.package_discovery:discover_packages(prefix_path) discover
[0.355s] DEBUG:colcon.colcon_installed_package_information.package_discovery:Found 4 installed packages in /home/j/urdf_study/install
[0.357s] DEBUG:colcon.colcon_installed_package_information.package_discovery:Found 55 installed packages in /home/j/ws_moveit2/install
[0.358s] DEBUG:colcon.colcon_installed_package_information.package_discovery:Found 321 installed packages in /opt/ros/humble
[0.360s] Level 1:colcon.colcon_core.package_discovery:discover_packages(prefix_path) using defaults
[0.412s] Level 5:colcon.colcon_core.verb:set package 'bboxes_ex_msgs' build argument 'cmake_args' from command line to 'None'
[0.412s] Level 5:colcon.colcon_core.verb:set package 'bboxes_ex_msgs' build argument 'cmake_target' from command line to 'None'
[0.412s] Level 5:colcon.colcon_core.verb:set package 'bboxes_ex_msgs' build argument 'cmake_target_skip_unavailable' from command line to 'False'
[0.412s] Level 5:colcon.colcon_core.verb:set package 'bboxes_ex_msgs' build argument 'cmake_clean_cache' from command line to 'False'
[0.412s] Level 5:colcon.colcon_core.verb:set package 'bboxes_ex_msgs' build argument 'cmake_clean_first' from command line to 'False'
[0.412s] Level 5:colcon.colcon_core.verb:set package 'bboxes_ex_msgs' build argument 'cmake_force_configure' from command line to 'False'
[0.412s] Level 5:colcon.colcon_core.verb:set package 'bboxes_ex_msgs' build argument 'ament_cmake_args' from command line to 'None'
[0.412s] Level 5:colcon.colcon_core.verb:set package 'bboxes_ex_msgs' build argument 'catkin_cmake_args' from command line to 'None'
[0.412s] Level 5:colcon.colcon_core.verb:set package 'bboxes_ex_msgs' build argument 'catkin_skip_building_tests' from command line to 'False'
[0.412s] DEBUG:colcon.colcon_core.verb:Building package 'bboxes_ex_msgs' with the following arguments: {'ament_cmake_args': None, 'build_base': '/home/j/urdf_study/build/bboxes_ex_msgs', 'catkin_cmake_args': None, 'catkin_skip_building_tests': False, 'cmake_args': None, 'cmake_clean_cache': False, 'cmake_clean_first': False, 'cmake_force_configure': False, 'cmake_target': None, 'cmake_target_skip_unavailable': False, 'install_base': '/home/j/urdf_study/install/bboxes_ex_msgs', 'merge_install': False, 'path': '/home/j/urdf_study/src/YOLOX-ROS/bbox_ex_msgs', 'symlink_install': False, 'test_result_base': None}
[0.413s] Level 5:colcon.colcon_core.verb:set package 'urdf_study' build argument 'cmake_args' from command line to 'None'
[0.413s] Level 5:colcon.colcon_core.verb:set package 'urdf_study' build argument 'cmake_target' from command line to 'None'
[0.413s] Level 5:colcon.colcon_core.verb:set package 'urdf_study' build argument 'cmake_target_skip_unavailable' from command line to 'False'
[0.413s] Level 5:colcon.colcon_core.verb:set package 'urdf_study' build argument 'cmake_clean_cache' from command line to 'False'
[0.413s] Level 5:colcon.colcon_core.verb:set package 'urdf_study' build argument 'cmake_clean_first' from command line to 'False'
[0.413s] Level 5:colcon.colcon_core.verb:set package 'urdf_study' build argument 'cmake_force_configure' from command line to 'False'
[0.413s] Level 5:colcon.colcon_core.verb:set package 'urdf_study' build argument 'ament_cmake_args' from command line to 'None'
[0.413s] Level 5:colcon.colcon_core.verb:set package 'urdf_study' build argument 'catkin_cmake_args' from command line to 'None'
[0.413s] Level 5:colcon.colcon_core.verb:set package 'urdf_study' build argument 'catkin_skip_building_tests' from command line to 'False'
[0.413s] DEBUG:colcon.colcon_core.verb:Building package 'urdf_study' with the following arguments: {'ament_cmake_args': None, 'build_base': '/home/j/urdf_study/build/urdf_study', 'catkin_cmake_args': None, 'catkin_skip_building_tests': False, 'cmake_args': None, 'cmake_clean_cache': False, 'cmake_clean_first': False, 'cmake_force_configure': False, 'cmake_target': None, 'cmake_target_skip_unavailable': False, 'install_base': '/home/j/urdf_study/install/urdf_study', 'merge_install': False, 'path': '/home/j/urdf_study/src/urdf_study', 'symlink_install': False, 'test_result_base': None}
[0.414s] Level 5:colcon.colcon_core.verb:set package 'video_test' build argument 'cmake_args' from command line to 'None'
[0.414s] Level 5:colcon.colcon_core.verb:set package 'video_test' build argument 'cmake_target' from command line to 'None'
[0.414s] Level 5:colcon.colcon_core.verb:set package 'video_test' build argument 'cmake_target_skip_unavailable' from command line to 'False'
[0.414s] Level 5:colcon.colcon_core.verb:set package 'video_test' build argument 'cmake_clean_cache' from command line to 'False'
[0.414s] Level 5:colcon.colcon_core.verb:set package 'video_test' build argument 'cmake_clean_first' from command line to 'False'
[0.414s] Level 5:colcon.colcon_core.verb:set package 'video_test' build argument 'cmake_force_configure' from command line to 'False'
[0.414s] Level 5:colcon.colcon_core.verb:set package 'video_test' build argument 'ament_cmake_args' from command line to 'None'
[0.414s] Level 5:colcon.colcon_core.verb:set package 'video_test' build argument 'catkin_cmake_args' from command line to 'None'
[0.414s] Level 5:colcon.colcon_core.verb:set package 'video_test' build argument 'catkin_skip_building_tests' from command line to 'False'
[0.414s] DEBUG:colcon.colcon_core.verb:Building package 'video_test' with the following arguments: {'ament_cmake_args': None, 'build_base': '/home/j/urdf_study/build/video_test', 'catkin_cmake_args': None, 'catkin_skip_building_tests': False, 'cmake_args': None, 'cmake_clean_cache': False, 'cmake_clean_first': False, 'cmake_force_configure': False, 'cmake_target': None, 'cmake_target_skip_unavailable': False, 'install_base': '/home/j/urdf_study/install/video_test', 'merge_install': False, 'path': '/home/j/urdf_study/src/video_test', 'symlink_install': False, 'test_result_base': None}
[0.415s] Level 5:colcon.colcon_core.verb:set package 'yolox_ros_py' build argument 'cmake_args' from command line to 'None'
[0.415s] Level 5:colcon.colcon_core.verb:set package 'yolox_ros_py' build argument 'cmake_target' from command line to 'None'
[0.415s] Level 5:colcon.colcon_core.verb:set package 'yolox_ros_py' build argument 'cmake_target_skip_unavailable' from command line to 'False'
[0.415s] Level 5:colcon.colcon_core.verb:set package 'yolox_ros_py' build argument 'cmake_clean_cache' from command line to 'False'
[0.415s] Level 5:colcon.colcon_core.verb:set package 'yolox_ros_py' build argument 'cmake_clean_first' from command line to 'False'
[0.415s] Level 5:colcon.colcon_core.verb:set package 'yolox_ros_py' build argument 'cmake_force_configure' from command line to 'False'
[0.415s] Level 5:colcon.colcon_core.verb:set package 'yolox_ros_py' build argument 'ament_cmake_args' from command line to 'None'
[0.415s] Level 5:colcon.colcon_core.verb:set package 'yolox_ros_py' build argument 'catkin_cmake_args' from command line to 'None'
[0.415s] Level 5:colcon.colcon_core.verb:set package 'yolox_ros_py' build argument 'catkin_skip_building_tests' from command line to 'False'
[0.415s] DEBUG:colcon.colcon_core.verb:Building package 'yolox_ros_py' with the following arguments: {'ament_cmake_args': None, 'build_base': '/home/j/urdf_study/build/yolox_ros_py', 'catkin_cmake_args': None, 'catkin_skip_building_tests': False, 'cmake_args': None, 'cmake_clean_cache': False, 'cmake_clean_first': False, 'cmake_force_configure': False, 'cmake_target': None, 'cmake_target_skip_unavailable': False, 'install_base': '/home/j/urdf_study/install/yolox_ros_py', 'merge_install': False, 'path': '/home/j/urdf_study/src/YOLOX-ROS/yolox_ros_py', 'symlink_install': False, 'test_result_base': None}
[0.415s] INFO:colcon.colcon_core.executor:Executing jobs using 'parallel' executor
[0.418s] DEBUG:colcon.colcon_parallel_executor.executor.parallel:run_until_complete
[0.418s] INFO:colcon.colcon_ros.task.ament_cmake.build:Building ROS package in '/home/j/urdf_study/src/YOLOX-ROS/bbox_ex_msgs' with build type 'ament_cmake'
[0.419s] INFO:colcon.colcon_cmake.task.cmake.build:Building CMake package in '/home/j/urdf_study/src/YOLOX-ROS/bbox_ex_msgs'
[0.422s] INFO:colcon.colcon_core.plugin_system:Skipping extension 'colcon_core.shell.bat': Not used on non-Windows systems
[0.422s] INFO:colcon.colcon_core.shell:Skip shell extension 'powershell' for command environment: Not usable outside of PowerShell
[0.422s] DEBUG:colcon.colcon_core.shell:Skip shell extension 'dsv' for command environment
[0.428s] INFO:colcon.colcon_ros.task.ament_cmake.build:Building ROS package in '/home/j/urdf_study/src/urdf_study' with build type 'ament_cmake'
[0.428s] INFO:colcon.colcon_cmake.task.cmake.build:Building CMake package in '/home/j/urdf_study/src/urdf_study'
[0.429s] INFO:colcon.colcon_core.shell:Skip shell extension 'powershell' for command environment: Not usable outside of PowerShell
[0.430s] DEBUG:colcon.colcon_core.shell:Skip shell extension 'dsv' for command environment
[0.436s] INFO:colcon.colcon_ros.task.ament_python.build:Building ROS package in '/home/j/urdf_study/src/video_test' with build type 'ament_python'
[0.436s] Level 1:colcon.colcon_core.shell:create_environment_hook('video_test', 'ament_prefix_path')
[0.437s] INFO:colcon.colcon_core.shell:Creating environment hook '/home/j/urdf_study/install/video_test/share/video_test/hook/ament_prefix_path.ps1'
[0.437s] INFO:colcon.colcon_core.shell:Creating environment descriptor '/home/j/urdf_study/install/video_test/share/video_test/hook/ament_prefix_path.dsv'
[0.438s] INFO:colcon.colcon_core.shell:Creating environment hook '/home/j/urdf_study/install/video_test/share/video_test/hook/ament_prefix_path.sh'
[0.439s] INFO:colcon.colcon_core.shell:Skip shell extension 'powershell' for command environment: Not usable outside of PowerShell
[0.439s] DEBUG:colcon.colcon_core.shell:Skip shell extension 'dsv' for command environment
[0.445s] INFO:colcon.colcon_ros.task.ament_python.build:Building ROS package in '/home/j/urdf_study/src/YOLOX-ROS/yolox_ros_py' with build type 'ament_python'
[0.445s] Level 1:colcon.colcon_core.shell:create_environment_hook('yolox_ros_py', 'ament_prefix_path')
[0.447s] INFO:colcon.colcon_core.shell:Creating environment hook '/home/j/urdf_study/install/yolox_ros_py/share/yolox_ros_py/hook/ament_prefix_path.ps1'
[0.447s] INFO:colcon.colcon_core.shell:Creating environment descriptor '/home/j/urdf_study/install/yolox_ros_py/share/yolox_ros_py/hook/ament_prefix_path.dsv'
[0.447s] INFO:colcon.colcon_core.shell:Creating environment hook '/home/j/urdf_study/install/yolox_ros_py/share/yolox_ros_py/hook/ament_prefix_path.sh'
[0.449s] INFO:colcon.colcon_core.shell:Skip shell extension 'powershell' for command environment: Not usable outside of PowerShell
[0.449s] DEBUG:colcon.colcon_core.shell:Skip shell extension 'dsv' for command environment
[0.460s] DEBUG:colcon.colcon_core.event_handler.log_command:Invoking command in '/home/j/urdf_study/build/bboxes_ex_msgs': CMAKE_PREFIX_PATH=${CMAKE_PREFIX_PATH}:/home/j/urdf_study/install/yolox_ros_py:/home/j/urdf_study/install/video_test:/home/j/ws_moveit2/install/moveit_configs_utils:/home/j/ws_moveit2/install/launch_param_builder:/opt/ros/humble /home/j/.local/bin/cmake --build /home/j/urdf_study/build/bboxes_ex_msgs -- -j12 -l12
[0.463s] DEBUG:colcon.colcon_core.event_handler.log_command:Invoking command in '/home/j/urdf_study/build/urdf_study': CMAKE_PREFIX_PATH=${CMAKE_PREFIX_PATH}:/home/j/urdf_study/install/yolox_ros_py:/home/j/urdf_study/install/video_test:/home/j/ws_moveit2/install/moveit_configs_utils:/home/j/ws_moveit2/install/launch_param_builder:/opt/ros/humble /home/j/.local/bin/cmake --build /home/j/urdf_study/build/urdf_study -- -j12 -l12
[0.713s] INFO:colcon.colcon_core.task.python.build:Building Python package in '/home/j/urdf_study/src/video_test'
[0.715s] INFO:colcon.colcon_core.shell:Skip shell extension 'powershell' for command environment: Not usable outside of PowerShell
[0.715s] DEBUG:colcon.colcon_core.shell:Skip shell extension 'dsv' for command environment
[0.974s] INFO:colcon.colcon_core.task.python.build:Building Python package in '/home/j/urdf_study/src/YOLOX-ROS/yolox_ros_py'
[0.976s] INFO:colcon.colcon_core.shell:Skip shell extension 'powershell' for command environment: Not usable outside of PowerShell
[0.976s] DEBUG:colcon.colcon_core.shell:Skip shell extension 'dsv' for command environment
[0.983s] DEBUG:colcon.colcon_core.event_handler.log_command:Invoked command in '/home/j/urdf_study/build/urdf_study' returned '0': CMAKE_PREFIX_PATH=${CMAKE_PREFIX_PATH}:/home/j/urdf_study/install/yolox_ros_py:/home/j/urdf_study/install/video_test:/home/j/ws_moveit2/install/moveit_configs_utils:/home/j/ws_moveit2/install/launch_param_builder:/opt/ros/humble /home/j/.local/bin/cmake --build /home/j/urdf_study/build/urdf_study -- -j12 -l12
[0.986s] DEBUG:colcon.colcon_core.event_handler.log_command:Invoked command in '/home/j/urdf_study/build/bboxes_ex_msgs' returned '0': CMAKE_PREFIX_PATH=${CMAKE_PREFIX_PATH}:/home/j/urdf_study/install/yolox_ros_py:/home/j/urdf_study/install/video_test:/home/j/ws_moveit2/install/moveit_configs_utils:/home/j/ws_moveit2/install/launch_param_builder:/opt/ros/humble /home/j/.local/bin/cmake --build /home/j/urdf_study/build/bboxes_ex_msgs -- -j12 -l12
[1.110s] DEBUG:colcon.colcon_core.event_handler.log_command:Invoking command in '/home/j/urdf_study/build/urdf_study': CMAKE_PREFIX_PATH=${CMAKE_PREFIX_PATH}:/home/j/urdf_study/install/yolox_ros_py:/home/j/urdf_study/install/video_test:/home/j/ws_moveit2/install/moveit_configs_utils:/home/j/ws_moveit2/install/launch_param_builder:/opt/ros/humble /home/j/.local/bin/cmake --install /home/j/urdf_study/build/urdf_study
[1.125s] DEBUG:colcon.colcon_core.event_handler.log_command:Invoking command in '/home/j/urdf_study/build/bboxes_ex_msgs': CMAKE_PREFIX_PATH=${CMAKE_PREFIX_PATH}:/home/j/urdf_study/install/yolox_ros_py:/home/j/urdf_study/install/video_test:/home/j/ws_moveit2/install/moveit_configs_utils:/home/j/ws_moveit2/install/launch_param_builder:/opt/ros/humble /home/j/.local/bin/cmake --install /home/j/urdf_study/build/bboxes_ex_msgs
[1.166s] Level 1:colcon.colcon_core.environment:create_environment_scripts_only(urdf_study)
[1.167s] DEBUG:colcon.colcon_core.event_handler.log_command:Invoked command in '/home/j/urdf_study/build/urdf_study' returned '0': CMAKE_PREFIX_PATH=${CMAKE_PREFIX_PATH}:/home/j/urdf_study/install/yolox_ros_py:/home/j/urdf_study/install/video_test:/home/j/ws_moveit2/install/moveit_configs_utils:/home/j/ws_moveit2/install/launch_param_builder:/opt/ros/humble /home/j/.local/bin/cmake --install /home/j/urdf_study/build/urdf_study
[1.171s] Level 1:colcon.colcon_core.environment:checking '/home/j/urdf_study/install/urdf_study' for CMake module files
[1.171s] Level 1:colcon.colcon_core.environment:checking '/home/j/urdf_study/install/urdf_study' for CMake config files
[1.171s] Level 1:colcon.colcon_core.shell:create_environment_hook('urdf_study', 'cmake_prefix_path')
[1.172s] INFO:colcon.colcon_core.shell:Creating environment hook '/home/j/urdf_study/install/urdf_study/share/urdf_study/hook/cmake_prefix_path.ps1'
[1.173s] INFO:colcon.colcon_core.shell:Creating environment descriptor '/home/j/urdf_study/install/urdf_study/share/urdf_study/hook/cmake_prefix_path.dsv'
[1.173s] INFO:colcon.colcon_core.shell:Creating environment hook '/home/j/urdf_study/install/urdf_study/share/urdf_study/hook/cmake_prefix_path.sh'
[1.174s] Level 1:colcon.colcon_core.environment:checking '/home/j/urdf_study/install/urdf_study/bin'
[1.174s] Level 1:colcon.colcon_core.environment:checking '/home/j/urdf_study/install/urdf_study/lib/pkgconfig/urdf_study.pc'
[1.174s] Level 1:colcon.colcon_core.environment:checking '/home/j/urdf_study/install/urdf_study/lib/python3.10/site-packages'
[1.174s] Level 1:colcon.colcon_core.environment:checking '/home/j/urdf_study/install/urdf_study/bin'
[1.176s] INFO:colcon.colcon_core.shell:Creating package script '/home/j/urdf_study/install/urdf_study/share/urdf_study/package.ps1'
[1.177s] INFO:colcon.colcon_core.shell:Creating package descriptor '/home/j/urdf_study/install/urdf_study/share/urdf_study/package.dsv'
[1.177s] INFO:colcon.colcon_core.shell:Creating package script '/home/j/urdf_study/install/urdf_study/share/urdf_study/package.sh'
[1.178s] INFO:colcon.colcon_core.shell:Creating package script '/home/j/urdf_study/install/urdf_study/share/urdf_study/package.bash'
[1.179s] INFO:colcon.colcon_core.shell:Creating package script '/home/j/urdf_study/install/urdf_study/share/urdf_study/package.zsh'
[1.180s] Level 1:colcon.colcon_core.environment:create_file_with_runtime_dependencies(/home/j/urdf_study/install/urdf_study/share/colcon-core/packages/urdf_study)
[1.218s] Level 1:colcon.colcon_core.environment:create_environment_scripts_only(bboxes_ex_msgs)
[1.220s] Level 1:colcon.colcon_core.environment:checking '/home/j/urdf_study/install/bboxes_ex_msgs' for CMake module files
[1.220s] DEBUG:colcon.colcon_core.event_handler.log_command:Invoked command in '/home/j/urdf_study/build/bboxes_ex_msgs' returned '0': CMAKE_PREFIX_PATH=${CMAKE_PREFIX_PATH}:/home/j/urdf_study/install/yolox_ros_py:/home/j/urdf_study/install/video_test:/home/j/ws_moveit2/install/moveit_configs_utils:/home/j/ws_moveit2/install/launch_param_builder:/opt/ros/humble /home/j/.local/bin/cmake --install /home/j/urdf_study/build/bboxes_ex_msgs
[1.221s] Level 1:colcon.colcon_core.environment:checking '/home/j/urdf_study/install/bboxes_ex_msgs' for CMake config files
[1.221s] Level 1:colcon.colcon_core.shell:create_environment_hook('bboxes_ex_msgs', 'cmake_prefix_path')
[1.222s] INFO:colcon.colcon_core.shell:Creating environment hook '/home/j/urdf_study/install/bboxes_ex_msgs/share/bboxes_ex_msgs/hook/cmake_prefix_path.ps1'
[1.222s] INFO:colcon.colcon_core.shell:Creating environment descriptor '/home/j/urdf_study/install/bboxes_ex_msgs/share/bboxes_ex_msgs/hook/cmake_prefix_path.dsv'
[1.223s] INFO:colcon.colcon_core.shell:Creating environment hook '/home/j/urdf_study/install/bboxes_ex_msgs/share/bboxes_ex_msgs/hook/cmake_prefix_path.sh'
[1.223s] Level 1:colcon.colcon_core.environment:checking '/home/j/urdf_study/install/bboxes_ex_msgs/lib'
[1.223s] Level 1:colcon.colcon_core.shell:create_environment_hook('bboxes_ex_msgs', 'ld_library_path_lib')
[1.224s] INFO:colcon.colcon_core.shell:Creating environment hook '/home/j/urdf_study/install/bboxes_ex_msgs/share/bboxes_ex_msgs/hook/ld_library_path_lib.ps1'
[1.225s] INFO:colcon.colcon_core.shell:Creating environment descriptor '/home/j/urdf_study/install/bboxes_ex_msgs/share/bboxes_ex_msgs/hook/ld_library_path_lib.dsv'
[1.225s] INFO:colcon.colcon_core.shell:Creating environment hook '/home/j/urdf_study/install/bboxes_ex_msgs/share/bboxes_ex_msgs/hook/ld_library_path_lib.sh'
[1.225s] Level 1:colcon.colcon_core.environment:checking '/home/j/urdf_study/install/bboxes_ex_msgs/bin'
[1.225s] Level 1:colcon.colcon_core.environment:checking '/home/j/urdf_study/install/bboxes_ex_msgs/lib/pkgconfig/bboxes_ex_msgs.pc'
[1.225s] Level 1:colcon.colcon_core.environment:checking '/home/j/urdf_study/install/bboxes_ex_msgs/lib/python3.10/site-packages'
[1.225s] Level 1:colcon.colcon_core.environment:checking '/home/j/urdf_study/install/bboxes_ex_msgs/bin'
[1.226s] INFO:colcon.colcon_core.shell:Creating package script '/home/j/urdf_study/install/bboxes_ex_msgs/share/bboxes_ex_msgs/package.ps1'
[1.227s] INFO:colcon.colcon_core.shell:Creating package descriptor '/home/j/urdf_study/install/bboxes_ex_msgs/share/bboxes_ex_msgs/package.dsv'
[1.227s] INFO:colcon.colcon_core.shell:Creating package script '/home/j/urdf_study/install/bboxes_ex_msgs/share/bboxes_ex_msgs/package.sh'
[1.228s] INFO:colcon.colcon_core.shell:Creating package script '/home/j/urdf_study/install/bboxes_ex_msgs/share/bboxes_ex_msgs/package.bash'
[1.228s] INFO:colcon.colcon_core.shell:Creating package script '/home/j/urdf_study/install/bboxes_ex_msgs/share/bboxes_ex_msgs/package.zsh'
[1.228s] Level 1:colcon.colcon_core.environment:create_file_with_runtime_dependencies(/home/j/urdf_study/install/bboxes_ex_msgs/share/colcon-core/packages/bboxes_ex_msgs)
[1.252s] Level 1:colcon.colcon_core.environment:create_environment_scripts_only(urdf_study)
[1.253s] Level 1:colcon.colcon_core.environment:checking '/home/j/urdf_study/install/urdf_study' for CMake module files
[1.253s] Level 1:colcon.colcon_core.environment:checking '/home/j/urdf_study/install/urdf_study' for CMake config files
[1.254s] Level 1:colcon.colcon_core.shell:create_environment_hook('urdf_study', 'cmake_prefix_path')
[1.255s] INFO:colcon.colcon_core.shell:Creating environment hook '/home/j/urdf_study/install/urdf_study/share/urdf_study/hook/cmake_prefix_path.ps1'
[1.255s] INFO:colcon.colcon_core.shell:Creating environment descriptor '/home/j/urdf_study/install/urdf_study/share/urdf_study/hook/cmake_prefix_path.dsv'
[1.255s] INFO:colcon.colcon_core.shell:Creating environment hook '/home/j/urdf_study/install/urdf_study/share/urdf_study/hook/cmake_prefix_path.sh'
[1.256s] Level 1:colcon.colcon_core.environment:checking '/home/j/urdf_study/install/urdf_study/bin'
[1.256s] Level 1:colcon.colcon_core.environment:checking '/home/j/urdf_study/install/urdf_study/lib/pkgconfig/urdf_study.pc'
[1.256s] Level 1:colcon.colcon_core.environment:checking '/home/j/urdf_study/install/urdf_study/lib/python3.10/site-packages'
[1.256s] Level 1:colcon.colcon_core.environment:checking '/home/j/urdf_study/install/urdf_study/bin'
[1.258s] INFO:colcon.colcon_core.shell:Creating package script '/home/j/urdf_study/install/urdf_study/share/urdf_study/package.ps1'
[1.258s] INFO:colcon.colcon_core.shell:Creating package descriptor '/home/j/urdf_study/install/urdf_study/share/urdf_study/package.dsv'
[1.259s] INFO:colcon.colcon_core.shell:Creating package script '/home/j/urdf_study/install/urdf_study/share/urdf_study/package.sh'
[1.259s] INFO:colcon.colcon_core.shell:Creating package script '/home/j/urdf_study/install/urdf_study/share/urdf_study/package.bash'
[1.259s] INFO:colcon.colcon_core.shell:Creating package script '/home/j/urdf_study/install/urdf_study/share/urdf_study/package.zsh'
[1.260s] Level 1:colcon.colcon_core.environment:create_file_with_runtime_dependencies(/home/j/urdf_study/install/urdf_study/share/colcon-core/packages/urdf_study)
[1.351s] DEBUG:colcon.colcon_core.event_handler.log_command:Invoking command in '/home/j/urdf_study/src/video_test': PYTHONPATH=/home/j/urdf_study/build/video_test/prefix_override:/home/j/urdf_study/install/video_test/lib/python3.10/site-packages:${PYTHONPATH} /usr/bin/python3 setup.py egg_info --egg-base ../../build/video_test build --build-base /home/j/urdf_study/build/video_test/build install --record /home/j/urdf_study/build/video_test/install.log --single-version-externally-managed
[1.364s] DEBUG:colcon.colcon_core.event_handler.log_command:Invoking command in '/home/j/urdf_study/src/YOLOX-ROS/yolox_ros_py': PYTHONPATH=/home/j/urdf_study/build/yolox_ros_py/prefix_override:/home/j/urdf_study/install/yolox_ros_py/lib/python3.10/site-packages:${PYTHONPATH} /usr/bin/python3 setup.py egg_info --egg-base ../../../build/yolox_ros_py build --build-base /home/j/urdf_study/build/yolox_ros_py/build install --record /home/j/urdf_study/build/yolox_ros_py/install.log --install-scripts $base/lib/yolox_ros_py --single-version-externally-managed
[1.375s] Level 1:colcon.colcon_core.environment:create_environment_scripts_only(bboxes_ex_msgs)
[1.377s] Level 1:colcon.colcon_core.environment:checking '/home/j/urdf_study/install/bboxes_ex_msgs' for CMake module files
[1.377s] Level 1:colcon.colcon_core.environment:checking '/home/j/urdf_study/install/bboxes_ex_msgs' for CMake config files
[1.377s] Level 1:colcon.colcon_core.shell:create_environment_hook('bboxes_ex_msgs', 'cmake_prefix_path')
[1.378s] INFO:colcon.colcon_core.shell:Creating environment hook '/home/j/urdf_study/install/bboxes_ex_msgs/share/bboxes_ex_msgs/hook/cmake_prefix_path.ps1'
[1.379s] INFO:colcon.colcon_core.shell:Creating environment descriptor '/home/j/urdf_study/install/bboxes_ex_msgs/share/bboxes_ex_msgs/hook/cmake_prefix_path.dsv'
[1.379s] INFO:colcon.colcon_core.shell:Creating environment hook '/home/j/urdf_study/install/bboxes_ex_msgs/share/bboxes_ex_msgs/hook/cmake_prefix_path.sh'
[1.379s] Level 1:colcon.colcon_core.environment:checking '/home/j/urdf_study/install/bboxes_ex_msgs/lib'
[1.379s] Level 1:colcon.colcon_core.shell:create_environment_hook('bboxes_ex_msgs', 'ld_library_path_lib')
[1.380s] INFO:colcon.colcon_core.shell:Creating environment hook '/home/j/urdf_study/install/bboxes_ex_msgs/share/bboxes_ex_msgs/hook/ld_library_path_lib.ps1'
[1.381s] INFO:colcon.colcon_core.shell:Creating environment descriptor '/home/j/urdf_study/install/bboxes_ex_msgs/share/bboxes_ex_msgs/hook/ld_library_path_lib.dsv'
[1.381s] INFO:colcon.colcon_core.shell:Creating environment hook '/home/j/urdf_study/install/bboxes_ex_msgs/share/bboxes_ex_msgs/hook/ld_library_path_lib.sh'
[1.381s] Level 1:colcon.colcon_core.environment:checking '/home/j/urdf_study/install/bboxes_ex_msgs/bin'
[1.381s] Level 1:colcon.colcon_core.environment:checking '/home/j/urdf_study/install/bboxes_ex_msgs/lib/pkgconfig/bboxes_ex_msgs.pc'
[1.381s] Level 1:colcon.colcon_core.environment:checking '/home/j/urdf_study/install/bboxes_ex_msgs/lib/python3.10/site-packages'
[1.381s] Level 1:colcon.colcon_core.environment:checking '/home/j/urdf_study/install/bboxes_ex_msgs/bin'
[1.383s] INFO:colcon.colcon_core.shell:Creating package script '/home/j/urdf_study/install/bboxes_ex_msgs/share/bboxes_ex_msgs/package.ps1'
[1.383s] INFO:colcon.colcon_core.shell:Creating package descriptor '/home/j/urdf_study/install/bboxes_ex_msgs/share/bboxes_ex_msgs/package.dsv'
[1.383s] INFO:colcon.colcon_core.shell:Creating package script '/home/j/urdf_study/install/bboxes_ex_msgs/share/bboxes_ex_msgs/package.sh'
[1.384s] INFO:colcon.colcon_core.shell:Creating package script '/home/j/urdf_study/install/bboxes_ex_msgs/share/bboxes_ex_msgs/package.bash'
[1.384s] INFO:colcon.colcon_core.shell:Creating package script '/home/j/urdf_study/install/bboxes_ex_msgs/share/bboxes_ex_msgs/package.zsh'
[1.384s] Level 1:colcon.colcon_core.environment:create_file_with_runtime_dependencies(/home/j/urdf_study/install/bboxes_ex_msgs/share/colcon-core/packages/bboxes_ex_msgs)
[1.633s] Level 1:colcon.colcon_core.environment:checking '/home/j/urdf_study/install/video_test' for CMake module files
[1.634s] DEBUG:colcon.colcon_core.event_handler.log_command:Invoked command in '/home/j/urdf_study/src/video_test' returned '0': PYTHONPATH=/home/j/urdf_study/build/video_test/prefix_override:/home/j/urdf_study/install/video_test/lib/python3.10/site-packages:${PYTHONPATH} /usr/bin/python3 setup.py egg_info --egg-base ../../build/video_test build --build-base /home/j/urdf_study/build/video_test/build install --record /home/j/urdf_study/build/video_test/install.log --single-version-externally-managed
[1.634s] Level 1:colcon.colcon_core.environment:checking '/home/j/urdf_study/install/video_test' for CMake config files
[1.634s] Level 1:colcon.colcon_core.environment:checking '/home/j/urdf_study/install/video_test/lib'
[1.634s] Level 1:colcon.colcon_core.environment:checking '/home/j/urdf_study/install/video_test/bin'
[1.634s] Level 1:colcon.colcon_core.environment:checking '/home/j/urdf_study/install/video_test/lib/pkgconfig/video_test.pc'
[1.635s] Level 1:colcon.colcon_core.environment:checking '/home/j/urdf_study/install/video_test/lib/python3.10/site-packages'
[1.635s] Level 1:colcon.colcon_core.shell:create_environment_hook('video_test', 'pythonpath')
[1.636s] INFO:colcon.colcon_core.shell:Creating environment hook '/home/j/urdf_study/install/video_test/share/video_test/hook/pythonpath.ps1'
[1.636s] INFO:colcon.colcon_core.shell:Creating environment descriptor '/home/j/urdf_study/install/video_test/share/video_test/hook/pythonpath.dsv'
[1.636s] INFO:colcon.colcon_core.shell:Creating environment hook '/home/j/urdf_study/install/video_test/share/video_test/hook/pythonpath.sh'
[1.637s] Level 1:colcon.colcon_core.environment:checking '/home/j/urdf_study/install/video_test/bin'
[1.637s] Level 1:colcon.colcon_core.environment:create_environment_scripts_only(video_test)
[1.638s] INFO:colcon.colcon_core.shell:Creating package script '/home/j/urdf_study/install/video_test/share/video_test/package.ps1'
[1.638s] INFO:colcon.colcon_core.shell:Creating package descriptor '/home/j/urdf_study/install/video_test/share/video_test/package.dsv'
[1.638s] INFO:colcon.colcon_core.shell:Creating package script '/home/j/urdf_study/install/video_test/share/video_test/package.sh'
[1.638s] INFO:colcon.colcon_core.shell:Creating package script '/home/j/urdf_study/install/video_test/share/video_test/package.bash'
[1.639s] INFO:colcon.colcon_core.shell:Creating package script '/home/j/urdf_study/install/video_test/share/video_test/package.zsh'
[1.639s] Level 1:colcon.colcon_core.environment:create_file_with_runtime_dependencies(/home/j/urdf_study/install/video_test/share/colcon-core/packages/video_test)
[1.640s] Level 1:colcon.colcon_core.environment:checking '/home/j/urdf_study/install/yolox_ros_py' for CMake module files
[1.641s] Level 1:colcon.colcon_core.environment:checking '/home/j/urdf_study/install/yolox_ros_py' for CMake config files
[1.641s] DEBUG:colcon.colcon_core.event_handler.log_command:Invoked command in '/home/j/urdf_study/src/YOLOX-ROS/yolox_ros_py' returned '0': PYTHONPATH=/home/j/urdf_study/build/yolox_ros_py/prefix_override:/home/j/urdf_study/install/yolox_ros_py/lib/python3.10/site-packages:${PYTHONPATH} /usr/bin/python3 setup.py egg_info --egg-base ../../../build/yolox_ros_py build --build-base /home/j/urdf_study/build/yolox_ros_py/build install --record /home/j/urdf_study/build/yolox_ros_py/install.log --install-scripts $base/lib/yolox_ros_py --single-version-externally-managed
[1.642s] Level 1:colcon.colcon_core.environment:checking '/home/j/urdf_study/install/yolox_ros_py/lib'
[1.642s] Level 1:colcon.colcon_core.environment:checking '/home/j/urdf_study/install/yolox_ros_py/bin'
[1.642s] Level 1:colcon.colcon_core.environment:checking '/home/j/urdf_study/install/yolox_ros_py/lib/pkgconfig/yolox_ros_py.pc'
[1.642s] Level 1:colcon.colcon_core.environment:checking '/home/j/urdf_study/install/yolox_ros_py/lib/python3.10/site-packages'
[1.642s] Level 1:colcon.colcon_core.shell:create_environment_hook('yolox_ros_py', 'pythonpath')
[1.643s] INFO:colcon.colcon_core.shell:Creating environment hook '/home/j/urdf_study/install/yolox_ros_py/share/yolox_ros_py/hook/pythonpath.ps1'
[1.643s] INFO:colcon.colcon_core.shell:Creating environment descriptor '/home/j/urdf_study/install/yolox_ros_py/share/yolox_ros_py/hook/pythonpath.dsv'
[1.643s] INFO:colcon.colcon_core.shell:Creating environment hook '/home/j/urdf_study/install/yolox_ros_py/share/yolox_ros_py/hook/pythonpath.sh'
[1.644s] Level 1:colcon.colcon_core.environment:checking '/home/j/urdf_study/install/yolox_ros_py/bin'
[1.644s] Level 1:colcon.colcon_core.environment:create_environment_scripts_only(yolox_ros_py)
[1.645s] INFO:colcon.colcon_core.shell:Creating package script '/home/j/urdf_study/install/yolox_ros_py/share/yolox_ros_py/package.ps1'
[1.645s] INFO:colcon.colcon_core.shell:Creating package descriptor '/home/j/urdf_study/install/yolox_ros_py/share/yolox_ros_py/package.dsv'
[1.645s] INFO:colcon.colcon_core.shell:Creating package script '/home/j/urdf_study/install/yolox_ros_py/share/yolox_ros_py/package.sh'
[1.646s] INFO:colcon.colcon_core.shell:Creating package script '/home/j/urdf_study/install/yolox_ros_py/share/yolox_ros_py/package.bash'
[1.646s] INFO:colcon.colcon_core.shell:Creating package script '/home/j/urdf_study/install/yolox_ros_py/share/yolox_ros_py/package.zsh'
[1.646s] Level 1:colcon.colcon_core.environment:create_file_with_runtime_dependencies(/home/j/urdf_study/install/yolox_ros_py/share/colcon-core/packages/yolox_ros_py)
[1.646s] DEBUG:colcon.colcon_parallel_executor.executor.parallel:closing loop
[1.646s] DEBUG:colcon.colcon_parallel_executor.executor.parallel:loop closed
[1.646s] DEBUG:colcon.colcon_parallel_executor.executor.parallel:run_until_complete finished with '0'
[1.647s] DEBUG:colcon.colcon_core.event_reactor:joining thread
[1.652s] INFO:colcon.colcon_core.plugin_system:Skipping extension 'colcon_notification.desktop_notification.terminal_notifier': Not used on non-Darwin systems
[1.652s] INFO:colcon.colcon_core.plugin_system:Skipping extension 'colcon_notification.desktop_notification.win32': Not used on non-Windows systems
[1.652s] INFO:colcon.colcon_notification.desktop_notification:Sending desktop notification using 'notify2'
[1.659s] DEBUG:colcon.colcon_core.event_reactor:joined thread
[1.660s] INFO:colcon.colcon_core.shell:Creating prefix script '/home/j/urdf_study/install/local_setup.ps1'
[1.661s] INFO:colcon.colcon_core.shell:Creating prefix util module '/home/j/urdf_study/install/_local_setup_util_ps1.py'
[1.662s] INFO:colcon.colcon_core.shell:Creating prefix chain script '/home/j/urdf_study/install/setup.ps1'
[1.664s] INFO:colcon.colcon_core.shell:Creating prefix script '/home/j/urdf_study/install/local_setup.sh'
[1.665s] INFO:colcon.colcon_core.shell:Creating prefix util module '/home/j/urdf_study/install/_local_setup_util_sh.py'
[1.665s] INFO:colcon.colcon_core.shell:Creating prefix chain script '/home/j/urdf_study/install/setup.sh'
[1.668s] INFO:colcon.colcon_core.shell:Creating prefix script '/home/j/urdf_study/install/local_setup.bash'
[1.668s] INFO:colcon.colcon_core.shell:Creating prefix chain script '/home/j/urdf_study/install/setup.bash'
[1.670s] INFO:colcon.colcon_core.shell:Creating prefix script '/home/j/urdf_study/install/local_setup.zsh'
[1.671s] INFO:colcon.colcon_core.shell:Creating prefix chain script '/home/j/urdf_study/install/setup.zsh'
