[0.946s] Invoking command in '/home/j/urdf_study/build/yolox_ros_py': PYTHONPATH=/home/j/urdf_study/build/yolox_ros_py/prefix_override:/home/j/urdf_study/install/yolox_ros_py/lib/python3.10/site-packages:${PYTHONPATH} /usr/bin/python3 setup.py develop --editable --build-directory /home/j/urdf_study/build/yolox_ros_py/build --no-deps install_data
[1.171s] /usr/lib/python3/dist-packages/setuptools/dist.py:723: UserWarning: Usage of dash-separated 'script-dir' will not be supported in future versions. Please use the underscore name 'script_dir' instead
[1.171s]   warnings.warn(
[1.183s] running develop
[1.183s] /usr/lib/python3/dist-packages/setuptools/command/easy_install.py:158: EasyInstallDeprecationWarning: easy_install command is deprecated. Use build and pip and other standards-based tools.
[1.183s]   warnings.warn(
[1.184s] /usr/lib/python3/dist-packages/setuptools/command/install.py:34: SetuptoolsDeprecationWarning: setup.py install is deprecated. Use build and pip and other standards-based tools.
[1.184s]   warnings.warn(
[1.241s] /usr/lib/python3/dist-packages/pkg_resources/__init__.py:116: PkgResourcesDeprecationWarning: 1.16.0-unknown is an invalid version and will not be supported in a future release
[1.241s]   warnings.warn(
[1.242s] /usr/lib/python3/dist-packages/pkg_resources/__init__.py:116: PkgResourcesDeprecationWarning: 1.1build1 is an invalid version and will not be supported in a future release
[1.242s]   warnings.warn(
[1.242s] /usr/lib/python3/dist-packages/pkg_resources/__init__.py:116: PkgResourcesDeprecationWarning: 0.1.43ubuntu1 is an invalid version and will not be supported in a future release
[1.242s]   warnings.warn(
[1.355s] running egg_info
[1.355s] writing yolox_ros_py.egg-info/PKG-INFO
[1.356s] writing dependency_links to yolox_ros_py.egg-info/dependency_links.txt
[1.356s] writing entry points to yolox_ros_py.egg-info/entry_points.txt
[1.356s] writing requirements to yolox_ros_py.egg-info/requires.txt
[1.356s] writing top-level names to yolox_ros_py.egg-info/top_level.txt
[1.358s] reading manifest file 'yolox_ros_py.egg-info/SOURCES.txt'
[1.358s] writing manifest file 'yolox_ros_py.egg-info/SOURCES.txt'
[1.385s] running build_ext
[1.385s] Creating /home/j/urdf_study/install/yolox_ros_py/lib/python3.10/site-packages/yolox-ros-py.egg-link (link to .)
[1.385s] Installing yolox_onnx script to /home/j/urdf_study/install/yolox_ros_py/lib/yolox_ros_py
[1.386s] Installing yolox_openvino script to /home/j/urdf_study/install/yolox_ros_py/lib/yolox_ros_py
[1.386s] Installing yolox_ros script to /home/j/urdf_study/install/yolox_ros_py/lib/yolox_ros_py
[1.386s] Installing yolox_tflite script to /home/j/urdf_study/install/yolox_ros_py/lib/yolox_ros_py
[1.386s] 
[1.386s] Installed /home/j/urdf_study/build/yolox_ros_py
[1.386s] running install_data
[1.386s] copying ./launch/yolox_nano_torch_gpu_camera.launch.py -> /home/j/urdf_study/install/yolox_ros_py/share/yolox_ros_py
[1.409s] Invoked command in '/home/j/urdf_study/build/yolox_ros_py' returned '0': PYTHONPATH=/home/j/urdf_study/build/yolox_ros_py/prefix_override:/home/j/urdf_study/install/yolox_ros_py/lib/python3.10/site-packages:${PYTHONPATH} /usr/bin/python3 setup.py develop --editable --build-directory /home/j/urdf_study/build/yolox_ros_py/build --no-deps install_data
