[0.872s] Invoking command in '/home/j/urdf_study/build/yolox_ros_py': PYTHONPATH=/home/j/urdf_study/build/yolox_ros_py/prefix_override:/home/j/urdf_study/install/yolox_ros_py/lib/python3.10/site-packages:${PYTHONPATH} /usr/bin/python3 setup.py develop --editable --build-directory /home/j/urdf_study/build/yolox_ros_py/build --no-deps install_data
[1.094s] /usr/lib/python3/dist-packages/setuptools/dist.py:723: UserWarning: Usage of dash-separated 'script-dir' will not be supported in future versions. Please use the underscore name 'script_dir' instead
[1.094s]   warnings.warn(
[1.109s] running develop
[1.109s] /usr/lib/python3/dist-packages/setuptools/command/easy_install.py:158: EasyInstallDeprecationWarning: easy_install command is deprecated. Use build and pip and other standards-based tools.
[1.109s]   warnings.warn(
[1.111s] /usr/lib/python3/dist-packages/setuptools/command/install.py:34: SetuptoolsDeprecationWarning: setup.py install is deprecated. Use build and pip and other standards-based tools.
[1.111s]   warnings.warn(
[1.174s] /usr/lib/python3/dist-packages/pkg_resources/__init__.py:116: PkgResourcesDeprecationWarning: 1.16.0-unknown is an invalid version and will not be supported in a future release
[1.174s]   warnings.warn(
[1.175s] /usr/lib/python3/dist-packages/pkg_resources/__init__.py:116: PkgResourcesDeprecationWarning: 1.1build1 is an invalid version and will not be supported in a future release
[1.175s]   warnings.warn(
[1.175s] /usr/lib/python3/dist-packages/pkg_resources/__init__.py:116: PkgResourcesDeprecationWarning: 0.1.43ubuntu1 is an invalid version and will not be supported in a future release
[1.175s]   warnings.warn(
[1.297s] running egg_info
[1.297s] creating yolox_ros_py.egg-info
[1.297s] writing yolox_ros_py.egg-info/PKG-INFO
[1.297s] writing dependency_links to yolox_ros_py.egg-info/dependency_links.txt
[1.297s] writing entry points to yolox_ros_py.egg-info/entry_points.txt
[1.298s] writing requirements to yolox_ros_py.egg-info/requires.txt
[1.298s] writing top-level names to yolox_ros_py.egg-info/top_level.txt
[1.298s] writing manifest file 'yolox_ros_py.egg-info/SOURCES.txt'
[1.300s] reading manifest file 'yolox_ros_py.egg-info/SOURCES.txt'
[1.301s] writing manifest file 'yolox_ros_py.egg-info/SOURCES.txt'
[1.331s] running build_ext
[1.331s] Creating /home/j/urdf_study/install/yolox_ros_py/lib/python3.10/site-packages/yolox-ros-py.egg-link (link to .)
[1.333s] Installing yolox_onnx script to /home/j/urdf_study/install/yolox_ros_py/lib/yolox_ros_py
[1.333s] Installing yolox_openvino script to /home/j/urdf_study/install/yolox_ros_py/lib/yolox_ros_py
[1.333s] Installing yolox_ros script to /home/j/urdf_study/install/yolox_ros_py/lib/yolox_ros_py
[1.333s] Installing yolox_tflite script to /home/j/urdf_study/install/yolox_ros_py/lib/yolox_ros_py
[1.334s] 
[1.334s] Installed /home/j/urdf_study/build/yolox_ros_py
[1.334s] running install_data
[1.334s] creating /home/j/urdf_study/install/yolox_ros_py/share/ament_index
[1.334s] creating /home/j/urdf_study/install/yolox_ros_py/share/ament_index/resource_index
[1.334s] creating /home/j/urdf_study/install/yolox_ros_py/share/ament_index/resource_index/packages
[1.334s] copying resource/yolox_ros_py -> /home/j/urdf_study/install/yolox_ros_py/share/ament_index/resource_index/packages
[1.334s] copying package.xml -> /home/j/urdf_study/install/yolox_ros_py/share/yolox_ros_py
[1.334s] copying ./launch/yolox_nano_torch_cpu_camera.launch.py -> /home/j/urdf_study/install/yolox_ros_py/share/yolox_ros_py
[1.335s] copying ./launch/yolox_nano_onnx_gazebo.launch.py -> /home/j/urdf_study/install/yolox_ros_py/share/yolox_ros_py
[1.335s] copying ./launch/yolox_nano_onnx_picture.launch.py -> /home/j/urdf_study/install/yolox_ros_py/share/yolox_ros_py
[1.335s] copying ./launch/yolox_nano_onnx_camera.launch.py -> /home/j/urdf_study/install/yolox_ros_py/share/yolox_ros_py
[1.335s] copying ./launch/yolox_nano_torch_gpu_camera.launch.py -> /home/j/urdf_study/install/yolox_ros_py/share/yolox_ros_py
[1.335s] copying ./launch/yolox_nano_onnx_youtube.launch.py -> /home/j/urdf_study/install/yolox_ros_py/share/yolox_ros_py
[1.335s] copying ./launch/yolox_nano_openvino.launch.py -> /home/j/urdf_study/install/yolox_ros_py/share/yolox_ros_py
[1.335s] copying ./launch/yolox_lite_tflite_camera.launch.py -> /home/j/urdf_study/install/yolox_ros_py/share/yolox_ros_py
[1.335s] copying ../weights/yolox_nano.pth -> /home/j/urdf_study/install/yolox_ros_py/share/yolox_ros_py
[1.344s] copying ../weights/yolox_nano.onnx -> /home/j/urdf_study/install/yolox_ros_py/share/yolox_ros_py
[1.346s] copying ../weights/openvino/README.md -> /home/j/urdf_study/install/yolox_ros_py/share/yolox_ros_py
[1.347s] copying ../weights/openvino/install.bash -> /home/j/urdf_study/install/yolox_ros_py/share/yolox_ros_py
[1.347s] copying ../weights/openvino/download_openvino_s.bash -> /home/j/urdf_study/install/yolox_ros_py/share/yolox_ros_py
[1.348s] copying ../weights/onnx/download.bash -> /home/j/urdf_study/install/yolox_ros_py/share/yolox_ros_py
[1.348s] copying ../weights/tflite/model.onnx -> /home/j/urdf_study/install/yolox_ros_py/share/yolox_ros_py
[1.350s] copying ../weights/tflite/model.tflite -> /home/j/urdf_study/install/yolox_ros_py/share/yolox_ros_py
[1.353s] copying ../weights/tflite/download_model.bash -> /home/j/urdf_study/install/yolox_ros_py/share/yolox_ros_py
[1.353s] copying ../weights/tensorrt/convert.bash -> /home/j/urdf_study/install/yolox_ros_py/share/yolox_ros_py
[1.353s] copying ./exps/yolox_nano.py -> /home/j/urdf_study/install/yolox_ros_py/share/yolox_ros_py
[1.388s] Invoked command in '/home/j/urdf_study/build/yolox_ros_py' returned '0': PYTHONPATH=/home/j/urdf_study/build/yolox_ros_py/prefix_override:/home/j/urdf_study/install/yolox_ros_py/lib/python3.10/site-packages:${PYTHONPATH} /usr/bin/python3 setup.py develop --editable --build-directory /home/j/urdf_study/build/yolox_ros_py/build --no-deps install_data
