[0.293s] DEBUG:colcon:Command line arguments: ['/usr/bin/colcon', 'build']
[0.294s] DEBUG:colcon:Parsed command line arguments: Namespace(log_base=None, log_level=None, verb_name='build', build_base='build', install_base='install', merge_install=False, symlink_install=False, test_result_base=None, continue_on_error=False, executor='parallel', parallel_workers=12, event_handlers=None, ignore_user_meta=False, metas=['./colcon.meta'], base_paths=['.'], packages_ignore=None, packages_ignore_regex=None, paths=None, packages_up_to=None, packages_up_to_regex=None, packages_above=None, packages_above_and_dependencies=None, packages_above_depth=None, packages_select_by_dep=None, packages_skip_by_dep=None, packages_skip_up_to=None, packages_select_build_failed=False, packages_skip_build_finished=False, packages_select_test_failures=False, packages_skip_test_passed=False, packages_select=None, packages_skip=None, packages_select_regex=None, packages_skip_regex=None, packages_start=None, packages_end=None, allow_overriding=[], cmake_args=None, cmake_target=None, cmake_target_skip_unavailable=False, cmake_clean_cache=False, cmake_clean_first=False, cmake_force_configure=False, ament_cmake_args=None, catkin_cmake_args=None, catkin_skip_building_tests=False, mixin_files=None, mixin=None, verb_parser=<colcon_mixin.mixin.mixin_argument.MixinArgumentDecorator object at 0x7f5027d4c1c0>, verb_extension=<colcon_core.verb.build.BuildVerb object at 0x7f5027e7eaa0>, main=<bound method BuildVerb.main of <colcon_core.verb.build.BuildVerb object at 0x7f5027e7eaa0>>, mixin_verb=('build',))
[0.311s] Level 1:colcon.colcon_core.package_discovery:discover_packages(colcon_meta) check parameters
[0.311s] Level 1:colcon.colcon_core.package_discovery:discover_packages(recursive) check parameters
[0.311s] Level 1:colcon.colcon_core.package_discovery:discover_packages(ignore) check parameters
[0.311s] Level 1:colcon.colcon_core.package_discovery:discover_packages(path) check parameters
[0.311s] Level 1:colcon.colcon_core.package_discovery:discover_packages(colcon_meta) discover
[0.312s] Level 1:colcon.colcon_core.package_discovery:discover_packages(recursive) discover
[0.312s] INFO:colcon.colcon_core.package_discovery:Crawling recursively for packages in '/home/j/urdf_study'
[0.312s] Level 1:colcon.colcon_core.package_identification:_identify(.) by extensions ['ignore', 'ignore_ament_install']
[0.312s] Level 1:colcon.colcon_core.package_identification:_identify(.) by extension 'ignore'
[0.312s] Level 1:colcon.colcon_core.package_identification:_identify(.) by extension 'ignore_ament_install'
[0.312s] Level 1:colcon.colcon_core.package_identification:_identify(.) by extensions ['colcon_pkg']
[0.312s] Level 1:colcon.colcon_core.package_identification:_identify(.) by extension 'colcon_pkg'
[0.312s] Level 1:colcon.colcon_core.package_identification:_identify(.) by extensions ['colcon_meta']
[0.312s] Level 1:colcon.colcon_core.package_identification:_identify(.) by extension 'colcon_meta'
[0.312s] Level 1:colcon.colcon_core.package_identification:_identify(.) by extensions ['ros']
[0.312s] Level 1:colcon.colcon_core.package_identification:_identify(.) by extension 'ros'
[0.320s] Level 1:colcon.colcon_core.package_identification:_identify(.) by extensions ['cmake', 'python']
[0.320s] Level 1:colcon.colcon_core.package_identification:_identify(.) by extension 'cmake'
[0.320s] Level 1:colcon.colcon_core.package_identification:_identify(.) by extension 'python'
[0.320s] Level 1:colcon.colcon_core.package_identification:_identify(.) by extensions ['python_setup_py']
[0.320s] Level 1:colcon.colcon_core.package_identification:_identify(.) by extension 'python_setup_py'
[0.320s] Level 1:colcon.colcon_core.package_identification:_identify(build) by extensions ['ignore', 'ignore_ament_install']
[0.320s] Level 1:colcon.colcon_core.package_identification:_identify(build) by extension 'ignore'
[0.320s] Level 1:colcon.colcon_core.package_identification:_identify(build) ignored
[0.320s] Level 1:colcon.colcon_core.package_identification:_identify(install) by extensions ['ignore', 'ignore_ament_install']
[0.320s] Level 1:colcon.colcon_core.package_identification:_identify(install) by extension 'ignore'
[0.321s] Level 1:colcon.colcon_core.package_identification:_identify(install) ignored
[0.321s] Level 1:colcon.colcon_core.package_identification:_identify(log) by extensions ['ignore', 'ignore_ament_install']
[0.321s] Level 1:colcon.colcon_core.package_identification:_identify(log) by extension 'ignore'
[0.321s] Level 1:colcon.colcon_core.package_identification:_identify(log) ignored
[0.321s] Level 1:colcon.colcon_core.package_identification:_identify(src) by extensions ['ignore', 'ignore_ament_install']
[0.321s] Level 1:colcon.colcon_core.package_identification:_identify(src) by extension 'ignore'
[0.321s] Level 1:colcon.colcon_core.package_identification:_identify(src) by extension 'ignore_ament_install'
[0.321s] Level 1:colcon.colcon_core.package_identification:_identify(src) by extensions ['colcon_pkg']
[0.321s] Level 1:colcon.colcon_core.package_identification:_identify(src) by extension 'colcon_pkg'
[0.321s] Level 1:colcon.colcon_core.package_identification:_identify(src) by extensions ['colcon_meta']
[0.321s] Level 1:colcon.colcon_core.package_identification:_identify(src) by extension 'colcon_meta'
[0.321s] Level 1:colcon.colcon_core.package_identification:_identify(src) by extensions ['ros']
[0.321s] Level 1:colcon.colcon_core.package_identification:_identify(src) by extension 'ros'
[0.321s] Level 1:colcon.colcon_core.package_identification:_identify(src) by extensions ['cmake', 'python']
[0.321s] Level 1:colcon.colcon_core.package_identification:_identify(src) by extension 'cmake'
[0.321s] Level 1:colcon.colcon_core.package_identification:_identify(src) by extension 'python'
[0.321s] Level 1:colcon.colcon_core.package_identification:_identify(src) by extensions ['python_setup_py']
[0.321s] Level 1:colcon.colcon_core.package_identification:_identify(src) by extension 'python_setup_py'
[0.322s] Level 1:colcon.colcon_core.package_identification:_identify(src/YOLOX-ROS) by extensions ['ignore', 'ignore_ament_install']
[0.322s] Level 1:colcon.colcon_core.package_identification:_identify(src/YOLOX-ROS) by extension 'ignore'
[0.322s] Level 1:colcon.colcon_core.package_identification:_identify(src/YOLOX-ROS) by extension 'ignore_ament_install'
[0.322s] Level 1:colcon.colcon_core.package_identification:_identify(src/YOLOX-ROS) by extensions ['colcon_pkg']
[0.322s] Level 1:colcon.colcon_core.package_identification:_identify(src/YOLOX-ROS) by extension 'colcon_pkg'
[0.322s] Level 1:colcon.colcon_core.package_identification:_identify(src/YOLOX-ROS) by extensions ['colcon_meta']
[0.322s] Level 1:colcon.colcon_core.package_identification:_identify(src/YOLOX-ROS) by extension 'colcon_meta'
[0.322s] Level 1:colcon.colcon_core.package_identification:_identify(src/YOLOX-ROS) by extensions ['ros']
[0.322s] Level 1:colcon.colcon_core.package_identification:_identify(src/YOLOX-ROS) by extension 'ros'
[0.322s] Level 1:colcon.colcon_core.package_identification:_identify(src/YOLOX-ROS) by extensions ['cmake', 'python']
[0.322s] Level 1:colcon.colcon_core.package_identification:_identify(src/YOLOX-ROS) by extension 'cmake'
[0.322s] Level 1:colcon.colcon_core.package_identification:_identify(src/YOLOX-ROS) by extension 'python'
[0.322s] Level 1:colcon.colcon_core.package_identification:_identify(src/YOLOX-ROS) by extensions ['python_setup_py']
[0.322s] Level 1:colcon.colcon_core.package_identification:_identify(src/YOLOX-ROS) by extension 'python_setup_py'
[0.322s] Level 1:colcon.colcon_core.package_identification:_identify(src/YOLOX-ROS/bbox_ex_msgs) by extensions ['ignore', 'ignore_ament_install']
[0.322s] Level 1:colcon.colcon_core.package_identification:_identify(src/YOLOX-ROS/bbox_ex_msgs) by extension 'ignore'
[0.323s] Level 1:colcon.colcon_core.package_identification:_identify(src/YOLOX-ROS/bbox_ex_msgs) by extension 'ignore_ament_install'
[0.323s] Level 1:colcon.colcon_core.package_identification:_identify(src/YOLOX-ROS/bbox_ex_msgs) by extensions ['colcon_pkg']
[0.323s] Level 1:colcon.colcon_core.package_identification:_identify(src/YOLOX-ROS/bbox_ex_msgs) by extension 'colcon_pkg'
[0.323s] Level 1:colcon.colcon_core.package_identification:_identify(src/YOLOX-ROS/bbox_ex_msgs) by extensions ['colcon_meta']
[0.323s] Level 1:colcon.colcon_core.package_identification:_identify(src/YOLOX-ROS/bbox_ex_msgs) by extension 'colcon_meta'
[0.323s] Level 1:colcon.colcon_core.package_identification:_identify(src/YOLOX-ROS/bbox_ex_msgs) by extensions ['ros']
[0.323s] Level 1:colcon.colcon_core.package_identification:_identify(src/YOLOX-ROS/bbox_ex_msgs) by extension 'ros'
[0.325s] DEBUG:colcon.colcon_core.package_identification:Package 'src/YOLOX-ROS/bbox_ex_msgs' with type 'ros.ament_cmake' and name 'bboxes_ex_msgs'
[0.325s] Level 1:colcon.colcon_core.package_identification:_identify(src/YOLOX-ROS/images_for_readme) by extensions ['ignore', 'ignore_ament_install']
[0.325s] Level 1:colcon.colcon_core.package_identification:_identify(src/YOLOX-ROS/images_for_readme) by extension 'ignore'
[0.325s] Level 1:colcon.colcon_core.package_identification:_identify(src/YOLOX-ROS/images_for_readme) by extension 'ignore_ament_install'
[0.325s] Level 1:colcon.colcon_core.package_identification:_identify(src/YOLOX-ROS/images_for_readme) by extensions ['colcon_pkg']
[0.325s] Level 1:colcon.colcon_core.package_identification:_identify(src/YOLOX-ROS/images_for_readme) by extension 'colcon_pkg'
[0.325s] Level 1:colcon.colcon_core.package_identification:_identify(src/YOLOX-ROS/images_for_readme) by extensions ['colcon_meta']
[0.325s] Level 1:colcon.colcon_core.package_identification:_identify(src/YOLOX-ROS/images_for_readme) by extension 'colcon_meta'
[0.325s] Level 1:colcon.colcon_core.package_identification:_identify(src/YOLOX-ROS/images_for_readme) by extensions ['ros']
[0.325s] Level 1:colcon.colcon_core.package_identification:_identify(src/YOLOX-ROS/images_for_readme) by extension 'ros'
[0.325s] Level 1:colcon.colcon_core.package_identification:_identify(src/YOLOX-ROS/images_for_readme) by extensions ['cmake', 'python']
[0.325s] Level 1:colcon.colcon_core.package_identification:_identify(src/YOLOX-ROS/images_for_readme) by extension 'cmake'
[0.325s] Level 1:colcon.colcon_core.package_identification:_identify(src/YOLOX-ROS/images_for_readme) by extension 'python'
[0.325s] Level 1:colcon.colcon_core.package_identification:_identify(src/YOLOX-ROS/images_for_readme) by extensions ['python_setup_py']
[0.325s] Level 1:colcon.colcon_core.package_identification:_identify(src/YOLOX-ROS/images_for_readme) by extension 'python_setup_py'
[0.325s] Level 1:colcon.colcon_core.package_identification:_identify(src/YOLOX-ROS/weights) by extensions ['ignore', 'ignore_ament_install']
[0.326s] Level 1:colcon.colcon_core.package_identification:_identify(src/YOLOX-ROS/weights) by extension 'ignore'
[0.326s] Level 1:colcon.colcon_core.package_identification:_identify(src/YOLOX-ROS/weights) by extension 'ignore_ament_install'
[0.326s] Level 1:colcon.colcon_core.package_identification:_identify(src/YOLOX-ROS/weights) by extensions ['colcon_pkg']
[0.326s] Level 1:colcon.colcon_core.package_identification:_identify(src/YOLOX-ROS/weights) by extension 'colcon_pkg'
[0.326s] Level 1:colcon.colcon_core.package_identification:_identify(src/YOLOX-ROS/weights) by extensions ['colcon_meta']
[0.326s] Level 1:colcon.colcon_core.package_identification:_identify(src/YOLOX-ROS/weights) by extension 'colcon_meta'
[0.326s] Level 1:colcon.colcon_core.package_identification:_identify(src/YOLOX-ROS/weights) by extensions ['ros']
[0.326s] Level 1:colcon.colcon_core.package_identification:_identify(src/YOLOX-ROS/weights) by extension 'ros'
[0.326s] Level 1:colcon.colcon_core.package_identification:_identify(src/YOLOX-ROS/weights) by extensions ['cmake', 'python']
[0.326s] Level 1:colcon.colcon_core.package_identification:_identify(src/YOLOX-ROS/weights) by extension 'cmake'
[0.326s] Level 1:colcon.colcon_core.package_identification:_identify(src/YOLOX-ROS/weights) by extension 'python'
[0.326s] Level 1:colcon.colcon_core.package_identification:_identify(src/YOLOX-ROS/weights) by extensions ['python_setup_py']
[0.326s] Level 1:colcon.colcon_core.package_identification:_identify(src/YOLOX-ROS/weights) by extension 'python_setup_py'
[0.326s] Level 1:colcon.colcon_core.package_identification:_identify(src/YOLOX-ROS/weights/onnx) by extensions ['ignore', 'ignore_ament_install']
[0.326s] Level 1:colcon.colcon_core.package_identification:_identify(src/YOLOX-ROS/weights/onnx) by extension 'ignore'
[0.326s] Level 1:colcon.colcon_core.package_identification:_identify(src/YOLOX-ROS/weights/onnx) by extension 'ignore_ament_install'
[0.327s] Level 1:colcon.colcon_core.package_identification:_identify(src/YOLOX-ROS/weights/onnx) by extensions ['colcon_pkg']
[0.327s] Level 1:colcon.colcon_core.package_identification:_identify(src/YOLOX-ROS/weights/onnx) by extension 'colcon_pkg'
[0.327s] Level 1:colcon.colcon_core.package_identification:_identify(src/YOLOX-ROS/weights/onnx) by extensions ['colcon_meta']
[0.327s] Level 1:colcon.colcon_core.package_identification:_identify(src/YOLOX-ROS/weights/onnx) by extension 'colcon_meta'
[0.327s] Level 1:colcon.colcon_core.package_identification:_identify(src/YOLOX-ROS/weights/onnx) by extensions ['ros']
[0.327s] Level 1:colcon.colcon_core.package_identification:_identify(src/YOLOX-ROS/weights/onnx) by extension 'ros'
[0.327s] Level 1:colcon.colcon_core.package_identification:_identify(src/YOLOX-ROS/weights/onnx) by extensions ['cmake', 'python']
[0.327s] Level 1:colcon.colcon_core.package_identification:_identify(src/YOLOX-ROS/weights/onnx) by extension 'cmake'
[0.327s] Level 1:colcon.colcon_core.package_identification:_identify(src/YOLOX-ROS/weights/onnx) by extension 'python'
[0.327s] Level 1:colcon.colcon_core.package_identification:_identify(src/YOLOX-ROS/weights/onnx) by extensions ['python_setup_py']
[0.327s] Level 1:colcon.colcon_core.package_identification:_identify(src/YOLOX-ROS/weights/onnx) by extension 'python_setup_py'
[0.327s] Level 1:colcon.colcon_core.package_identification:_identify(src/YOLOX-ROS/weights/openvino) by extensions ['ignore', 'ignore_ament_install']
[0.327s] Level 1:colcon.colcon_core.package_identification:_identify(src/YOLOX-ROS/weights/openvino) by extension 'ignore'
[0.327s] Level 1:colcon.colcon_core.package_identification:_identify(src/YOLOX-ROS/weights/openvino) by extension 'ignore_ament_install'
[0.327s] Level 1:colcon.colcon_core.package_identification:_identify(src/YOLOX-ROS/weights/openvino) by extensions ['colcon_pkg']
[0.327s] Level 1:colcon.colcon_core.package_identification:_identify(src/YOLOX-ROS/weights/openvino) by extension 'colcon_pkg'
[0.327s] Level 1:colcon.colcon_core.package_identification:_identify(src/YOLOX-ROS/weights/openvino) by extensions ['colcon_meta']
[0.327s] Level 1:colcon.colcon_core.package_identification:_identify(src/YOLOX-ROS/weights/openvino) by extension 'colcon_meta'
[0.328s] Level 1:colcon.colcon_core.package_identification:_identify(src/YOLOX-ROS/weights/openvino) by extensions ['ros']
[0.328s] Level 1:colcon.colcon_core.package_identification:_identify(src/YOLOX-ROS/weights/openvino) by extension 'ros'
[0.328s] Level 1:colcon.colcon_core.package_identification:_identify(src/YOLOX-ROS/weights/openvino) by extensions ['cmake', 'python']
[0.328s] Level 1:colcon.colcon_core.package_identification:_identify(src/YOLOX-ROS/weights/openvino) by extension 'cmake'
[0.328s] Level 1:colcon.colcon_core.package_identification:_identify(src/YOLOX-ROS/weights/openvino) by extension 'python'
[0.328s] Level 1:colcon.colcon_core.package_identification:_identify(src/YOLOX-ROS/weights/openvino) by extensions ['python_setup_py']
[0.328s] Level 1:colcon.colcon_core.package_identification:_identify(src/YOLOX-ROS/weights/openvino) by extension 'python_setup_py'
[0.328s] Level 1:colcon.colcon_core.package_identification:_identify(src/YOLOX-ROS/weights/tensorrt) by extensions ['ignore', 'ignore_ament_install']
[0.328s] Level 1:colcon.colcon_core.package_identification:_identify(src/YOLOX-ROS/weights/tensorrt) by extension 'ignore'
[0.328s] Level 1:colcon.colcon_core.package_identification:_identify(src/YOLOX-ROS/weights/tensorrt) by extension 'ignore_ament_install'
[0.328s] Level 1:colcon.colcon_core.package_identification:_identify(src/YOLOX-ROS/weights/tensorrt) by extensions ['colcon_pkg']
[0.328s] Level 1:colcon.colcon_core.package_identification:_identify(src/YOLOX-ROS/weights/tensorrt) by extension 'colcon_pkg'
[0.328s] Level 1:colcon.colcon_core.package_identification:_identify(src/YOLOX-ROS/weights/tensorrt) by extensions ['colcon_meta']
[0.328s] Level 1:colcon.colcon_core.package_identification:_identify(src/YOLOX-ROS/weights/tensorrt) by extension 'colcon_meta'
[0.328s] Level 1:colcon.colcon_core.package_identification:_identify(src/YOLOX-ROS/weights/tensorrt) by extensions ['ros']
[0.328s] Level 1:colcon.colcon_core.package_identification:_identify(src/YOLOX-ROS/weights/tensorrt) by extension 'ros'
[0.328s] Level 1:colcon.colcon_core.package_identification:_identify(src/YOLOX-ROS/weights/tensorrt) by extensions ['cmake', 'python']
[0.329s] Level 1:colcon.colcon_core.package_identification:_identify(src/YOLOX-ROS/weights/tensorrt) by extension 'cmake'
[0.329s] Level 1:colcon.colcon_core.package_identification:_identify(src/YOLOX-ROS/weights/tensorrt) by extension 'python'
[0.329s] Level 1:colcon.colcon_core.package_identification:_identify(src/YOLOX-ROS/weights/tensorrt) by extensions ['python_setup_py']
[0.329s] Level 1:colcon.colcon_core.package_identification:_identify(src/YOLOX-ROS/weights/tensorrt) by extension 'python_setup_py'
[0.329s] Level 1:colcon.colcon_core.package_identification:_identify(src/YOLOX-ROS/weights/tflite) by extensions ['ignore', 'ignore_ament_install']
[0.329s] Level 1:colcon.colcon_core.package_identification:_identify(src/YOLOX-ROS/weights/tflite) by extension 'ignore'
[0.329s] Level 1:colcon.colcon_core.package_identification:_identify(src/YOLOX-ROS/weights/tflite) by extension 'ignore_ament_install'
[0.329s] Level 1:colcon.colcon_core.package_identification:_identify(src/YOLOX-ROS/weights/tflite) by extensions ['colcon_pkg']
[0.329s] Level 1:colcon.colcon_core.package_identification:_identify(src/YOLOX-ROS/weights/tflite) by extension 'colcon_pkg'
[0.329s] Level 1:colcon.colcon_core.package_identification:_identify(src/YOLOX-ROS/weights/tflite) by extensions ['colcon_meta']
[0.329s] Level 1:colcon.colcon_core.package_identification:_identify(src/YOLOX-ROS/weights/tflite) by extension 'colcon_meta'
[0.329s] Level 1:colcon.colcon_core.package_identification:_identify(src/YOLOX-ROS/weights/tflite) by extensions ['ros']
[0.329s] Level 1:colcon.colcon_core.package_identification:_identify(src/YOLOX-ROS/weights/tflite) by extension 'ros'
[0.329s] Level 1:colcon.colcon_core.package_identification:_identify(src/YOLOX-ROS/weights/tflite) by extensions ['cmake', 'python']
[0.329s] Level 1:colcon.colcon_core.package_identification:_identify(src/YOLOX-ROS/weights/tflite) by extension 'cmake'
[0.329s] Level 1:colcon.colcon_core.package_identification:_identify(src/YOLOX-ROS/weights/tflite) by extension 'python'
[0.329s] Level 1:colcon.colcon_core.package_identification:_identify(src/YOLOX-ROS/weights/tflite) by extensions ['python_setup_py']
[0.329s] Level 1:colcon.colcon_core.package_identification:_identify(src/YOLOX-ROS/weights/tflite) by extension 'python_setup_py'
[0.330s] Level 1:colcon.colcon_core.package_identification:_identify(src/YOLOX-ROS/yolox_ros_py) by extensions ['ignore', 'ignore_ament_install']
[0.330s] Level 1:colcon.colcon_core.package_identification:_identify(src/YOLOX-ROS/yolox_ros_py) by extension 'ignore'
[0.330s] Level 1:colcon.colcon_core.package_identification:_identify(src/YOLOX-ROS/yolox_ros_py) by extension 'ignore_ament_install'
[0.330s] Level 1:colcon.colcon_core.package_identification:_identify(src/YOLOX-ROS/yolox_ros_py) by extensions ['colcon_pkg']
[0.330s] Level 1:colcon.colcon_core.package_identification:_identify(src/YOLOX-ROS/yolox_ros_py) by extension 'colcon_pkg'
[0.330s] Level 1:colcon.colcon_core.package_identification:_identify(src/YOLOX-ROS/yolox_ros_py) by extensions ['colcon_meta']
[0.330s] Level 1:colcon.colcon_core.package_identification:_identify(src/YOLOX-ROS/yolox_ros_py) by extension 'colcon_meta'
[0.330s] Level 1:colcon.colcon_core.package_identification:_identify(src/YOLOX-ROS/yolox_ros_py) by extensions ['ros']
[0.330s] Level 1:colcon.colcon_core.package_identification:_identify(src/YOLOX-ROS/yolox_ros_py) by extension 'ros'
[0.330s] DEBUG:colcon.colcon_core.package_identification:Package 'src/YOLOX-ROS/yolox_ros_py' with type 'ros.ament_python' and name 'yolox_ros_py'
[0.330s] Level 1:colcon.colcon_core.package_identification:_identify(src/urdf_study) by extensions ['ignore', 'ignore_ament_install']
[0.331s] Level 1:colcon.colcon_core.package_identification:_identify(src/urdf_study) by extension 'ignore'
[0.331s] Level 1:colcon.colcon_core.package_identification:_identify(src/urdf_study) by extension 'ignore_ament_install'
[0.331s] Level 1:colcon.colcon_core.package_identification:_identify(src/urdf_study) by extensions ['colcon_pkg']
[0.331s] Level 1:colcon.colcon_core.package_identification:_identify(src/urdf_study) by extension 'colcon_pkg'
[0.331s] Level 1:colcon.colcon_core.package_identification:_identify(src/urdf_study) by extensions ['colcon_meta']
[0.331s] Level 1:colcon.colcon_core.package_identification:_identify(src/urdf_study) by extension 'colcon_meta'
[0.331s] Level 1:colcon.colcon_core.package_identification:_identify(src/urdf_study) by extensions ['ros']
[0.331s] Level 1:colcon.colcon_core.package_identification:_identify(src/urdf_study) by extension 'ros'
[0.331s] DEBUG:colcon.colcon_core.package_identification:Package 'src/urdf_study' with type 'ros.ament_cmake' and name 'urdf_study'
[0.331s] Level 1:colcon.colcon_core.package_identification:_identify(src/video_test) by extensions ['ignore', 'ignore_ament_install']
[0.331s] Level 1:colcon.colcon_core.package_identification:_identify(src/video_test) by extension 'ignore'
[0.332s] Level 1:colcon.colcon_core.package_identification:_identify(src/video_test) by extension 'ignore_ament_install'
[0.332s] Level 1:colcon.colcon_core.package_identification:_identify(src/video_test) by extensions ['colcon_pkg']
[0.332s] Level 1:colcon.colcon_core.package_identification:_identify(src/video_test) by extension 'colcon_pkg'
[0.332s] Level 1:colcon.colcon_core.package_identification:_identify(src/video_test) by extensions ['colcon_meta']
[0.332s] Level 1:colcon.colcon_core.package_identification:_identify(src/video_test) by extension 'colcon_meta'
[0.332s] Level 1:colcon.colcon_core.package_identification:_identify(src/video_test) by extensions ['ros']
[0.332s] Level 1:colcon.colcon_core.package_identification:_identify(src/video_test) by extension 'ros'
[0.332s] DEBUG:colcon.colcon_core.package_identification:Package 'src/video_test' with type 'ros.ament_python' and name 'video_test'
[0.332s] Level 1:colcon.colcon_core.package_discovery:discover_packages(recursive) using defaults
[0.332s] Level 1:colcon.colcon_core.package_discovery:discover_packages(ignore) discover
[0.332s] Level 1:colcon.colcon_core.package_discovery:discover_packages(ignore) using defaults
[0.332s] Level 1:colcon.colcon_core.package_discovery:discover_packages(path) discover
[0.332s] Level 1:colcon.colcon_core.package_discovery:discover_packages(path) using defaults
[0.350s] Level 1:colcon.colcon_core.package_discovery:discover_packages(prefix_path) check parameters
[0.350s] Level 1:colcon.colcon_core.package_discovery:discover_packages(prefix_path) discover
[0.353s] DEBUG:colcon.colcon_installed_package_information.package_discovery:Found 3 installed packages in /home/j/urdf_study/install
[0.355s] DEBUG:colcon.colcon_installed_package_information.package_discovery:Found 55 installed packages in /home/j/ws_moveit2/install
[0.356s] DEBUG:colcon.colcon_installed_package_information.package_discovery:Found 321 installed packages in /opt/ros/humble
[0.358s] Level 1:colcon.colcon_core.package_discovery:discover_packages(prefix_path) using defaults
[0.410s] Level 5:colcon.colcon_core.verb:set package 'bboxes_ex_msgs' build argument 'cmake_args' from command line to 'None'
[0.410s] Level 5:colcon.colcon_core.verb:set package 'bboxes_ex_msgs' build argument 'cmake_target' from command line to 'None'
[0.410s] Level 5:colcon.colcon_core.verb:set package 'bboxes_ex_msgs' build argument 'cmake_target_skip_unavailable' from command line to 'False'
[0.410s] Level 5:colcon.colcon_core.verb:set package 'bboxes_ex_msgs' build argument 'cmake_clean_cache' from command line to 'False'
[0.410s] Level 5:colcon.colcon_core.verb:set package 'bboxes_ex_msgs' build argument 'cmake_clean_first' from command line to 'False'
[0.410s] Level 5:colcon.colcon_core.verb:set package 'bboxes_ex_msgs' build argument 'cmake_force_configure' from command line to 'False'
[0.410s] Level 5:colcon.colcon_core.verb:set package 'bboxes_ex_msgs' build argument 'ament_cmake_args' from command line to 'None'
[0.410s] Level 5:colcon.colcon_core.verb:set package 'bboxes_ex_msgs' build argument 'catkin_cmake_args' from command line to 'None'
[0.410s] Level 5:colcon.colcon_core.verb:set package 'bboxes_ex_msgs' build argument 'catkin_skip_building_tests' from command line to 'False'
[0.410s] DEBUG:colcon.colcon_core.verb:Building package 'bboxes_ex_msgs' with the following arguments: {'ament_cmake_args': None, 'build_base': '/home/j/urdf_study/build/bboxes_ex_msgs', 'catkin_cmake_args': None, 'catkin_skip_building_tests': False, 'cmake_args': None, 'cmake_clean_cache': False, 'cmake_clean_first': False, 'cmake_force_configure': False, 'cmake_target': None, 'cmake_target_skip_unavailable': False, 'install_base': '/home/j/urdf_study/install/bboxes_ex_msgs', 'merge_install': False, 'path': '/home/j/urdf_study/src/YOLOX-ROS/bbox_ex_msgs', 'symlink_install': False, 'test_result_base': None}
[0.411s] Level 5:colcon.colcon_core.verb:set package 'urdf_study' build argument 'cmake_args' from command line to 'None'
[0.411s] Level 5:colcon.colcon_core.verb:set package 'urdf_study' build argument 'cmake_target' from command line to 'None'
[0.411s] Level 5:colcon.colcon_core.verb:set package 'urdf_study' build argument 'cmake_target_skip_unavailable' from command line to 'False'
[0.411s] Level 5:colcon.colcon_core.verb:set package 'urdf_study' build argument 'cmake_clean_cache' from command line to 'False'
[0.411s] Level 5:colcon.colcon_core.verb:set package 'urdf_study' build argument 'cmake_clean_first' from command line to 'False'
[0.411s] Level 5:colcon.colcon_core.verb:set package 'urdf_study' build argument 'cmake_force_configure' from command line to 'False'
[0.411s] Level 5:colcon.colcon_core.verb:set package 'urdf_study' build argument 'ament_cmake_args' from command line to 'None'
[0.411s] Level 5:colcon.colcon_core.verb:set package 'urdf_study' build argument 'catkin_cmake_args' from command line to 'None'
[0.411s] Level 5:colcon.colcon_core.verb:set package 'urdf_study' build argument 'catkin_skip_building_tests' from command line to 'False'
[0.411s] DEBUG:colcon.colcon_core.verb:Building package 'urdf_study' with the following arguments: {'ament_cmake_args': None, 'build_base': '/home/j/urdf_study/build/urdf_study', 'catkin_cmake_args': None, 'catkin_skip_building_tests': False, 'cmake_args': None, 'cmake_clean_cache': False, 'cmake_clean_first': False, 'cmake_force_configure': False, 'cmake_target': None, 'cmake_target_skip_unavailable': False, 'install_base': '/home/j/urdf_study/install/urdf_study', 'merge_install': False, 'path': '/home/j/urdf_study/src/urdf_study', 'symlink_install': False, 'test_result_base': None}
[0.412s] Level 5:colcon.colcon_core.verb:set package 'video_test' build argument 'cmake_args' from command line to 'None'
[0.412s] Level 5:colcon.colcon_core.verb:set package 'video_test' build argument 'cmake_target' from command line to 'None'
[0.412s] Level 5:colcon.colcon_core.verb:set package 'video_test' build argument 'cmake_target_skip_unavailable' from command line to 'False'
[0.412s] Level 5:colcon.colcon_core.verb:set package 'video_test' build argument 'cmake_clean_cache' from command line to 'False'
[0.412s] Level 5:colcon.colcon_core.verb:set package 'video_test' build argument 'cmake_clean_first' from command line to 'False'
[0.412s] Level 5:colcon.colcon_core.verb:set package 'video_test' build argument 'cmake_force_configure' from command line to 'False'
[0.412s] Level 5:colcon.colcon_core.verb:set package 'video_test' build argument 'ament_cmake_args' from command line to 'None'
[0.412s] Level 5:colcon.colcon_core.verb:set package 'video_test' build argument 'catkin_cmake_args' from command line to 'None'
[0.412s] Level 5:colcon.colcon_core.verb:set package 'video_test' build argument 'catkin_skip_building_tests' from command line to 'False'
[0.412s] DEBUG:colcon.colcon_core.verb:Building package 'video_test' with the following arguments: {'ament_cmake_args': None, 'build_base': '/home/j/urdf_study/build/video_test', 'catkin_cmake_args': None, 'catkin_skip_building_tests': False, 'cmake_args': None, 'cmake_clean_cache': False, 'cmake_clean_first': False, 'cmake_force_configure': False, 'cmake_target': None, 'cmake_target_skip_unavailable': False, 'install_base': '/home/j/urdf_study/install/video_test', 'merge_install': False, 'path': '/home/j/urdf_study/src/video_test', 'symlink_install': False, 'test_result_base': None}
[0.413s] Level 5:colcon.colcon_core.verb:set package 'yolox_ros_py' build argument 'cmake_args' from command line to 'None'
[0.413s] Level 5:colcon.colcon_core.verb:set package 'yolox_ros_py' build argument 'cmake_target' from command line to 'None'
[0.413s] Level 5:colcon.colcon_core.verb:set package 'yolox_ros_py' build argument 'cmake_target_skip_unavailable' from command line to 'False'
[0.413s] Level 5:colcon.colcon_core.verb:set package 'yolox_ros_py' build argument 'cmake_clean_cache' from command line to 'False'
[0.413s] Level 5:colcon.colcon_core.verb:set package 'yolox_ros_py' build argument 'cmake_clean_first' from command line to 'False'
[0.413s] Level 5:colcon.colcon_core.verb:set package 'yolox_ros_py' build argument 'cmake_force_configure' from command line to 'False'
[0.413s] Level 5:colcon.colcon_core.verb:set package 'yolox_ros_py' build argument 'ament_cmake_args' from command line to 'None'
[0.413s] Level 5:colcon.colcon_core.verb:set package 'yolox_ros_py' build argument 'catkin_cmake_args' from command line to 'None'
[0.413s] Level 5:colcon.colcon_core.verb:set package 'yolox_ros_py' build argument 'catkin_skip_building_tests' from command line to 'False'
[0.413s] DEBUG:colcon.colcon_core.verb:Building package 'yolox_ros_py' with the following arguments: {'ament_cmake_args': None, 'build_base': '/home/j/urdf_study/build/yolox_ros_py', 'catkin_cmake_args': None, 'catkin_skip_building_tests': False, 'cmake_args': None, 'cmake_clean_cache': False, 'cmake_clean_first': False, 'cmake_force_configure': False, 'cmake_target': None, 'cmake_target_skip_unavailable': False, 'install_base': '/home/j/urdf_study/install/yolox_ros_py', 'merge_install': False, 'path': '/home/j/urdf_study/src/YOLOX-ROS/yolox_ros_py', 'symlink_install': False, 'test_result_base': None}
[0.414s] INFO:colcon.colcon_core.executor:Executing jobs using 'parallel' executor
[0.416s] DEBUG:colcon.colcon_parallel_executor.executor.parallel:run_until_complete
[0.416s] INFO:colcon.colcon_ros.task.ament_cmake.build:Building ROS package in '/home/j/urdf_study/src/YOLOX-ROS/bbox_ex_msgs' with build type 'ament_cmake'
[0.416s] INFO:colcon.colcon_cmake.task.cmake.build:Building CMake package in '/home/j/urdf_study/src/YOLOX-ROS/bbox_ex_msgs'
[0.420s] INFO:colcon.colcon_core.plugin_system:Skipping extension 'colcon_core.shell.bat': Not used on non-Windows systems
[0.420s] INFO:colcon.colcon_core.shell:Skip shell extension 'powershell' for command environment: Not usable outside of PowerShell
[0.420s] DEBUG:colcon.colcon_core.shell:Skip shell extension 'dsv' for command environment
[0.426s] INFO:colcon.colcon_ros.task.ament_cmake.build:Building ROS package in '/home/j/urdf_study/src/urdf_study' with build type 'ament_cmake'
[0.426s] INFO:colcon.colcon_cmake.task.cmake.build:Building CMake package in '/home/j/urdf_study/src/urdf_study'
[0.427s] INFO:colcon.colcon_core.shell:Skip shell extension 'powershell' for command environment: Not usable outside of PowerShell
[0.428s] DEBUG:colcon.colcon_core.shell:Skip shell extension 'dsv' for command environment
[0.435s] INFO:colcon.colcon_ros.task.ament_python.build:Building ROS package in '/home/j/urdf_study/src/video_test' with build type 'ament_python'
[0.435s] Level 1:colcon.colcon_core.shell:create_environment_hook('video_test', 'ament_prefix_path')
[0.436s] INFO:colcon.colcon_core.shell:Creating environment hook '/home/j/urdf_study/install/video_test/share/video_test/hook/ament_prefix_path.ps1'
[0.437s] INFO:colcon.colcon_core.shell:Creating environment descriptor '/home/j/urdf_study/install/video_test/share/video_test/hook/ament_prefix_path.dsv'
[0.437s] INFO:colcon.colcon_core.shell:Creating environment hook '/home/j/urdf_study/install/video_test/share/video_test/hook/ament_prefix_path.sh'
[0.439s] INFO:colcon.colcon_core.shell:Skip shell extension 'powershell' for command environment: Not usable outside of PowerShell
[0.439s] DEBUG:colcon.colcon_core.shell:Skip shell extension 'dsv' for command environment
[0.445s] INFO:colcon.colcon_ros.task.ament_python.build:Building ROS package in '/home/j/urdf_study/src/YOLOX-ROS/yolox_ros_py' with build type 'ament_python'
[0.445s] Level 1:colcon.colcon_core.shell:create_environment_hook('yolox_ros_py', 'ament_prefix_path')
[0.446s] INFO:colcon.colcon_core.shell:Creating environment hook '/home/j/urdf_study/install/yolox_ros_py/share/yolox_ros_py/hook/ament_prefix_path.ps1'
[0.447s] INFO:colcon.colcon_core.shell:Creating environment descriptor '/home/j/urdf_study/install/yolox_ros_py/share/yolox_ros_py/hook/ament_prefix_path.dsv'
[0.447s] INFO:colcon.colcon_core.shell:Creating environment hook '/home/j/urdf_study/install/yolox_ros_py/share/yolox_ros_py/hook/ament_prefix_path.sh'
[0.449s] INFO:colcon.colcon_core.shell:Skip shell extension 'powershell' for command environment: Not usable outside of PowerShell
[0.449s] DEBUG:colcon.colcon_core.shell:Skip shell extension 'dsv' for command environment
[0.459s] DEBUG:colcon.colcon_core.event_handler.log_command:Invoking command in '/home/j/urdf_study/build/bboxes_ex_msgs': CMAKE_PREFIX_PATH=${CMAKE_PREFIX_PATH}:/home/j/urdf_study/install/yolox_ros_py:/home/j/urdf_study/install/video_test:/home/j/ws_moveit2/install/moveit_configs_utils:/home/j/ws_moveit2/install/launch_param_builder:/opt/ros/humble /home/j/.local/bin/cmake /home/j/urdf_study/src/YOLOX-ROS/bbox_ex_msgs -DCMAKE_INSTALL_PREFIX=/home/j/urdf_study/install/bboxes_ex_msgs
[0.462s] DEBUG:colcon.colcon_core.event_handler.log_command:Invoking command in '/home/j/urdf_study/build/urdf_study': CMAKE_PREFIX_PATH=${CMAKE_PREFIX_PATH}:/home/j/urdf_study/install/yolox_ros_py:/home/j/urdf_study/install/video_test:/home/j/ws_moveit2/install/moveit_configs_utils:/home/j/ws_moveit2/install/launch_param_builder:/opt/ros/humble /home/j/.local/bin/cmake /home/j/urdf_study/src/urdf_study -DCMAKE_INSTALL_PREFIX=/home/j/urdf_study/install/urdf_study
[0.714s] INFO:colcon.colcon_core.task.python.build:Building Python package in '/home/j/urdf_study/src/video_test'
[0.716s] INFO:colcon.colcon_core.shell:Skip shell extension 'powershell' for command environment: Not usable outside of PowerShell
[0.716s] DEBUG:colcon.colcon_core.shell:Skip shell extension 'dsv' for command environment
[0.994s] INFO:colcon.colcon_core.task.python.build:Building Python package in '/home/j/urdf_study/src/YOLOX-ROS/yolox_ros_py'
[0.995s] INFO:colcon.colcon_core.shell:Skip shell extension 'powershell' for command environment: Not usable outside of PowerShell
[0.995s] DEBUG:colcon.colcon_core.shell:Skip shell extension 'dsv' for command environment
[1.336s] DEBUG:colcon.colcon_core.event_handler.log_command:Invoked command in '/home/j/urdf_study/build/urdf_study' returned '0': CMAKE_PREFIX_PATH=${CMAKE_PREFIX_PATH}:/home/j/urdf_study/install/yolox_ros_py:/home/j/urdf_study/install/video_test:/home/j/ws_moveit2/install/moveit_configs_utils:/home/j/ws_moveit2/install/launch_param_builder:/opt/ros/humble /home/j/.local/bin/cmake /home/j/urdf_study/src/urdf_study -DCMAKE_INSTALL_PREFIX=/home/j/urdf_study/install/urdf_study
[1.338s] DEBUG:colcon.colcon_core.event_handler.log_command:Invoking command in '/home/j/urdf_study/build/urdf_study': CMAKE_PREFIX_PATH=${CMAKE_PREFIX_PATH}:/home/j/urdf_study/install/yolox_ros_py:/home/j/urdf_study/install/video_test:/home/j/ws_moveit2/install/moveit_configs_utils:/home/j/ws_moveit2/install/launch_param_builder:/opt/ros/humble /home/j/.local/bin/cmake --build /home/j/urdf_study/build/urdf_study -- -j12 -l12
[1.374s] DEBUG:colcon.colcon_core.event_handler.log_command:Invoking command in '/home/j/urdf_study/build/video_test': PYTHONPATH=/home/j/urdf_study/build/video_test/prefix_override:/home/j/urdf_study/install/video_test/lib/python3.10/site-packages:${PYTHONPATH} /usr/bin/python3 setup.py develop --uninstall --editable --build-directory /home/j/urdf_study/build/video_test/build
[1.375s] DEBUG:colcon.colcon_core.event_handler.log_command:Invoking command in '/home/j/urdf_study/build/yolox_ros_py': PYTHONPATH=/home/j/urdf_study/build/yolox_ros_py/prefix_override:/home/j/urdf_study/install/yolox_ros_py/lib/python3.10/site-packages:${PYTHONPATH} /usr/bin/python3 setup.py develop --uninstall --editable --build-directory /home/j/urdf_study/build/yolox_ros_py/build
[1.393s] DEBUG:colcon.colcon_core.event_handler.log_command:Invoked command in '/home/j/urdf_study/build/bboxes_ex_msgs' returned '0': CMAKE_PREFIX_PATH=${CMAKE_PREFIX_PATH}:/home/j/urdf_study/install/yolox_ros_py:/home/j/urdf_study/install/video_test:/home/j/ws_moveit2/install/moveit_configs_utils:/home/j/ws_moveit2/install/launch_param_builder:/opt/ros/humble /home/j/.local/bin/cmake /home/j/urdf_study/src/YOLOX-ROS/bbox_ex_msgs -DCMAKE_INSTALL_PREFIX=/home/j/urdf_study/install/bboxes_ex_msgs
[1.394s] DEBUG:colcon.colcon_core.event_handler.log_command:Invoking command in '/home/j/urdf_study/build/bboxes_ex_msgs': CMAKE_PREFIX_PATH=${CMAKE_PREFIX_PATH}:/home/j/urdf_study/install/yolox_ros_py:/home/j/urdf_study/install/video_test:/home/j/ws_moveit2/install/moveit_configs_utils:/home/j/ws_moveit2/install/launch_param_builder:/opt/ros/humble /home/j/.local/bin/cmake --build /home/j/urdf_study/build/bboxes_ex_msgs -- -j12 -l12
[1.417s] DEBUG:colcon.colcon_core.event_handler.log_command:Invoked command in '/home/j/urdf_study/build/urdf_study' returned '0': CMAKE_PREFIX_PATH=${CMAKE_PREFIX_PATH}:/home/j/urdf_study/install/yolox_ros_py:/home/j/urdf_study/install/video_test:/home/j/ws_moveit2/install/moveit_configs_utils:/home/j/ws_moveit2/install/launch_param_builder:/opt/ros/humble /home/j/.local/bin/cmake --build /home/j/urdf_study/build/urdf_study -- -j12 -l12
[1.569s] DEBUG:colcon.colcon_core.event_handler.log_command:Invoking command in '/home/j/urdf_study/build/urdf_study': CMAKE_PREFIX_PATH=${CMAKE_PREFIX_PATH}:/home/j/urdf_study/install/yolox_ros_py:/home/j/urdf_study/install/video_test:/home/j/ws_moveit2/install/moveit_configs_utils:/home/j/ws_moveit2/install/launch_param_builder:/opt/ros/humble /home/j/.local/bin/cmake --install /home/j/urdf_study/build/urdf_study
[1.624s] DEBUG:colcon.colcon_core.event_handler.log_command:Invoked command in '/home/j/urdf_study/build/urdf_study' returned '1': CMAKE_PREFIX_PATH=${CMAKE_PREFIX_PATH}:/home/j/urdf_study/install/yolox_ros_py:/home/j/urdf_study/install/video_test:/home/j/ws_moveit2/install/moveit_configs_utils:/home/j/ws_moveit2/install/launch_param_builder:/opt/ros/humble /home/j/.local/bin/cmake --install /home/j/urdf_study/build/urdf_study
[1.693s] Level 1:colcon.colcon_core.environment:create_environment_scripts_only(urdf_study)
[1.696s] Level 1:colcon.colcon_core.environment:checking '/home/j/urdf_study/install/urdf_study' for CMake module files
[1.697s] Level 1:colcon.colcon_core.environment:checking '/home/j/urdf_study/install/urdf_study' for CMake config files
[1.697s] Level 1:colcon.colcon_core.environment:checking '/home/j/urdf_study/install/urdf_study/bin'
[1.697s] Level 1:colcon.colcon_core.environment:checking '/home/j/urdf_study/install/urdf_study/lib/pkgconfig/urdf_study.pc'
[1.697s] Level 1:colcon.colcon_core.environment:checking '/home/j/urdf_study/install/urdf_study/lib/python3.10/site-packages'
[1.697s] Level 1:colcon.colcon_core.environment:checking '/home/j/urdf_study/install/urdf_study/bin'
[1.698s] INFO:colcon.colcon_core.shell:Creating package script '/home/j/urdf_study/install/urdf_study/share/urdf_study/package.ps1'
[1.699s] INFO:colcon.colcon_core.shell:Creating package descriptor '/home/j/urdf_study/install/urdf_study/share/urdf_study/package.dsv'
[1.699s] INFO:colcon.colcon_core.shell:Creating package script '/home/j/urdf_study/install/urdf_study/share/urdf_study/package.sh'
[1.700s] INFO:colcon.colcon_core.shell:Creating package script '/home/j/urdf_study/install/urdf_study/share/urdf_study/package.bash'
[1.700s] INFO:colcon.colcon_core.shell:Creating package script '/home/j/urdf_study/install/urdf_study/share/urdf_study/package.zsh'
[1.701s] Level 1:colcon.colcon_core.environment:create_file_with_runtime_dependencies(/home/j/urdf_study/install/urdf_study/share/colcon-core/packages/urdf_study)
[1.892s] DEBUG:colcon.colcon_parallel_executor.executor.parallel:closing loop
[1.892s] DEBUG:colcon.colcon_parallel_executor.executor.parallel:loop closed
[1.892s] DEBUG:colcon.colcon_parallel_executor.executor.parallel:run_until_complete finished with '1'
[1.893s] DEBUG:colcon.colcon_core.event_reactor:joining thread
[1.898s] INFO:colcon.colcon_core.plugin_system:Skipping extension 'colcon_notification.desktop_notification.terminal_notifier': Not used on non-Darwin systems
[1.898s] INFO:colcon.colcon_core.plugin_system:Skipping extension 'colcon_notification.desktop_notification.win32': Not used on non-Windows systems
[1.898s] INFO:colcon.colcon_notification.desktop_notification:Sending desktop notification using 'notify2'
[1.907s] DEBUG:colcon.colcon_core.event_reactor:joined thread
[1.908s] INFO:colcon.colcon_core.shell:Creating prefix script '/home/j/urdf_study/install/local_setup.ps1'
[1.909s] INFO:colcon.colcon_core.shell:Creating prefix util module '/home/j/urdf_study/install/_local_setup_util_ps1.py'
[1.910s] INFO:colcon.colcon_core.shell:Creating prefix chain script '/home/j/urdf_study/install/setup.ps1'
[1.913s] INFO:colcon.colcon_core.shell:Creating prefix script '/home/j/urdf_study/install/local_setup.sh'
[1.913s] INFO:colcon.colcon_core.shell:Creating prefix util module '/home/j/urdf_study/install/_local_setup_util_sh.py'
[1.913s] INFO:colcon.colcon_core.shell:Creating prefix chain script '/home/j/urdf_study/install/setup.sh'
[1.916s] INFO:colcon.colcon_core.shell:Creating prefix script '/home/j/urdf_study/install/local_setup.bash'
[1.917s] INFO:colcon.colcon_core.shell:Creating prefix chain script '/home/j/urdf_study/install/setup.bash'
[1.919s] INFO:colcon.colcon_core.shell:Creating prefix script '/home/j/urdf_study/install/local_setup.zsh'
[1.919s] INFO:colcon.colcon_core.shell:Creating prefix chain script '/home/j/urdf_study/install/setup.zsh'
