[0.998s] Invoking command in '/home/j/urdf_study/build/yolox_ros_py': PYTHONPATH=/home/j/urdf_study/build/yolox_ros_py/prefix_override:/home/j/urdf_study/install/yolox_ros_py/lib/python3.10/site-packages:${PYTHONPATH} /usr/bin/python3 setup.py develop --uninstall --editable --build-directory /home/j/urdf_study/build/yolox_ros_py/build
[1.243s] /usr/lib/python3/dist-packages/setuptools/dist.py:723: UserWarning: Usage of dash-separated 'script-dir' will not be supported in future versions. Please use the underscore name 'script_dir' instead
[1.243s]   warnings.warn(
[1.259s] running develop
[1.259s] /usr/lib/python3/dist-packages/setuptools/command/easy_install.py:158: EasyInstallDeprecationWarning: easy_install command is deprecated. Use build and pip and other standards-based tools.
[1.259s]   warnings.warn(
[1.261s] /usr/lib/python3/dist-packages/setuptools/command/install.py:34: SetuptoolsDeprecationWarning: setup.py install is deprecated. Use build and pip and other standards-based tools.
[1.261s]   warnings.warn(
[1.327s] /usr/lib/python3/dist-packages/pkg_resources/__init__.py:116: PkgResourcesDeprecationWarning: 1.16.0-unknown is an invalid version and will not be supported in a future release
[1.327s]   warnings.warn(
[1.327s] /usr/lib/python3/dist-packages/pkg_resources/__init__.py:116: PkgResourcesDeprecationWarning: 1.1build1 is an invalid version and will not be supported in a future release
[1.327s]   warnings.warn(
[1.327s] /usr/lib/python3/dist-packages/pkg_resources/__init__.py:116: PkgResourcesDeprecationWarning: 0.1.43ubuntu1 is an invalid version and will not be supported in a future release
[1.327s]   warnings.warn(
[1.477s] Invoked command in '/home/j/urdf_study/build/yolox_ros_py' returned '0': PYTHONPATH=/home/j/urdf_study/build/yolox_ros_py/prefix_override:/home/j/urdf_study/install/yolox_ros_py/lib/python3.10/site-packages:${PYTHONPATH} /usr/bin/python3 setup.py develop --uninstall --editable --build-directory /home/j/urdf_study/build/yolox_ros_py/build
[1.478s] Invoking command in '/home/j/urdf_study/src/YOLOX-ROS/yolox_ros_py': PYTHONPATH=/home/j/urdf_study/build/yolox_ros_py/prefix_override:/home/j/urdf_study/install/yolox_ros_py/lib/python3.10/site-packages:${PYTHONPATH} /usr/bin/python3 setup.py egg_info --egg-base ../../../build/yolox_ros_py build --build-base /home/j/urdf_study/build/yolox_ros_py/build install --record /home/j/urdf_study/build/yolox_ros_py/install.log --install-scripts $base/lib/yolox_ros_py --single-version-externally-managed
[1.694s] /usr/lib/python3/dist-packages/setuptools/dist.py:723: UserWarning: Usage of dash-separated 'script-dir' will not be supported in future versions. Please use the underscore name 'script_dir' instead
[1.694s]   warnings.warn(
[1.702s] running egg_info
[1.702s] writing ../../../build/yolox_ros_py/yolox_ros_py.egg-info/PKG-INFO
[1.703s] writing dependency_links to ../../../build/yolox_ros_py/yolox_ros_py.egg-info/dependency_links.txt
[1.703s] writing entry points to ../../../build/yolox_ros_py/yolox_ros_py.egg-info/entry_points.txt
[1.703s] writing requirements to ../../../build/yolox_ros_py/yolox_ros_py.egg-info/requires.txt
[1.703s] writing top-level names to ../../../build/yolox_ros_py/yolox_ros_py.egg-info/top_level.txt
[1.705s] reading manifest file '../../../build/yolox_ros_py/yolox_ros_py.egg-info/SOURCES.txt'
[1.706s] writing manifest file '../../../build/yolox_ros_py/yolox_ros_py.egg-info/SOURCES.txt'
[1.706s] running build
[1.707s] running build_py
[1.707s] running install
[1.707s] /usr/lib/python3/dist-packages/setuptools/command/install.py:34: SetuptoolsDeprecationWarning: setup.py install is deprecated. Use build and pip and other standards-based tools.
[1.707s]   warnings.warn(
[1.707s] running install_lib
[1.709s] running install_data
[1.709s] running install_egg_info
[1.711s] removing '/home/j/urdf_study/install/yolox_ros_py/lib/python3.10/site-packages/yolox_ros_py-0.3.2-py3.10.egg-info' (and everything under it)
[1.711s] Copying ../../../build/yolox_ros_py/yolox_ros_py.egg-info to /home/j/urdf_study/install/yolox_ros_py/lib/python3.10/site-packages/yolox_ros_py-0.3.2-py3.10.egg-info
[1.712s] running install_scripts
[1.719s] Installing yolox_onnx script to /home/j/urdf_study/install/yolox_ros_py/lib/yolox_ros_py
[1.719s] Installing yolox_openvino script to /home/j/urdf_study/install/yolox_ros_py/lib/yolox_ros_py
[1.719s] Installing yolox_ros script to /home/j/urdf_study/install/yolox_ros_py/lib/yolox_ros_py
[1.719s] Installing yolox_tflite script to /home/j/urdf_study/install/yolox_ros_py/lib/yolox_ros_py
[1.719s] writing list of installed files to '/home/j/urdf_study/build/yolox_ros_py/install.log'
[1.742s] Invoked command in '/home/j/urdf_study/src/YOLOX-ROS/yolox_ros_py' returned '0': PYTHONPATH=/home/j/urdf_study/build/yolox_ros_py/prefix_override:/home/j/urdf_study/install/yolox_ros_py/lib/python3.10/site-packages:${PYTHONPATH} /usr/bin/python3 setup.py egg_info --egg-base ../../../build/yolox_ros_py build --build-base /home/j/urdf_study/build/yolox_ros_py/build install --record /home/j/urdf_study/build/yolox_ros_py/install.log --install-scripts $base/lib/yolox_ros_py --single-version-externally-managed
