[0.034s] Invoking command in '/home/j/urdf_study/build/urdf_study': CMAKE_PREFIX_PATH=${CMAKE_PREFIX_PATH}:/home/j/urdf_study/install/yolox_ros_py:/home/j/urdf_study/install/video_test:/home/j/ws_moveit2/install/moveit_configs_utils:/home/j/ws_moveit2/install/launch_param_builder:/opt/ros/humble /home/j/.local/bin/cmake --build /home/j/urdf_study/build/urdf_study -- -j12 -l12
[0.303s] -- Found ament_cmake: 1.3.4 (/opt/ros/humble/share/ament_cmake/cmake)
[0.303s] -- Found ament_lint_auto: 0.12.6 (/opt/ros/humble/share/ament_lint_auto/cmake)
[0.303s] -- Added test 'flake8' to check Python code syntax and style conventions
[0.303s] -- Added test 'lint_cmake' to check CMake code style
[0.303s] -- Added test 'pep257' to check Python code against some of the docstring style conventions in PEP 257
[0.303s] -- Added test 'xmllint' to check XML markup files
[0.303s] -- Configuring done (0.2s)
[0.304s] -- Generating done (0.0s)
[0.304s] -- Build files have been written to: /home/j/urdf_study/build/urdf_study
[0.304s] Invoked command in '/home/j/urdf_study/build/urdf_study' returned '0': CMAKE_PREFIX_PATH=${CMAKE_PREFIX_PATH}:/home/j/urdf_study/install/yolox_ros_py:/home/j/urdf_study/install/video_test:/home/j/ws_moveit2/install/moveit_configs_utils:/home/j/ws_moveit2/install/launch_param_builder:/opt/ros/humble /home/j/.local/bin/cmake --build /home/j/urdf_study/build/urdf_study -- -j12 -l12
[0.636s] Invoking command in '/home/j/urdf_study/build/urdf_study': CMAKE_PREFIX_PATH=${CMAKE_PREFIX_PATH}:/home/j/urdf_study/install/yolox_ros_py:/home/j/urdf_study/install/video_test:/home/j/ws_moveit2/install/moveit_configs_utils:/home/j/ws_moveit2/install/launch_param_builder:/opt/ros/humble /home/j/.local/bin/cmake --install /home/j/urdf_study/build/urdf_study
[0.682s] -- Install configuration: ""
[0.682s] -- Up-to-date: /home/j/urdf_study/install/urdf_study/share/urdf_study/launch
[0.683s] -- Up-to-date: /home/j/urdf_study/install/urdf_study/share/urdf_study/launch/simple_display.launch.py
[0.683s] -- Installing: /home/j/urdf_study/install/urdf_study/share/urdf_study/urdf
[0.683s] -- Installing: /home/j/urdf_study/install/urdf_study/share/urdf_study/urdf/myfirst.urdf
[0.683s] -- Installing: /home/j/urdf_study/install/urdf_study/share/ament_index/resource_index/package_run_dependencies/urdf_study
[0.683s] -- Installing: /home/j/urdf_study/install/urdf_study/share/ament_index/resource_index/parent_prefix_path/urdf_study
[0.683s] -- Installing: /home/j/urdf_study/install/urdf_study/share/urdf_study/environment/ament_prefix_path.sh
[0.684s] -- Installing: /home/j/urdf_study/install/urdf_study/share/urdf_study/environment/ament_prefix_path.dsv
[0.684s] -- Installing: /home/j/urdf_study/install/urdf_study/share/urdf_study/environment/path.sh
[0.684s] -- Installing: /home/j/urdf_study/install/urdf_study/share/urdf_study/environment/path.dsv
[0.684s] -- Installing: /home/j/urdf_study/install/urdf_study/share/urdf_study/local_setup.bash
[0.684s] -- Installing: /home/j/urdf_study/install/urdf_study/share/urdf_study/local_setup.sh
[0.684s] -- Installing: /home/j/urdf_study/install/urdf_study/share/urdf_study/local_setup.zsh
[0.684s] -- Installing: /home/j/urdf_study/install/urdf_study/share/urdf_study/local_setup.dsv
[0.684s] -- Installing: /home/j/urdf_study/install/urdf_study/share/urdf_study/package.dsv
[0.684s] -- Installing: /home/j/urdf_study/install/urdf_study/share/ament_index/resource_index/packages/urdf_study
[0.684s] -- Installing: /home/j/urdf_study/install/urdf_study/share/urdf_study/cmake/urdf_studyConfig.cmake
[0.685s] -- Installing: /home/j/urdf_study/install/urdf_study/share/urdf_study/cmake/urdf_studyConfig-version.cmake
[0.685s] -- Installing: /home/j/urdf_study/install/urdf_study/share/urdf_study/package.xml
[0.694s] Invoked command in '/home/j/urdf_study/build/urdf_study' returned '0': CMAKE_PREFIX_PATH=${CMAKE_PREFIX_PATH}:/home/j/urdf_study/install/yolox_ros_py:/home/j/urdf_study/install/video_test:/home/j/ws_moveit2/install/moveit_configs_utils:/home/j/ws_moveit2/install/launch_param_builder:/opt/ros/humble /home/j/.local/bin/cmake --install /home/j/urdf_study/build/urdf_study
