[0.042s] Invoking command in '/home/j/urdf_study/build/bboxes_ex_msgs': CMAKE_PREFIX_PATH=${CMAKE_PREFIX_PATH}:/home/j/urdf_study/install/yolox_ros_py:/home/j/urdf_study/install/video_test:/home/j/ws_moveit2/install/moveit_configs_utils:/home/j/ws_moveit2/install/launch_param_builder:/opt/ros/humble /home/j/.local/bin/cmake --build /home/j/urdf_study/build/bboxes_ex_msgs -- -j12 -l12
[0.291s] [  2%] Built target bboxes_ex_msgs__cpp
[0.291s] [ 12%] Built target bboxes_ex_msgs__rosidl_generator_c
[0.293s] [ 12%] Built target ament_cmake_python_copy_bboxes_ex_msgs
[0.293s] [ 28%] Built target bboxes_ex_msgs__rosidl_typesupport_fastrtps_c
[0.293s] [ 33%] Built target bboxes_ex_msgs__rosidl_typesupport_introspection_cpp
[0.293s] [ 43%] Built target bboxes_ex_msgs__rosidl_typesupport_introspection_c
[0.294s] [ 53%] Built target bboxes_ex_msgs__rosidl_typesupport_c
[0.294s] [ 64%] Built target bboxes_ex_msgs__rosidl_typesupport_cpp
[0.294s] [ 74%] Built target bboxes_ex_msgs__rosidl_typesupport_fastrtps_cpp
[0.294s] [ 74%] Built target bboxes_ex_msgs
[0.294s] [ 76%] Built target bboxes_ex_msgs__py
[0.294s] [ 84%] Built target bboxes_ex_msgs__rosidl_generator_py
[0.294s] [100%] Built target bboxes_ex_msgs__rosidl_typesupport_c__pyext
[0.294s] [100%] Built target bboxes_ex_msgs__rosidl_typesupport_introspection_c__pyext
[0.294s] [100%] Built target bboxes_ex_msgs__rosidl_typesupport_fastrtps_c__pyext
[0.340s] running egg_info
[0.341s] writing bboxes_ex_msgs.egg-info/PKG-INFO
[0.341s] writing dependency_links to bboxes_ex_msgs.egg-info/dependency_links.txt
[0.341s] writing top-level names to bboxes_ex_msgs.egg-info/top_level.txt
[0.343s] reading manifest file 'bboxes_ex_msgs.egg-info/SOURCES.txt'
[0.343s] writing manifest file 'bboxes_ex_msgs.egg-info/SOURCES.txt'
[0.361s] [100%] Built target ament_cmake_python_build_bboxes_ex_msgs_egg
[0.555s] Invoked command in '/home/j/urdf_study/build/bboxes_ex_msgs' returned '0': CMAKE_PREFIX_PATH=${CMAKE_PREFIX_PATH}:/home/j/urdf_study/install/yolox_ros_py:/home/j/urdf_study/install/video_test:/home/j/ws_moveit2/install/moveit_configs_utils:/home/j/ws_moveit2/install/launch_param_builder:/opt/ros/humble /home/j/.local/bin/cmake --build /home/j/urdf_study/build/bboxes_ex_msgs -- -j12 -l12
[0.687s] Invoking command in '/home/j/urdf_study/build/bboxes_ex_msgs': CMAKE_PREFIX_PATH=${CMAKE_PREFIX_PATH}:/home/j/urdf_study/install/yolox_ros_py:/home/j/urdf_study/install/video_test:/home/j/ws_moveit2/install/moveit_configs_utils:/home/j/ws_moveit2/install/launch_param_builder:/opt/ros/humble /home/j/.local/bin/cmake --install /home/j/urdf_study/build/bboxes_ex_msgs
[0.735s] -- Install configuration: ""
[0.735s] -- Up-to-date: /home/j/urdf_study/install/bboxes_ex_msgs/share/ament_index/resource_index/rosidl_interfaces/bboxes_ex_msgs
[0.736s] -- Up-to-date: /home/j/urdf_study/install/bboxes_ex_msgs/include/bboxes_ex_msgs/bboxes_ex_msgs
[0.736s] -- Up-to-date: /home/j/urdf_study/install/bboxes_ex_msgs/include/bboxes_ex_msgs/bboxes_ex_msgs/msg
[0.736s] -- Up-to-date: /home/j/urdf_study/install/bboxes_ex_msgs/include/bboxes_ex_msgs/bboxes_ex_msgs/msg/bounding_boxes.h
[0.736s] -- Up-to-date: /home/j/urdf_study/install/bboxes_ex_msgs/include/bboxes_ex_msgs/bboxes_ex_msgs/msg/rosidl_generator_c__visibility_control.h
[0.736s] -- Up-to-date: /home/j/urdf_study/install/bboxes_ex_msgs/include/bboxes_ex_msgs/bboxes_ex_msgs/msg/bounding_box.h
[0.737s] -- Up-to-date: /home/j/urdf_study/install/bboxes_ex_msgs/include/bboxes_ex_msgs/bboxes_ex_msgs/msg/detail
[0.737s] -- Up-to-date: /home/j/urdf_study/install/bboxes_ex_msgs/include/bboxes_ex_msgs/bboxes_ex_msgs/msg/detail/bounding_box__type_support.h
[0.739s] -- Up-to-date: /home/j/urdf_study/install/bboxes_ex_msgs/include/bboxes_ex_msgs/bboxes_ex_msgs/msg/detail/bounding_boxes__functions.c
[0.739s] -- Up-to-date: /home/j/urdf_study/install/bboxes_ex_msgs/include/bboxes_ex_msgs/bboxes_ex_msgs/msg/detail/bounding_box__struct.h
[0.739s] -- Up-to-date: /home/j/urdf_study/install/bboxes_ex_msgs/include/bboxes_ex_msgs/bboxes_ex_msgs/msg/detail/bounding_box__functions.h
[0.740s] -- Up-to-date: /home/j/urdf_study/install/bboxes_ex_msgs/include/bboxes_ex_msgs/bboxes_ex_msgs/msg/detail/bounding_boxes__type_support.h
[0.740s] -- Up-to-date: /home/j/urdf_study/install/bboxes_ex_msgs/include/bboxes_ex_msgs/bboxes_ex_msgs/msg/detail/bounding_box__functions.c
[0.740s] -- Up-to-date: /home/j/urdf_study/install/bboxes_ex_msgs/include/bboxes_ex_msgs/bboxes_ex_msgs/msg/detail/bounding_boxes__functions.h
[0.740s] -- Up-to-date: /home/j/urdf_study/install/bboxes_ex_msgs/include/bboxes_ex_msgs/bboxes_ex_msgs/msg/detail/bounding_boxes__struct.h
[0.741s] -- Up-to-date: /home/j/urdf_study/install/bboxes_ex_msgs/share/bboxes_ex_msgs/environment/library_path.sh
[0.741s] -- Up-to-date: /home/j/urdf_study/install/bboxes_ex_msgs/share/bboxes_ex_msgs/environment/library_path.dsv
[0.741s] -- Up-to-date: /home/j/urdf_study/install/bboxes_ex_msgs/lib/libbboxes_ex_msgs__rosidl_generator_c.so
[0.741s] -- Up-to-date: /home/j/urdf_study/install/bboxes_ex_msgs/include/bboxes_ex_msgs/bboxes_ex_msgs
[0.742s] -- Up-to-date: /home/j/urdf_study/install/bboxes_ex_msgs/include/bboxes_ex_msgs/bboxes_ex_msgs/msg
[0.742s] -- Up-to-date: /home/j/urdf_study/install/bboxes_ex_msgs/include/bboxes_ex_msgs/bboxes_ex_msgs/msg/detail
[0.742s] -- Up-to-date: /home/j/urdf_study/install/bboxes_ex_msgs/include/bboxes_ex_msgs/bboxes_ex_msgs/msg/detail/bounding_box__rosidl_typesupport_fastrtps_c.h
[0.742s] -- Up-to-date: /home/j/urdf_study/install/bboxes_ex_msgs/include/bboxes_ex_msgs/bboxes_ex_msgs/msg/detail/bounding_boxes__rosidl_typesupport_fastrtps_c.h
[0.743s] -- Up-to-date: /home/j/urdf_study/install/bboxes_ex_msgs/include/bboxes_ex_msgs/bboxes_ex_msgs/msg/rosidl_typesupport_fastrtps_c__visibility_control.h
[0.743s] -- Up-to-date: /home/j/urdf_study/install/bboxes_ex_msgs/lib/libbboxes_ex_msgs__rosidl_typesupport_fastrtps_c.so
[0.743s] -- Up-to-date: /home/j/urdf_study/install/bboxes_ex_msgs/include/bboxes_ex_msgs/bboxes_ex_msgs
[0.743s] -- Up-to-date: /home/j/urdf_study/install/bboxes_ex_msgs/include/bboxes_ex_msgs/bboxes_ex_msgs/msg
[0.744s] -- Up-to-date: /home/j/urdf_study/install/bboxes_ex_msgs/include/bboxes_ex_msgs/bboxes_ex_msgs/msg/bounding_box.hpp
[0.744s] -- Up-to-date: /home/j/urdf_study/install/bboxes_ex_msgs/include/bboxes_ex_msgs/bboxes_ex_msgs/msg/bounding_boxes.hpp
[0.744s] -- Up-to-date: /home/j/urdf_study/install/bboxes_ex_msgs/include/bboxes_ex_msgs/bboxes_ex_msgs/msg/detail
[0.744s] -- Up-to-date: /home/j/urdf_study/install/bboxes_ex_msgs/include/bboxes_ex_msgs/bboxes_ex_msgs/msg/detail/bounding_boxes__builder.hpp
[0.744s] -- Up-to-date: /home/j/urdf_study/install/bboxes_ex_msgs/include/bboxes_ex_msgs/bboxes_ex_msgs/msg/detail/bounding_boxes__traits.hpp
[0.744s] -- Up-to-date: /home/j/urdf_study/install/bboxes_ex_msgs/include/bboxes_ex_msgs/bboxes_ex_msgs/msg/detail/bounding_boxes__struct.hpp
[0.744s] -- Up-to-date: /home/j/urdf_study/install/bboxes_ex_msgs/include/bboxes_ex_msgs/bboxes_ex_msgs/msg/detail/bounding_box__traits.hpp
[0.744s] -- Up-to-date: /home/j/urdf_study/install/bboxes_ex_msgs/include/bboxes_ex_msgs/bboxes_ex_msgs/msg/detail/bounding_box__builder.hpp
[0.744s] -- Up-to-date: /home/j/urdf_study/install/bboxes_ex_msgs/include/bboxes_ex_msgs/bboxes_ex_msgs/msg/detail/bounding_box__struct.hpp
[0.744s] -- Up-to-date: /home/j/urdf_study/install/bboxes_ex_msgs/include/bboxes_ex_msgs/bboxes_ex_msgs
[0.744s] -- Up-to-date: /home/j/urdf_study/install/bboxes_ex_msgs/include/bboxes_ex_msgs/bboxes_ex_msgs/msg
[0.744s] -- Up-to-date: /home/j/urdf_study/install/bboxes_ex_msgs/include/bboxes_ex_msgs/bboxes_ex_msgs/msg/rosidl_typesupport_fastrtps_cpp__visibility_control.h
[0.744s] -- Up-to-date: /home/j/urdf_study/install/bboxes_ex_msgs/include/bboxes_ex_msgs/bboxes_ex_msgs/msg/detail
[0.744s] -- Up-to-date: /home/j/urdf_study/install/bboxes_ex_msgs/include/bboxes_ex_msgs/bboxes_ex_msgs/msg/detail/bounding_boxes__rosidl_typesupport_fastrtps_cpp.hpp
[0.744s] -- Up-to-date: /home/j/urdf_study/install/bboxes_ex_msgs/include/bboxes_ex_msgs/bboxes_ex_msgs/msg/detail/dds_fastrtps
[0.745s] -- Up-to-date: /home/j/urdf_study/install/bboxes_ex_msgs/include/bboxes_ex_msgs/bboxes_ex_msgs/msg/detail/bounding_box__rosidl_typesupport_fastrtps_cpp.hpp
[0.745s] -- Up-to-date: /home/j/urdf_study/install/bboxes_ex_msgs/lib/libbboxes_ex_msgs__rosidl_typesupport_fastrtps_cpp.so
[0.745s] -- Up-to-date: /home/j/urdf_study/install/bboxes_ex_msgs/include/bboxes_ex_msgs/bboxes_ex_msgs
[0.745s] -- Up-to-date: /home/j/urdf_study/install/bboxes_ex_msgs/include/bboxes_ex_msgs/bboxes_ex_msgs/msg
[0.745s] -- Up-to-date: /home/j/urdf_study/install/bboxes_ex_msgs/include/bboxes_ex_msgs/bboxes_ex_msgs/msg/rosidl_typesupport_introspection_c__visibility_control.h
[0.745s] -- Up-to-date: /home/j/urdf_study/install/bboxes_ex_msgs/include/bboxes_ex_msgs/bboxes_ex_msgs/msg/detail
[0.745s] -- Up-to-date: /home/j/urdf_study/install/bboxes_ex_msgs/include/bboxes_ex_msgs/bboxes_ex_msgs/msg/detail/bounding_boxes__type_support.c
[0.745s] -- Up-to-date: /home/j/urdf_study/install/bboxes_ex_msgs/include/bboxes_ex_msgs/bboxes_ex_msgs/msg/detail/bounding_box__type_support.c
[0.745s] -- Up-to-date: /home/j/urdf_study/install/bboxes_ex_msgs/include/bboxes_ex_msgs/bboxes_ex_msgs/msg/detail/bounding_box__rosidl_typesupport_introspection_c.h
[0.745s] -- Up-to-date: /home/j/urdf_study/install/bboxes_ex_msgs/include/bboxes_ex_msgs/bboxes_ex_msgs/msg/detail/bounding_boxes__rosidl_typesupport_introspection_c.h
[0.745s] -- Up-to-date: /home/j/urdf_study/install/bboxes_ex_msgs/lib/libbboxes_ex_msgs__rosidl_typesupport_introspection_c.so
[0.745s] -- Up-to-date: /home/j/urdf_study/install/bboxes_ex_msgs/lib/libbboxes_ex_msgs__rosidl_typesupport_c.so
[0.745s] -- Up-to-date: /home/j/urdf_study/install/bboxes_ex_msgs/include/bboxes_ex_msgs/bboxes_ex_msgs
[0.746s] -- Up-to-date: /home/j/urdf_study/install/bboxes_ex_msgs/include/bboxes_ex_msgs/bboxes_ex_msgs/msg
[0.746s] -- Up-to-date: /home/j/urdf_study/install/bboxes_ex_msgs/include/bboxes_ex_msgs/bboxes_ex_msgs/msg/detail
[0.746s] -- Up-to-date: /home/j/urdf_study/install/bboxes_ex_msgs/include/bboxes_ex_msgs/bboxes_ex_msgs/msg/detail/bounding_boxes__type_support.cpp
[0.746s] -- Up-to-date: /home/j/urdf_study/install/bboxes_ex_msgs/include/bboxes_ex_msgs/bboxes_ex_msgs/msg/detail/bounding_boxes__rosidl_typesupport_introspection_cpp.hpp
[0.746s] -- Up-to-date: /home/j/urdf_study/install/bboxes_ex_msgs/include/bboxes_ex_msgs/bboxes_ex_msgs/msg/detail/bounding_box__type_support.cpp
[0.746s] -- Up-to-date: /home/j/urdf_study/install/bboxes_ex_msgs/include/bboxes_ex_msgs/bboxes_ex_msgs/msg/detail/bounding_box__rosidl_typesupport_introspection_cpp.hpp
[0.746s] -- Up-to-date: /home/j/urdf_study/install/bboxes_ex_msgs/lib/libbboxes_ex_msgs__rosidl_typesupport_introspection_cpp.so
[0.746s] -- Up-to-date: /home/j/urdf_study/install/bboxes_ex_msgs/lib/libbboxes_ex_msgs__rosidl_typesupport_cpp.so
[0.746s] -- Up-to-date: /home/j/urdf_study/install/bboxes_ex_msgs/share/bboxes_ex_msgs/environment/pythonpath.sh
[0.746s] -- Up-to-date: /home/j/urdf_study/install/bboxes_ex_msgs/share/bboxes_ex_msgs/environment/pythonpath.dsv
[0.746s] -- Up-to-date: /home/j/urdf_study/install/bboxes_ex_msgs/local/lib/python3.10/dist-packages/bboxes_ex_msgs-0.0.0-py3.10.egg-info
[0.746s] -- Installing: /home/j/urdf_study/install/bboxes_ex_msgs/local/lib/python3.10/dist-packages/bboxes_ex_msgs-0.0.0-py3.10.egg-info/top_level.txt
[0.746s] -- Installing: /home/j/urdf_study/install/bboxes_ex_msgs/local/lib/python3.10/dist-packages/bboxes_ex_msgs-0.0.0-py3.10.egg-info/dependency_links.txt
[0.746s] -- Installing: /home/j/urdf_study/install/bboxes_ex_msgs/local/lib/python3.10/dist-packages/bboxes_ex_msgs-0.0.0-py3.10.egg-info/PKG-INFO
[0.746s] -- Installing: /home/j/urdf_study/install/bboxes_ex_msgs/local/lib/python3.10/dist-packages/bboxes_ex_msgs-0.0.0-py3.10.egg-info/SOURCES.txt
[0.746s] -- Up-to-date: /home/j/urdf_study/install/bboxes_ex_msgs/local/lib/python3.10/dist-packages/bboxes_ex_msgs
[0.746s] -- Up-to-date: /home/j/urdf_study/install/bboxes_ex_msgs/local/lib/python3.10/dist-packages/bboxes_ex_msgs/bboxes_ex_msgs_s__rosidl_typesupport_c.cpython-310-x86_64-linux-gnu.so
[0.746s] -- Up-to-date: /home/j/urdf_study/install/bboxes_ex_msgs/local/lib/python3.10/dist-packages/bboxes_ex_msgs/libbboxes_ex_msgs__rosidl_generator_py.so
[0.747s] -- Up-to-date: /home/j/urdf_study/install/bboxes_ex_msgs/local/lib/python3.10/dist-packages/bboxes_ex_msgs/bboxes_ex_msgs_s__rosidl_typesupport_introspection_c.cpython-310-x86_64-linux-gnu.so
[0.747s] -- Up-to-date: /home/j/urdf_study/install/bboxes_ex_msgs/local/lib/python3.10/dist-packages/bboxes_ex_msgs/__init__.py
[0.747s] -- Up-to-date: /home/j/urdf_study/install/bboxes_ex_msgs/local/lib/python3.10/dist-packages/bboxes_ex_msgs/_bboxes_ex_msgs_s.ep.rosidl_typesupport_fastrtps_c.c
[0.747s] -- Up-to-date: /home/j/urdf_study/install/bboxes_ex_msgs/local/lib/python3.10/dist-packages/bboxes_ex_msgs/bboxes_ex_msgs_s__rosidl_typesupport_fastrtps_c.cpython-310-x86_64-linux-gnu.so
[0.747s] -- Up-to-date: /home/j/urdf_study/install/bboxes_ex_msgs/local/lib/python3.10/dist-packages/bboxes_ex_msgs/_bboxes_ex_msgs_s.ep.rosidl_typesupport_introspection_c.c
[0.747s] -- Up-to-date: /home/j/urdf_study/install/bboxes_ex_msgs/local/lib/python3.10/dist-packages/bboxes_ex_msgs/msg
[0.747s] -- Up-to-date: /home/j/urdf_study/install/bboxes_ex_msgs/local/lib/python3.10/dist-packages/bboxes_ex_msgs/msg/_bounding_boxes.py
[0.747s] -- Up-to-date: /home/j/urdf_study/install/bboxes_ex_msgs/local/lib/python3.10/dist-packages/bboxes_ex_msgs/msg/__init__.py
[0.747s] -- Up-to-date: /home/j/urdf_study/install/bboxes_ex_msgs/local/lib/python3.10/dist-packages/bboxes_ex_msgs/msg/_bounding_boxes_s.c
[0.747s] -- Up-to-date: /home/j/urdf_study/install/bboxes_ex_msgs/local/lib/python3.10/dist-packages/bboxes_ex_msgs/msg/_bounding_box_s.c
[0.747s] -- Up-to-date: /home/j/urdf_study/install/bboxes_ex_msgs/local/lib/python3.10/dist-packages/bboxes_ex_msgs/msg/_bounding_box.py
[0.747s] -- Up-to-date: /home/j/urdf_study/install/bboxes_ex_msgs/local/lib/python3.10/dist-packages/bboxes_ex_msgs/_bboxes_ex_msgs_s.ep.rosidl_typesupport_c.c
[0.765s] Listing '/home/j/urdf_study/install/bboxes_ex_msgs/local/lib/python3.10/dist-packages/bboxes_ex_msgs'...
[0.765s] Listing '/home/j/urdf_study/install/bboxes_ex_msgs/local/lib/python3.10/dist-packages/bboxes_ex_msgs/msg'...
[0.769s] -- Up-to-date: /home/j/urdf_study/install/bboxes_ex_msgs/local/lib/python3.10/dist-packages/bboxes_ex_msgs/bboxes_ex_msgs_s__rosidl_typesupport_fastrtps_c.cpython-310-x86_64-linux-gnu.so
[0.769s] -- Up-to-date: /home/j/urdf_study/install/bboxes_ex_msgs/local/lib/python3.10/dist-packages/bboxes_ex_msgs/bboxes_ex_msgs_s__rosidl_typesupport_introspection_c.cpython-310-x86_64-linux-gnu.so
[0.769s] -- Up-to-date: /home/j/urdf_study/install/bboxes_ex_msgs/local/lib/python3.10/dist-packages/bboxes_ex_msgs/bboxes_ex_msgs_s__rosidl_typesupport_c.cpython-310-x86_64-linux-gnu.so
[0.769s] -- Up-to-date: /home/j/urdf_study/install/bboxes_ex_msgs/lib/libbboxes_ex_msgs__rosidl_generator_py.so
[0.770s] -- Up-to-date: /home/j/urdf_study/install/bboxes_ex_msgs/share/bboxes_ex_msgs/msg/BoundingBox.idl
[0.770s] -- Up-to-date: /home/j/urdf_study/install/bboxes_ex_msgs/share/bboxes_ex_msgs/msg/BoundingBoxes.idl
[0.770s] -- Up-to-date: /home/j/urdf_study/install/bboxes_ex_msgs/share/bboxes_ex_msgs/msg/BoundingBox.msg
[0.770s] -- Up-to-date: /home/j/urdf_study/install/bboxes_ex_msgs/share/bboxes_ex_msgs/msg/BoundingBoxes.msg
[0.770s] -- Up-to-date: /home/j/urdf_study/install/bboxes_ex_msgs/share/ament_index/resource_index/package_run_dependencies/bboxes_ex_msgs
[0.770s] -- Up-to-date: /home/j/urdf_study/install/bboxes_ex_msgs/share/ament_index/resource_index/parent_prefix_path/bboxes_ex_msgs
[0.770s] -- Up-to-date: /home/j/urdf_study/install/bboxes_ex_msgs/share/bboxes_ex_msgs/environment/ament_prefix_path.sh
[0.770s] -- Up-to-date: /home/j/urdf_study/install/bboxes_ex_msgs/share/bboxes_ex_msgs/environment/ament_prefix_path.dsv
[0.770s] -- Up-to-date: /home/j/urdf_study/install/bboxes_ex_msgs/share/bboxes_ex_msgs/environment/path.sh
[0.770s] -- Up-to-date: /home/j/urdf_study/install/bboxes_ex_msgs/share/bboxes_ex_msgs/environment/path.dsv
[0.770s] -- Up-to-date: /home/j/urdf_study/install/bboxes_ex_msgs/share/bboxes_ex_msgs/local_setup.bash
[0.770s] -- Up-to-date: /home/j/urdf_study/install/bboxes_ex_msgs/share/bboxes_ex_msgs/local_setup.sh
[0.770s] -- Up-to-date: /home/j/urdf_study/install/bboxes_ex_msgs/share/bboxes_ex_msgs/local_setup.zsh
[0.771s] -- Up-to-date: /home/j/urdf_study/install/bboxes_ex_msgs/share/bboxes_ex_msgs/local_setup.dsv
[0.771s] -- Installing: /home/j/urdf_study/install/bboxes_ex_msgs/share/bboxes_ex_msgs/package.dsv
[0.771s] -- Up-to-date: /home/j/urdf_study/install/bboxes_ex_msgs/share/ament_index/resource_index/packages/bboxes_ex_msgs
[0.771s] -- Up-to-date: /home/j/urdf_study/install/bboxes_ex_msgs/share/bboxes_ex_msgs/cmake/export_bboxes_ex_msgs__rosidl_generator_cExport.cmake
[0.771s] -- Up-to-date: /home/j/urdf_study/install/bboxes_ex_msgs/share/bboxes_ex_msgs/cmake/export_bboxes_ex_msgs__rosidl_generator_cExport-noconfig.cmake
[0.771s] -- Up-to-date: /home/j/urdf_study/install/bboxes_ex_msgs/share/bboxes_ex_msgs/cmake/export_bboxes_ex_msgs__rosidl_typesupport_fastrtps_cExport.cmake
[0.771s] -- Up-to-date: /home/j/urdf_study/install/bboxes_ex_msgs/share/bboxes_ex_msgs/cmake/export_bboxes_ex_msgs__rosidl_typesupport_fastrtps_cExport-noconfig.cmake
[0.771s] -- Up-to-date: /home/j/urdf_study/install/bboxes_ex_msgs/share/bboxes_ex_msgs/cmake/export_bboxes_ex_msgs__rosidl_generator_cppExport.cmake
[0.771s] -- Up-to-date: /home/j/urdf_study/install/bboxes_ex_msgs/share/bboxes_ex_msgs/cmake/export_bboxes_ex_msgs__rosidl_typesupport_fastrtps_cppExport.cmake
[0.771s] -- Up-to-date: /home/j/urdf_study/install/bboxes_ex_msgs/share/bboxes_ex_msgs/cmake/export_bboxes_ex_msgs__rosidl_typesupport_fastrtps_cppExport-noconfig.cmake
[0.771s] -- Up-to-date: /home/j/urdf_study/install/bboxes_ex_msgs/share/bboxes_ex_msgs/cmake/bboxes_ex_msgs__rosidl_typesupport_introspection_cExport.cmake
[0.771s] -- Up-to-date: /home/j/urdf_study/install/bboxes_ex_msgs/share/bboxes_ex_msgs/cmake/bboxes_ex_msgs__rosidl_typesupport_introspection_cExport-noconfig.cmake
[0.771s] -- Up-to-date: /home/j/urdf_study/install/bboxes_ex_msgs/share/bboxes_ex_msgs/cmake/bboxes_ex_msgs__rosidl_typesupport_cExport.cmake
[0.771s] -- Up-to-date: /home/j/urdf_study/install/bboxes_ex_msgs/share/bboxes_ex_msgs/cmake/bboxes_ex_msgs__rosidl_typesupport_cExport-noconfig.cmake
[0.771s] -- Up-to-date: /home/j/urdf_study/install/bboxes_ex_msgs/share/bboxes_ex_msgs/cmake/bboxes_ex_msgs__rosidl_typesupport_introspection_cppExport.cmake
[0.771s] -- Up-to-date: /home/j/urdf_study/install/bboxes_ex_msgs/share/bboxes_ex_msgs/cmake/bboxes_ex_msgs__rosidl_typesupport_introspection_cppExport-noconfig.cmake
[0.772s] -- Up-to-date: /home/j/urdf_study/install/bboxes_ex_msgs/share/bboxes_ex_msgs/cmake/bboxes_ex_msgs__rosidl_typesupport_cppExport.cmake
[0.772s] -- Up-to-date: /home/j/urdf_study/install/bboxes_ex_msgs/share/bboxes_ex_msgs/cmake/bboxes_ex_msgs__rosidl_typesupport_cppExport-noconfig.cmake
[0.772s] -- Up-to-date: /home/j/urdf_study/install/bboxes_ex_msgs/share/bboxes_ex_msgs/cmake/export_bboxes_ex_msgs__rosidl_generator_pyExport.cmake
[0.772s] -- Up-to-date: /home/j/urdf_study/install/bboxes_ex_msgs/share/bboxes_ex_msgs/cmake/export_bboxes_ex_msgs__rosidl_generator_pyExport-noconfig.cmake
[0.772s] -- Up-to-date: /home/j/urdf_study/install/bboxes_ex_msgs/share/bboxes_ex_msgs/cmake/rosidl_cmake-extras.cmake
[0.772s] -- Up-to-date: /home/j/urdf_study/install/bboxes_ex_msgs/share/bboxes_ex_msgs/cmake/ament_cmake_export_dependencies-extras.cmake
[0.772s] -- Up-to-date: /home/j/urdf_study/install/bboxes_ex_msgs/share/bboxes_ex_msgs/cmake/ament_cmake_export_include_directories-extras.cmake
[0.772s] -- Up-to-date: /home/j/urdf_study/install/bboxes_ex_msgs/share/bboxes_ex_msgs/cmake/ament_cmake_export_libraries-extras.cmake
[0.772s] -- Up-to-date: /home/j/urdf_study/install/bboxes_ex_msgs/share/bboxes_ex_msgs/cmake/ament_cmake_export_targets-extras.cmake
[0.772s] -- Up-to-date: /home/j/urdf_study/install/bboxes_ex_msgs/share/bboxes_ex_msgs/cmake/rosidl_cmake_export_typesupport_targets-extras.cmake
[0.772s] -- Up-to-date: /home/j/urdf_study/install/bboxes_ex_msgs/share/bboxes_ex_msgs/cmake/rosidl_cmake_export_typesupport_libraries-extras.cmake
[0.772s] -- Up-to-date: /home/j/urdf_study/install/bboxes_ex_msgs/share/bboxes_ex_msgs/cmake/bboxes_ex_msgsConfig.cmake
[0.772s] -- Up-to-date: /home/j/urdf_study/install/bboxes_ex_msgs/share/bboxes_ex_msgs/cmake/bboxes_ex_msgsConfig-version.cmake
[0.772s] -- Up-to-date: /home/j/urdf_study/install/bboxes_ex_msgs/share/bboxes_ex_msgs/package.xml
[0.783s] Invoked command in '/home/j/urdf_study/build/bboxes_ex_msgs' returned '0': CMAKE_PREFIX_PATH=${CMAKE_PREFIX_PATH}:/home/j/urdf_study/install/yolox_ros_py:/home/j/urdf_study/install/video_test:/home/j/ws_moveit2/install/moveit_configs_utils:/home/j/ws_moveit2/install/launch_param_builder:/opt/ros/humble /home/j/.local/bin/cmake --install /home/j/urdf_study/build/bboxes_ex_msgs
