[1.013s] Invoking command in '/home/j/urdf_study/build/yolox_ros_py': PYTHONPATH=/home/j/urdf_study/build/yolox_ros_py/prefix_override:/home/j/urdf_study/install/yolox_ros_py/lib/python3.10/site-packages:${PYTHONPATH} /usr/bin/python3 setup.py develop --uninstall --editable --build-directory /home/j/urdf_study/build/yolox_ros_py/build
[1.254s] /usr/lib/python3/dist-packages/setuptools/dist.py:723: UserWarning: Usage of dash-separated 'script-dir' will not be supported in future versions. Please use the underscore name 'script_dir' instead
[1.254s]   warnings.warn(
[1.271s] running develop
[1.271s] /usr/lib/python3/dist-packages/setuptools/command/easy_install.py:158: EasyInstallDeprecationWarning: easy_install command is deprecated. Use build and pip and other standards-based tools.
[1.271s]   warnings.warn(
[1.272s] /usr/lib/python3/dist-packages/setuptools/command/install.py:34: SetuptoolsDeprecationWarning: setup.py install is deprecated. Use build and pip and other standards-based tools.
[1.272s]   warnings.warn(
[1.338s] /usr/lib/python3/dist-packages/pkg_resources/__init__.py:116: PkgResourcesDeprecationWarning: 1.16.0-unknown is an invalid version and will not be supported in a future release
[1.338s]   warnings.warn(
[1.338s] /usr/lib/python3/dist-packages/pkg_resources/__init__.py:116: PkgResourcesDeprecationWarning: 1.1build1 is an invalid version and will not be supported in a future release
[1.338s]   warnings.warn(
[1.339s] /usr/lib/python3/dist-packages/pkg_resources/__init__.py:116: PkgResourcesDeprecationWarning: 0.1.43ubuntu1 is an invalid version and will not be supported in a future release
[1.339s]   warnings.warn(
[1.507s] Invoked command in '/home/j/urdf_study/build/yolox_ros_py' returned '0': PYTHONPATH=/home/j/urdf_study/build/yolox_ros_py/prefix_override:/home/j/urdf_study/install/yolox_ros_py/lib/python3.10/site-packages:${PYTHONPATH} /usr/bin/python3 setup.py develop --uninstall --editable --build-directory /home/j/urdf_study/build/yolox_ros_py/build
[1.508s] Invoking command in '/home/j/urdf_study/src/YOLOX-ROS/yolox_ros_py': PYTHONPATH=/home/j/urdf_study/build/yolox_ros_py/prefix_override:/home/j/urdf_study/install/yolox_ros_py/lib/python3.10/site-packages:${PYTHONPATH} /usr/bin/python3 setup.py egg_info --egg-base ../../../build/yolox_ros_py build --build-base /home/j/urdf_study/build/yolox_ros_py/build install --record /home/j/urdf_study/build/yolox_ros_py/install.log --install-scripts $base/lib/yolox_ros_py --single-version-externally-managed
[1.725s] /usr/lib/python3/dist-packages/setuptools/dist.py:723: UserWarning: Usage of dash-separated 'script-dir' will not be supported in future versions. Please use the underscore name 'script_dir' instead
[1.725s]   warnings.warn(
[1.731s] running egg_info
[1.732s] writing ../../../build/yolox_ros_py/yolox_ros_py.egg-info/PKG-INFO
[1.732s] writing dependency_links to ../../../build/yolox_ros_py/yolox_ros_py.egg-info/dependency_links.txt
[1.732s] writing entry points to ../../../build/yolox_ros_py/yolox_ros_py.egg-info/entry_points.txt
[1.732s] writing requirements to ../../../build/yolox_ros_py/yolox_ros_py.egg-info/requires.txt
[1.732s] writing top-level names to ../../../build/yolox_ros_py/yolox_ros_py.egg-info/top_level.txt
[1.734s] reading manifest file '../../../build/yolox_ros_py/yolox_ros_py.egg-info/SOURCES.txt'
[1.735s] writing manifest file '../../../build/yolox_ros_py/yolox_ros_py.egg-info/SOURCES.txt'
[1.735s] running build
[1.735s] running build_py
[1.735s] running install
[1.735s] /usr/lib/python3/dist-packages/setuptools/command/install.py:34: SetuptoolsDeprecationWarning: setup.py install is deprecated. Use build and pip and other standards-based tools.
[1.735s]   warnings.warn(
[1.735s] running install_lib
[1.736s] running install_data
[1.737s] running install_egg_info
[1.739s] removing '/home/j/urdf_study/install/yolox_ros_py/lib/python3.10/site-packages/yolox_ros_py-0.3.2-py3.10.egg-info' (and everything under it)
[1.739s] Copying ../../../build/yolox_ros_py/yolox_ros_py.egg-info to /home/j/urdf_study/install/yolox_ros_py/lib/python3.10/site-packages/yolox_ros_py-0.3.2-py3.10.egg-info
[1.740s] running install_scripts
[1.748s] Installing yolox_onnx script to /home/j/urdf_study/install/yolox_ros_py/lib/yolox_ros_py
[1.748s] Installing yolox_openvino script to /home/j/urdf_study/install/yolox_ros_py/lib/yolox_ros_py
[1.748s] Installing yolox_ros script to /home/j/urdf_study/install/yolox_ros_py/lib/yolox_ros_py
[1.748s] Installing yolox_tflite script to /home/j/urdf_study/install/yolox_ros_py/lib/yolox_ros_py
[1.748s] writing list of installed files to '/home/j/urdf_study/build/yolox_ros_py/install.log'
[1.767s] Invoked command in '/home/j/urdf_study/src/YOLOX-ROS/yolox_ros_py' returned '0': PYTHONPATH=/home/j/urdf_study/build/yolox_ros_py/prefix_override:/home/j/urdf_study/install/yolox_ros_py/lib/python3.10/site-packages:${PYTHONPATH} /usr/bin/python3 setup.py egg_info --egg-base ../../../build/yolox_ros_py build --build-base /home/j/urdf_study/build/yolox_ros_py/build install --record /home/j/urdf_study/build/yolox_ros_py/install.log --install-scripts $base/lib/yolox_ros_py --single-version-externally-managed
