[0.032s] Invoking command in '/home/j/urdf_study/build/urdf_study': CMAKE_PREFIX_PATH=${CMAKE_PREFIX_PATH}:/home/j/urdf_study/install/yolox_ros_py:/home/j/urdf_study/install/video_test:/home/j/ws_moveit2/install/moveit_configs_utils:/home/j/ws_moveit2/install/launch_param_builder:/opt/ros/humble /home/j/.local/bin/cmake /home/j/urdf_study/src/urdf_study -DCMAKE_INSTALL_PREFIX=/home/j/urdf_study/install/urdf_study
[0.286s] -- The C compiler identification is GNU 11.3.0
[0.287s] -- The CXX compiler identification is GNU 11.3.0
[0.287s] -- Detecting C compiler ABI info
[0.287s] -- Detecting C compiler ABI info - done
[0.287s] -- Check for working C compiler: /usr/bin/cc - skipped
[0.288s] -- Detecting C compile features
[0.288s] -- Detecting C compile features - done
[0.288s] -- Detecting CXX compiler ABI info
[0.288s] -- Detecting CXX compiler ABI info - done
[0.297s] -- Check for working CXX compiler: /usr/bin/c++ - skipped
[0.298s] -- Detecting CXX compile features
[0.298s] -- Detecting CXX compile features - done
[0.302s] -- Found ament_cmake: 1.3.4 (/opt/ros/humble/share/ament_cmake/cmake)
[0.690s] -- Found Python3: /usr/bin/python3.10 (found version "3.10.6") found components: Interpreter 
[0.798s] -- Found ament_lint_auto: 0.12.6 (/opt/ros/humble/share/ament_lint_auto/cmake)
[0.883s] -- Added test 'flake8' to check Python code syntax and style conventions
[0.885s] -- Added test 'lint_cmake' to check CMake code style
[0.886s] -- Added test 'pep257' to check Python code against some of the docstring style conventions in PEP 257
[0.888s] -- Added test 'xmllint' to check XML markup files
[0.890s] -- Configuring done (0.8s)
[0.893s] -- Generating done (0.0s)
[0.894s] -- Build files have been written to: /home/j/urdf_study/build/urdf_study
[0.905s] Invoked command in '/home/j/urdf_study/build/urdf_study' returned '0': CMAKE_PREFIX_PATH=${CMAKE_PREFIX_PATH}:/home/j/urdf_study/install/yolox_ros_py:/home/j/urdf_study/install/video_test:/home/j/ws_moveit2/install/moveit_configs_utils:/home/j/ws_moveit2/install/launch_param_builder:/opt/ros/humble /home/j/.local/bin/cmake /home/j/urdf_study/src/urdf_study -DCMAKE_INSTALL_PREFIX=/home/j/urdf_study/install/urdf_study
[0.906s] Invoking command in '/home/j/urdf_study/build/urdf_study': CMAKE_PREFIX_PATH=${CMAKE_PREFIX_PATH}:/home/j/urdf_study/install/yolox_ros_py:/home/j/urdf_study/install/video_test:/home/j/ws_moveit2/install/moveit_configs_utils:/home/j/ws_moveit2/install/launch_param_builder:/opt/ros/humble /home/j/.local/bin/cmake --build /home/j/urdf_study/build/urdf_study -- -j12 -l12
[0.979s] Invoked command in '/home/j/urdf_study/build/urdf_study' returned '0': CMAKE_PREFIX_PATH=${CMAKE_PREFIX_PATH}:/home/j/urdf_study/install/yolox_ros_py:/home/j/urdf_study/install/video_test:/home/j/ws_moveit2/install/moveit_configs_utils:/home/j/ws_moveit2/install/launch_param_builder:/opt/ros/humble /home/j/.local/bin/cmake --build /home/j/urdf_study/build/urdf_study -- -j12 -l12
[1.106s] Invoking command in '/home/j/urdf_study/build/urdf_study': CMAKE_PREFIX_PATH=${CMAKE_PREFIX_PATH}:/home/j/urdf_study/install/yolox_ros_py:/home/j/urdf_study/install/video_test:/home/j/ws_moveit2/install/moveit_configs_utils:/home/j/ws_moveit2/install/launch_param_builder:/opt/ros/humble /home/j/.local/bin/cmake --install /home/j/urdf_study/build/urdf_study
[1.150s] -- Install configuration: ""
[1.150s] -- Installing: /home/j/urdf_study/install/urdf_study/share/urdf_study/launch
[1.150s] -- Installing: /home/j/urdf_study/install/urdf_study/share/urdf_study/launch/simple_display.launch.py
[1.150s] -- Installing: /home/j/urdf_study/install/urdf_study/share/urdf_study/urdf
[1.151s] -- Installing: /home/j/urdf_study/install/urdf_study/share/urdf_study/urdf/myfirst.urdf
[1.151s] -- Installing: /home/j/urdf_study/install/urdf_study/share/ament_index/resource_index/package_run_dependencies/urdf_study
[1.151s] -- Installing: /home/j/urdf_study/install/urdf_study/share/ament_index/resource_index/parent_prefix_path/urdf_study
[1.151s] -- Installing: /home/j/urdf_study/install/urdf_study/share/urdf_study/environment/ament_prefix_path.sh
[1.151s] -- Installing: /home/j/urdf_study/install/urdf_study/share/urdf_study/environment/ament_prefix_path.dsv
[1.151s] -- Installing: /home/j/urdf_study/install/urdf_study/share/urdf_study/environment/path.sh
[1.151s] -- Installing: /home/j/urdf_study/install/urdf_study/share/urdf_study/environment/path.dsv
[1.151s] -- Installing: /home/j/urdf_study/install/urdf_study/share/urdf_study/local_setup.bash
[1.151s] -- Installing: /home/j/urdf_study/install/urdf_study/share/urdf_study/local_setup.sh
[1.151s] -- Installing: /home/j/urdf_study/install/urdf_study/share/urdf_study/local_setup.zsh
[1.151s] -- Installing: /home/j/urdf_study/install/urdf_study/share/urdf_study/local_setup.dsv
[1.151s] -- Installing: /home/j/urdf_study/install/urdf_study/share/urdf_study/package.dsv
[1.151s] -- Installing: /home/j/urdf_study/install/urdf_study/share/ament_index/resource_index/packages/urdf_study
[1.151s] -- Installing: /home/j/urdf_study/install/urdf_study/share/urdf_study/cmake/urdf_studyConfig.cmake
[1.152s] -- Installing: /home/j/urdf_study/install/urdf_study/share/urdf_study/cmake/urdf_studyConfig-version.cmake
[1.152s] -- Installing: /home/j/urdf_study/install/urdf_study/share/urdf_study/package.xml
[1.159s] Invoked command in '/home/j/urdf_study/build/urdf_study' returned '0': CMAKE_PREFIX_PATH=${CMAKE_PREFIX_PATH}:/home/j/urdf_study/install/yolox_ros_py:/home/j/urdf_study/install/video_test:/home/j/ws_moveit2/install/moveit_configs_utils:/home/j/ws_moveit2/install/launch_param_builder:/opt/ros/humble /home/j/.local/bin/cmake --install /home/j/urdf_study/build/urdf_study
