[1.033s] Invoking command in '/home/j/urdf_study/build/yolox_ros_py': PYTHONPATH=/home/j/urdf_study/build/yolox_ros_py/prefix_override:/home/j/urdf_study/install/yolox_ros_py/lib/python3.10/site-packages:${PYTHONPATH} /usr/bin/python3 setup.py develop --uninstall --editable --build-directory /home/j/urdf_study/build/yolox_ros_py/build
[1.292s] /usr/lib/python3/dist-packages/setuptools/dist.py:723: UserWarning: Usage of dash-separated 'script-dir' will not be supported in future versions. Please use the underscore name 'script_dir' instead
[1.292s]   warnings.warn(
[1.309s] running develop
[1.309s] /usr/lib/python3/dist-packages/setuptools/command/easy_install.py:158: EasyInstallDeprecationWarning: easy_install command is deprecated. Use build and pip and other standards-based tools.
[1.310s]   warnings.warn(
[1.311s] /usr/lib/python3/dist-packages/setuptools/command/install.py:34: SetuptoolsDeprecationWarning: setup.py install is deprecated. Use build and pip and other standards-based tools.
[1.312s]   warnings.warn(
[1.382s] /usr/lib/python3/dist-packages/pkg_resources/__init__.py:116: PkgResourcesDeprecationWarning: 1.16.0-unknown is an invalid version and will not be supported in a future release
[1.382s]   warnings.warn(
[1.382s] /usr/lib/python3/dist-packages/pkg_resources/__init__.py:116: PkgResourcesDeprecationWarning: 1.1build1 is an invalid version and will not be supported in a future release
[1.382s]   warnings.warn(
[1.383s] /usr/lib/python3/dist-packages/pkg_resources/__init__.py:116: PkgResourcesDeprecationWarning: 0.1.43ubuntu1 is an invalid version and will not be supported in a future release
[1.383s]   warnings.warn(
[1.523s] Invoked command in '/home/j/urdf_study/build/yolox_ros_py' returned '0': PYTHONPATH=/home/j/urdf_study/build/yolox_ros_py/prefix_override:/home/j/urdf_study/install/yolox_ros_py/lib/python3.10/site-packages:${PYTHONPATH} /usr/bin/python3 setup.py develop --uninstall --editable --build-directory /home/j/urdf_study/build/yolox_ros_py/build
[1.524s] Invoking command in '/home/j/urdf_study/src/YOLOX-ROS/yolox_ros_py': PYTHONPATH=/home/j/urdf_study/build/yolox_ros_py/prefix_override:/home/j/urdf_study/install/yolox_ros_py/lib/python3.10/site-packages:${PYTHONPATH} /usr/bin/python3 setup.py egg_info --egg-base ../../../build/yolox_ros_py build --build-base /home/j/urdf_study/build/yolox_ros_py/build install --record /home/j/urdf_study/build/yolox_ros_py/install.log --install-scripts $base/lib/yolox_ros_py --single-version-externally-managed
[1.753s] /usr/lib/python3/dist-packages/setuptools/dist.py:723: UserWarning: Usage of dash-separated 'script-dir' will not be supported in future versions. Please use the underscore name 'script_dir' instead
[1.753s]   warnings.warn(
[1.759s] running egg_info
[1.760s] writing ../../../build/yolox_ros_py/yolox_ros_py.egg-info/PKG-INFO
[1.760s] writing dependency_links to ../../../build/yolox_ros_py/yolox_ros_py.egg-info/dependency_links.txt
[1.760s] writing entry points to ../../../build/yolox_ros_py/yolox_ros_py.egg-info/entry_points.txt
[1.761s] writing requirements to ../../../build/yolox_ros_py/yolox_ros_py.egg-info/requires.txt
[1.761s] writing top-level names to ../../../build/yolox_ros_py/yolox_ros_py.egg-info/top_level.txt
[1.763s] reading manifest file '../../../build/yolox_ros_py/yolox_ros_py.egg-info/SOURCES.txt'
[1.763s] writing manifest file '../../../build/yolox_ros_py/yolox_ros_py.egg-info/SOURCES.txt'
[1.764s] running build
[1.764s] running build_py
[1.764s] creating /home/j/urdf_study/build/yolox_ros_py/build
[1.764s] creating /home/j/urdf_study/build/yolox_ros_py/build/lib
[1.764s] creating /home/j/urdf_study/build/yolox_ros_py/build/lib/yolox_ros_py
[1.765s] copying yolox_ros_py/yolox_tflite.py -> /home/j/urdf_study/build/yolox_ros_py/build/lib/yolox_ros_py
[1.765s] copying yolox_ros_py/__init__.py -> /home/j/urdf_study/build/yolox_ros_py/build/lib/yolox_ros_py
[1.765s] copying yolox_ros_py/yolox_onnx.py -> /home/j/urdf_study/build/yolox_ros_py/build/lib/yolox_ros_py
[1.765s] copying yolox_ros_py/yolox_openvino.py -> /home/j/urdf_study/build/yolox_ros_py/build/lib/yolox_ros_py
[1.765s] copying yolox_ros_py/yolox_ros.py -> /home/j/urdf_study/build/yolox_ros_py/build/lib/yolox_ros_py
[1.765s] running install
[1.765s] /usr/lib/python3/dist-packages/setuptools/command/install.py:34: SetuptoolsDeprecationWarning: setup.py install is deprecated. Use build and pip and other standards-based tools.
[1.765s]   warnings.warn(
[1.765s] running install_lib
[1.766s] creating /home/j/urdf_study/install/yolox_ros_py/lib/python3.10/site-packages/yolox_ros_py
[1.766s] copying /home/j/urdf_study/build/yolox_ros_py/build/lib/yolox_ros_py/yolox_tflite.py -> /home/j/urdf_study/install/yolox_ros_py/lib/python3.10/site-packages/yolox_ros_py
[1.766s] copying /home/j/urdf_study/build/yolox_ros_py/build/lib/yolox_ros_py/__init__.py -> /home/j/urdf_study/install/yolox_ros_py/lib/python3.10/site-packages/yolox_ros_py
[1.767s] copying /home/j/urdf_study/build/yolox_ros_py/build/lib/yolox_ros_py/yolox_onnx.py -> /home/j/urdf_study/install/yolox_ros_py/lib/python3.10/site-packages/yolox_ros_py
[1.767s] copying /home/j/urdf_study/build/yolox_ros_py/build/lib/yolox_ros_py/yolox_openvino.py -> /home/j/urdf_study/install/yolox_ros_py/lib/python3.10/site-packages/yolox_ros_py
[1.767s] copying /home/j/urdf_study/build/yolox_ros_py/build/lib/yolox_ros_py/yolox_ros.py -> /home/j/urdf_study/install/yolox_ros_py/lib/python3.10/site-packages/yolox_ros_py
[1.767s] byte-compiling /home/j/urdf_study/install/yolox_ros_py/lib/python3.10/site-packages/yolox_ros_py/yolox_tflite.py to yolox_tflite.cpython-310.pyc
[1.768s] byte-compiling /home/j/urdf_study/install/yolox_ros_py/lib/python3.10/site-packages/yolox_ros_py/__init__.py to __init__.cpython-310.pyc
[1.768s] byte-compiling /home/j/urdf_study/install/yolox_ros_py/lib/python3.10/site-packages/yolox_ros_py/yolox_onnx.py to yolox_onnx.cpython-310.pyc
[1.769s] byte-compiling /home/j/urdf_study/install/yolox_ros_py/lib/python3.10/site-packages/yolox_ros_py/yolox_openvino.py to yolox_openvino.cpython-310.pyc
[1.770s] byte-compiling /home/j/urdf_study/install/yolox_ros_py/lib/python3.10/site-packages/yolox_ros_py/yolox_ros.py to yolox_ros.cpython-310.pyc
[1.772s] running install_data
[1.772s] copying ./launch/yolox_nano_torch_gpu_camera.launch.py -> /home/j/urdf_study/install/yolox_ros_py/share/yolox_ros_py
[1.773s] running install_egg_info
[1.776s] Copying ../../../build/yolox_ros_py/yolox_ros_py.egg-info to /home/j/urdf_study/install/yolox_ros_py/lib/python3.10/site-packages/yolox_ros_py-0.3.2-py3.10.egg-info
[1.777s] running install_scripts
[1.788s] Installing yolox_onnx script to /home/j/urdf_study/install/yolox_ros_py/lib/yolox_ros_py
[1.788s] Installing yolox_openvino script to /home/j/urdf_study/install/yolox_ros_py/lib/yolox_ros_py
[1.788s] Installing yolox_ros script to /home/j/urdf_study/install/yolox_ros_py/lib/yolox_ros_py
[1.788s] Installing yolox_tflite script to /home/j/urdf_study/install/yolox_ros_py/lib/yolox_ros_py
[1.789s] writing list of installed files to '/home/j/urdf_study/build/yolox_ros_py/install.log'
[1.812s] Invoked command in '/home/j/urdf_study/src/YOLOX-ROS/yolox_ros_py' returned '0': PYTHONPATH=/home/j/urdf_study/build/yolox_ros_py/prefix_override:/home/j/urdf_study/install/yolox_ros_py/lib/python3.10/site-packages:${PYTHONPATH} /usr/bin/python3 setup.py egg_info --egg-base ../../../build/yolox_ros_py build --build-base /home/j/urdf_study/build/yolox_ros_py/build install --record /home/j/urdf_study/build/yolox_ros_py/install.log --install-scripts $base/lib/yolox_ros_py --single-version-externally-managed
