running egg_info
creating ../../../build/yolox_ros_py/yolox_ros_py.egg-info
writing ../../../build/yolox_ros_py/yolox_ros_py.egg-info/PKG-INFO
writing dependency_links to ../../../build/yolox_ros_py/yolox_ros_py.egg-info/dependency_links.txt
writing entry points to ../../../build/yolox_ros_py/yolox_ros_py.egg-info/entry_points.txt
writing requirements to ../../../build/yolox_ros_py/yolox_ros_py.egg-info/requires.txt
writing top-level names to ../../../build/yolox_ros_py/yolox_ros_py.egg-info/top_level.txt
writing manifest file '../../../build/yolox_ros_py/yolox_ros_py.egg-info/SOURCES.txt'
reading manifest file '../../../build/yolox_ros_py/yolox_ros_py.egg-info/SOURCES.txt'
writing manifest file '../../../build/yolox_ros_py/yolox_ros_py.egg-info/SOURCES.txt'
running build
running build_py
creating /home/j/urdf_study/build/yolox_ros_py/build
creating /home/j/urdf_study/build/yolox_ros_py/build/lib
creating /home/j/urdf_study/build/yolox_ros_py/build/lib/yolox_ros_py
copying yolox_ros_py/yolox_tflite.py -> /home/j/urdf_study/build/yolox_ros_py/build/lib/yolox_ros_py
copying yolox_ros_py/__init__.py -> /home/j/urdf_study/build/yolox_ros_py/build/lib/yolox_ros_py
copying yolox_ros_py/yolox_onnx.py -> /home/j/urdf_study/build/yolox_ros_py/build/lib/yolox_ros_py
copying yolox_ros_py/yolox_openvino.py -> /home/j/urdf_study/build/yolox_ros_py/build/lib/yolox_ros_py
copying yolox_ros_py/yolox_ros.py -> /home/j/urdf_study/build/yolox_ros_py/build/lib/yolox_ros_py
running install
running install_lib
creating /home/j/urdf_study/install/yolox_ros_py/lib/python3.10/site-packages/yolox_ros_py
copying /home/j/urdf_study/build/yolox_ros_py/build/lib/yolox_ros_py/yolox_tflite.py -> /home/j/urdf_study/install/yolox_ros_py/lib/python3.10/site-packages/yolox_ros_py
copying /home/j/urdf_study/build/yolox_ros_py/build/lib/yolox_ros_py/__init__.py -> /home/j/urdf_study/install/yolox_ros_py/lib/python3.10/site-packages/yolox_ros_py
copying /home/j/urdf_study/build/yolox_ros_py/build/lib/yolox_ros_py/yolox_onnx.py -> /home/j/urdf_study/install/yolox_ros_py/lib/python3.10/site-packages/yolox_ros_py
copying /home/j/urdf_study/build/yolox_ros_py/build/lib/yolox_ros_py/yolox_openvino.py -> /home/j/urdf_study/install/yolox_ros_py/lib/python3.10/site-packages/yolox_ros_py
copying /home/j/urdf_study/build/yolox_ros_py/build/lib/yolox_ros_py/yolox_ros.py -> /home/j/urdf_study/install/yolox_ros_py/lib/python3.10/site-packages/yolox_ros_py
byte-compiling /home/j/urdf_study/install/yolox_ros_py/lib/python3.10/site-packages/yolox_ros_py/yolox_tflite.py to yolox_tflite.cpython-310.pyc
byte-compiling /home/j/urdf_study/install/yolox_ros_py/lib/python3.10/site-packages/yolox_ros_py/__init__.py to __init__.cpython-310.pyc
byte-compiling /home/j/urdf_study/install/yolox_ros_py/lib/python3.10/site-packages/yolox_ros_py/yolox_onnx.py to yolox_onnx.cpython-310.pyc
byte-compiling /home/j/urdf_study/install/yolox_ros_py/lib/python3.10/site-packages/yolox_ros_py/yolox_openvino.py to yolox_openvino.cpython-310.pyc
byte-compiling /home/j/urdf_study/install/yolox_ros_py/lib/python3.10/site-packages/yolox_ros_py/yolox_ros.py to yolox_ros.cpython-310.pyc
running install_data
creating /home/j/urdf_study/install/yolox_ros_py/share/ament_index
creating /home/j/urdf_study/install/yolox_ros_py/share/ament_index/resource_index
creating /home/j/urdf_study/install/yolox_ros_py/share/ament_index/resource_index/packages
copying resource/yolox_ros_py -> /home/j/urdf_study/install/yolox_ros_py/share/ament_index/resource_index/packages
copying package.xml -> /home/j/urdf_study/install/yolox_ros_py/share/yolox_ros_py
copying ./launch/yolox_nano_torch_cpu_camera.launch.py -> /home/j/urdf_study/install/yolox_ros_py/share/yolox_ros_py
copying ./launch/yolox_nano_onnx_gazebo.launch.py -> /home/j/urdf_study/install/yolox_ros_py/share/yolox_ros_py
copying ./launch/yolox_nano_onnx_picture.launch.py -> /home/j/urdf_study/install/yolox_ros_py/share/yolox_ros_py
copying ./launch/yolox_nano_onnx_camera.launch.py -> /home/j/urdf_study/install/yolox_ros_py/share/yolox_ros_py
copying ./launch/yolox_nano_torch_gpu_camera.launch.py -> /home/j/urdf_study/install/yolox_ros_py/share/yolox_ros_py
copying ./launch/yolox_nano_onnx_youtube.launch.py -> /home/j/urdf_study/install/yolox_ros_py/share/yolox_ros_py
copying ./launch/yolox_nano_openvino.launch.py -> /home/j/urdf_study/install/yolox_ros_py/share/yolox_ros_py
copying ./launch/yolox_lite_tflite_camera.launch.py -> /home/j/urdf_study/install/yolox_ros_py/share/yolox_ros_py
copying ../weights/yolox_nano.pth -> /home/j/urdf_study/install/yolox_ros_py/share/yolox_ros_py
copying ../weights/yolox_nano.onnx -> /home/j/urdf_study/install/yolox_ros_py/share/yolox_ros_py
copying ../weights/openvino/README.md -> /home/j/urdf_study/install/yolox_ros_py/share/yolox_ros_py
copying ../weights/openvino/install.bash -> /home/j/urdf_study/install/yolox_ros_py/share/yolox_ros_py
copying ../weights/openvino/download_openvino_s.bash -> /home/j/urdf_study/install/yolox_ros_py/share/yolox_ros_py
copying ../weights/onnx/download.bash -> /home/j/urdf_study/install/yolox_ros_py/share/yolox_ros_py
copying ../weights/tflite/model.onnx -> /home/j/urdf_study/install/yolox_ros_py/share/yolox_ros_py
copying ../weights/tflite/model.tflite -> /home/j/urdf_study/install/yolox_ros_py/share/yolox_ros_py
copying ../weights/tflite/download_model.bash -> /home/j/urdf_study/install/yolox_ros_py/share/yolox_ros_py
copying ../weights/tensorrt/convert.bash -> /home/j/urdf_study/install/yolox_ros_py/share/yolox_ros_py
copying ./exps/yolox_nano.py -> /home/j/urdf_study/install/yolox_ros_py/share/yolox_ros_py
running install_egg_info
Copying ../../../build/yolox_ros_py/yolox_ros_py.egg-info to /home/j/urdf_study/install/yolox_ros_py/lib/python3.10/site-packages/yolox_ros_py-0.3.2-py3.10.egg-info
running install_scripts
Installing yolox_onnx script to /home/j/urdf_study/install/yolox_ros_py/lib/yolox_ros_py
Installing yolox_openvino script to /home/j/urdf_study/install/yolox_ros_py/lib/yolox_ros_py
Installing yolox_ros script to /home/j/urdf_study/install/yolox_ros_py/lib/yolox_ros_py
Installing yolox_tflite script to /home/j/urdf_study/install/yolox_ros_py/lib/yolox_ros_py
writing list of installed files to '/home/j/urdf_study/build/yolox_ros_py/install.log'
