[0.961s] Invoking command in '/home/j/urdf_study/src/YOLOX-ROS/yolox_ros_py': PYTHONPATH=/home/j/urdf_study/build/yolox_ros_py/prefix_override:/home/j/urdf_study/install/yolox_ros_py/lib/python3.10/site-packages:${PYTHONPATH} /usr/bin/python3 setup.py egg_info --egg-base ../../../build/yolox_ros_py build --build-base /home/j/urdf_study/build/yolox_ros_py/build install --record /home/j/urdf_study/build/yolox_ros_py/install.log --install-scripts $base/lib/yolox_ros_py --single-version-externally-managed
[1.186s] /usr/lib/python3/dist-packages/setuptools/dist.py:723: UserWarning: Usage of dash-separated 'script-dir' will not be supported in future versions. Please use the underscore name 'script_dir' instead
[1.186s]   warnings.warn(
[1.193s] running egg_info
[1.193s] creating ../../../build/yolox_ros_py/yolox_ros_py.egg-info
[1.193s] writing ../../../build/yolox_ros_py/yolox_ros_py.egg-info/PKG-INFO
[1.193s] writing dependency_links to ../../../build/yolox_ros_py/yolox_ros_py.egg-info/dependency_links.txt
[1.194s] writing entry points to ../../../build/yolox_ros_py/yolox_ros_py.egg-info/entry_points.txt
[1.194s] writing requirements to ../../../build/yolox_ros_py/yolox_ros_py.egg-info/requires.txt
[1.194s] writing top-level names to ../../../build/yolox_ros_py/yolox_ros_py.egg-info/top_level.txt
[1.194s] writing manifest file '../../../build/yolox_ros_py/yolox_ros_py.egg-info/SOURCES.txt'
[1.195s] reading manifest file '../../../build/yolox_ros_py/yolox_ros_py.egg-info/SOURCES.txt'
[1.196s] writing manifest file '../../../build/yolox_ros_py/yolox_ros_py.egg-info/SOURCES.txt'
[1.196s] running build
[1.196s] running build_py
[1.196s] creating /home/j/urdf_study/build/yolox_ros_py/build
[1.197s] creating /home/j/urdf_study/build/yolox_ros_py/build/lib
[1.197s] creating /home/j/urdf_study/build/yolox_ros_py/build/lib/yolox_ros_py
[1.197s] copying yolox_ros_py/yolox_tflite.py -> /home/j/urdf_study/build/yolox_ros_py/build/lib/yolox_ros_py
[1.197s] copying yolox_ros_py/__init__.py -> /home/j/urdf_study/build/yolox_ros_py/build/lib/yolox_ros_py
[1.197s] copying yolox_ros_py/yolox_onnx.py -> /home/j/urdf_study/build/yolox_ros_py/build/lib/yolox_ros_py
[1.197s] copying yolox_ros_py/yolox_openvino.py -> /home/j/urdf_study/build/yolox_ros_py/build/lib/yolox_ros_py
[1.197s] copying yolox_ros_py/yolox_ros.py -> /home/j/urdf_study/build/yolox_ros_py/build/lib/yolox_ros_py
[1.197s] running install
[1.197s] /usr/lib/python3/dist-packages/setuptools/command/install.py:34: SetuptoolsDeprecationWarning: setup.py install is deprecated. Use build and pip and other standards-based tools.
[1.197s]   warnings.warn(
[1.197s] running install_lib
[1.198s] creating /home/j/urdf_study/install/yolox_ros_py/lib/python3.10/site-packages/yolox_ros_py
[1.198s] copying /home/j/urdf_study/build/yolox_ros_py/build/lib/yolox_ros_py/yolox_tflite.py -> /home/j/urdf_study/install/yolox_ros_py/lib/python3.10/site-packages/yolox_ros_py
[1.198s] copying /home/j/urdf_study/build/yolox_ros_py/build/lib/yolox_ros_py/__init__.py -> /home/j/urdf_study/install/yolox_ros_py/lib/python3.10/site-packages/yolox_ros_py
[1.198s] copying /home/j/urdf_study/build/yolox_ros_py/build/lib/yolox_ros_py/yolox_onnx.py -> /home/j/urdf_study/install/yolox_ros_py/lib/python3.10/site-packages/yolox_ros_py
[1.198s] copying /home/j/urdf_study/build/yolox_ros_py/build/lib/yolox_ros_py/yolox_openvino.py -> /home/j/urdf_study/install/yolox_ros_py/lib/python3.10/site-packages/yolox_ros_py
[1.198s] copying /home/j/urdf_study/build/yolox_ros_py/build/lib/yolox_ros_py/yolox_ros.py -> /home/j/urdf_study/install/yolox_ros_py/lib/python3.10/site-packages/yolox_ros_py
[1.199s] byte-compiling /home/j/urdf_study/install/yolox_ros_py/lib/python3.10/site-packages/yolox_ros_py/yolox_tflite.py to yolox_tflite.cpython-310.pyc
[1.199s] byte-compiling /home/j/urdf_study/install/yolox_ros_py/lib/python3.10/site-packages/yolox_ros_py/__init__.py to __init__.cpython-310.pyc
[1.199s] byte-compiling /home/j/urdf_study/install/yolox_ros_py/lib/python3.10/site-packages/yolox_ros_py/yolox_onnx.py to yolox_onnx.cpython-310.pyc
[1.200s] byte-compiling /home/j/urdf_study/install/yolox_ros_py/lib/python3.10/site-packages/yolox_ros_py/yolox_openvino.py to yolox_openvino.cpython-310.pyc
[1.201s] byte-compiling /home/j/urdf_study/install/yolox_ros_py/lib/python3.10/site-packages/yolox_ros_py/yolox_ros.py to yolox_ros.cpython-310.pyc
[1.202s] running install_data
[1.203s] creating /home/j/urdf_study/install/yolox_ros_py/share/ament_index
[1.203s] creating /home/j/urdf_study/install/yolox_ros_py/share/ament_index/resource_index
[1.204s] creating /home/j/urdf_study/install/yolox_ros_py/share/ament_index/resource_index/packages
[1.204s] copying resource/yolox_ros_py -> /home/j/urdf_study/install/yolox_ros_py/share/ament_index/resource_index/packages
[1.204s] copying package.xml -> /home/j/urdf_study/install/yolox_ros_py/share/yolox_ros_py
[1.204s] copying ./launch/yolox_nano_torch_cpu_camera.launch.py -> /home/j/urdf_study/install/yolox_ros_py/share/yolox_ros_py
[1.204s] copying ./launch/yolox_nano_onnx_gazebo.launch.py -> /home/j/urdf_study/install/yolox_ros_py/share/yolox_ros_py
[1.204s] copying ./launch/yolox_nano_onnx_picture.launch.py -> /home/j/urdf_study/install/yolox_ros_py/share/yolox_ros_py
[1.204s] copying ./launch/yolox_nano_onnx_camera.launch.py -> /home/j/urdf_study/install/yolox_ros_py/share/yolox_ros_py
[1.204s] copying ./launch/yolox_nano_torch_gpu_camera.launch.py -> /home/j/urdf_study/install/yolox_ros_py/share/yolox_ros_py
[1.204s] copying ./launch/yolox_nano_onnx_youtube.launch.py -> /home/j/urdf_study/install/yolox_ros_py/share/yolox_ros_py
[1.204s] copying ./launch/yolox_nano_openvino.launch.py -> /home/j/urdf_study/install/yolox_ros_py/share/yolox_ros_py
[1.204s] copying ./launch/yolox_lite_tflite_camera.launch.py -> /home/j/urdf_study/install/yolox_ros_py/share/yolox_ros_py
[1.204s] copying ../weights/yolox_nano.pth -> /home/j/urdf_study/install/yolox_ros_py/share/yolox_ros_py
[1.209s] copying ../weights/yolox_nano.onnx -> /home/j/urdf_study/install/yolox_ros_py/share/yolox_ros_py
[1.212s] copying ../weights/openvino/README.md -> /home/j/urdf_study/install/yolox_ros_py/share/yolox_ros_py
[1.212s] copying ../weights/openvino/install.bash -> /home/j/urdf_study/install/yolox_ros_py/share/yolox_ros_py
[1.212s] copying ../weights/openvino/download_openvino_s.bash -> /home/j/urdf_study/install/yolox_ros_py/share/yolox_ros_py
[1.212s] copying ../weights/onnx/download.bash -> /home/j/urdf_study/install/yolox_ros_py/share/yolox_ros_py
[1.212s] copying ../weights/tflite/model.onnx -> /home/j/urdf_study/install/yolox_ros_py/share/yolox_ros_py
[1.215s] copying ../weights/tflite/model.tflite -> /home/j/urdf_study/install/yolox_ros_py/share/yolox_ros_py
[1.216s] copying ../weights/tflite/download_model.bash -> /home/j/urdf_study/install/yolox_ros_py/share/yolox_ros_py
[1.216s] copying ../weights/tensorrt/convert.bash -> /home/j/urdf_study/install/yolox_ros_py/share/yolox_ros_py
[1.217s] copying ./exps/yolox_nano.py -> /home/j/urdf_study/install/yolox_ros_py/share/yolox_ros_py
[1.217s] running install_egg_info
[1.219s] Copying ../../../build/yolox_ros_py/yolox_ros_py.egg-info to /home/j/urdf_study/install/yolox_ros_py/lib/python3.10/site-packages/yolox_ros_py-0.3.2-py3.10.egg-info
[1.220s] running install_scripts
[1.234s] Installing yolox_onnx script to /home/j/urdf_study/install/yolox_ros_py/lib/yolox_ros_py
[1.235s] Installing yolox_openvino script to /home/j/urdf_study/install/yolox_ros_py/lib/yolox_ros_py
[1.235s] Installing yolox_ros script to /home/j/urdf_study/install/yolox_ros_py/lib/yolox_ros_py
[1.235s] Installing yolox_tflite script to /home/j/urdf_study/install/yolox_ros_py/lib/yolox_ros_py
[1.235s] writing list of installed files to '/home/j/urdf_study/build/yolox_ros_py/install.log'
[1.274s] Invoked command in '/home/j/urdf_study/src/YOLOX-ROS/yolox_ros_py' returned '0': PYTHONPATH=/home/j/urdf_study/build/yolox_ros_py/prefix_override:/home/j/urdf_study/install/yolox_ros_py/lib/python3.10/site-packages:${PYTHONPATH} /usr/bin/python3 setup.py egg_info --egg-base ../../../build/yolox_ros_py build --build-base /home/j/urdf_study/build/yolox_ros_py/build install --record /home/j/urdf_study/build/yolox_ros_py/install.log --install-scripts $base/lib/yolox_ros_py --single-version-externally-managed
