-- The C compiler identification is GNU 11.3.0
-- The CXX compiler identification is GNU 11.3.0
-- Detecting C compiler ABI info
-- Detecting C compiler ABI info - done
-- Check for working C compiler: /usr/bin/cc - skipped
-- Detecting C compile features
-- Detecting C compile features - done
-- Detecting CXX compiler ABI info
-- Detecting CXX compiler ABI info - done
-- Check for working CXX compiler: /usr/bin/c++ - skipped
-- Detecting CXX compile features
-- Detecting CXX compile features - done
-- Found ament_cmake: 1.3.4 (/opt/ros/humble/share/ament_cmake/cmake)
-- Found Python3: /usr/bin/python3.10 (found version "3.10.6") found components: Interpreter 
-- Override CMake install command with custom implementation using symlinks instead of copying resources
-- Found OpenCV: /usr (found version "4.5.4") 
[33mCMake Warning at CMakeLists.txt:40 (find_package):
  By not providing "FindInferenceEngine.cmake" in CMAKE_MODULE_PATH this
  project has asked CMake to find a package configuration file provided by
  "InferenceEngine", but CMake did not find one.

  Could not find a package configuration file provided by "InferenceEngine"
  with any of the following names:

    InferenceEngineConfig.cmake
    inferenceengine-config.cmake

  Add the installation prefix of "InferenceEngine" to CMAKE_PREFIX_PATH or
  set "InferenceEngine_DIR" to a directory containing one of the above files.
  If "InferenceEngine" provides a separate development package or SDK, be
  sure it has been installed.

[0m
[33mCMake Warning at CMakeLists.txt:41 (find_package):
  By not providing "Findngraph.cmake" in CMAKE_MODULE_PATH this project has
  asked CMake to find a package configuration file provided by "ngraph", but
  CMake did not find one.

  Could not find a package configuration file provided by "ngraph" with any
  of the following names:

    ngraphConfig.cmake
    ngraph-config.cmake

  Add the installation prefix of "ngraph" to CMAKE_PREFIX_PATH or set
  "ngraph_DIR" to a directory containing one of the above files.  If "ngraph"
  provides a separate development package or SDK, be sure it has been
  installed.

[0m
-- Performing Test CMAKE_HAVE_LIBC_PTHREAD
-- Performing Test CMAKE_HAVE_LIBC_PTHREAD - Success
-- Found Threads: TRUE  
-- Found CUDA: /usr/local/cuda (found version "11.8") 
[33mCMake Warning at CMakeLists.txt:58 (message):
   NVINFER not found

[0m
[33mCMake Warning at CMakeLists.txt:61 (message):
   NVINFERPLUGIN not found

[0m
[33mCMake Warning at CMakeLists.txt:64 (message):
   NVPARSERS not found

[0m
[33mCMake Warning at CMakeLists.txt:67 (message):
   NVONNXPARSER not found

[0m
[33mCMake Warning at CMakeLists.txt:83 (message):
   ONNXRUNTIME not found

[0m
[33mCMake Warning at CMakeLists.txt:108 (message):
  skip building yolox_cpp, no OpenVINO, TensorRT, ONNXRuntime and tflite
  found

[0m
--  ENABLE_OPENVINO: OFF
--  ENABLE_TENSORRT: OFF
--  ENABLE_ONNXRUNTIME: OFF
--  ENABLE_TFLITE: OFF
-- Configuring done (0.9s)
-- Generating done (0.0s)
-- Build files have been written to: /home/j/urdf_study/build/yolox_cpp
-- Install configuration: ""
-- Execute custom install script
