[0.029s] Invoking command in '/home/j/urdf_study/build/yolox_cpp': CMAKE_PREFIX_PATH=${CMAKE_PREFIX_PATH}:/home/j/ws_moveit2/install/moveit_configs_utils:/home/j/ws_moveit2/install/launch_param_builder:/opt/ros/humble /home/j/.local/bin/cmake /home/j/urdf_study/src/YOLOX-ROS/yolox_ros_cpp/yolox_cpp -DAMENT_CMAKE_SYMLINK_INSTALL=1 -DCMAKE_INSTALL_PREFIX=/home/j/urdf_study/install/yolox_cpp
[0.280s] -- The C compiler identification is GNU 11.3.0
[0.280s] -- The CXX compiler identification is GNU 11.3.0
[0.280s] -- Detecting C compiler ABI info
[0.280s] -- Detecting C compiler ABI info - done
[0.280s] -- Check for working C compiler: /usr/bin/cc - skipped
[0.280s] -- Detecting C compile features
[0.280s] -- Detecting C compile features - done
[0.280s] -- Detecting CXX compiler ABI info
[0.290s] -- Detecting CXX compiler ABI info - done
[0.307s] -- Check for working CXX compiler: /usr/bin/c++ - skipped
[0.307s] -- Detecting CXX compile features
[0.308s] -- Detecting CXX compile features - done
[0.317s] -- Found ament_cmake: 1.3.4 (/opt/ros/humble/share/ament_cmake/cmake)
[0.707s] -- Found Python3: /usr/bin/python3.10 (found version "3.10.6") found components: Interpreter 
[0.757s] -- Override CMake install command with custom implementation using symlinks instead of copying resources
[0.825s] -- Found OpenCV: /usr (found version "4.5.4") 
[0.834s] [33mCMake Warning at CMakeLists.txt:40 (find_package):
[0.835s]   By not providing "FindInferenceEngine.cmake" in CMAKE_MODULE_PATH this
[0.835s]   project has asked CMake to find a package configuration file provided by
[0.835s]   "InferenceEngine", but CMake did not find one.
[0.835s] 
[0.835s]   Could not find a package configuration file provided by "InferenceEngine"
[0.835s]   with any of the following names:
[0.835s] 
[0.835s]     InferenceEngineConfig.cmake
[0.835s]     inferenceengine-config.cmake
[0.835s] 
[0.835s]   Add the installation prefix of "InferenceEngine" to CMAKE_PREFIX_PATH or
[0.835s]   set "InferenceEngine_DIR" to a directory containing one of the above files.
[0.836s]   If "InferenceEngine" provides a separate development package or SDK, be
[0.836s]   sure it has been installed.
[0.836s] 
[0.836s] [0m
[0.844s] [33mCMake Warning at CMakeLists.txt:41 (find_package):
[0.844s]   By not providing "Findngraph.cmake" in CMAKE_MODULE_PATH this project has
[0.844s]   asked CMake to find a package configuration file provided by "ngraph", but
[0.844s]   CMake did not find one.
[0.844s] 
[0.844s]   Could not find a package configuration file provided by "ngraph" with any
[0.844s]   of the following names:
[0.844s] 
[0.845s]     ngraphConfig.cmake
[0.845s]     ngraph-config.cmake
[0.845s] 
[0.845s]   Add the installation prefix of "ngraph" to CMAKE_PREFIX_PATH or set
[0.845s]   "ngraph_DIR" to a directory containing one of the above files.  If "ngraph"
[0.845s]   provides a separate development package or SDK, be sure it has been
[0.845s]   installed.
[0.845s] 
[0.845s] [0m
[0.863s] -- Performing Test CMAKE_HAVE_LIBC_PTHREAD
[0.911s] -- Performing Test CMAKE_HAVE_LIBC_PTHREAD - Success
[0.912s] -- Found Threads: TRUE  
[0.931s] -- Found CUDA: /usr/local/cuda (found version "11.8") 
[0.938s] [33mCMake Warning at CMakeLists.txt:58 (message):
[0.938s]    NVINFER not found
[0.938s] 
[0.939s] [0m
[0.939s] [33mCMake Warning at CMakeLists.txt:61 (message):
[0.939s]    NVINFERPLUGIN not found
[0.939s] 
[0.939s] [0m
[0.939s] [33mCMake Warning at CMakeLists.txt:64 (message):
[0.939s]    NVPARSERS not found
[0.939s] 
[0.939s] [0m
[0.939s] [33mCMake Warning at CMakeLists.txt:67 (message):
[0.939s]    NVONNXPARSER not found
[0.939s] 
[0.940s] [0m
[0.940s] [33mCMake Warning at CMakeLists.txt:83 (message):
[0.940s]    ONNXRUNTIME not found
[0.940s] 
[0.940s] [0m
[0.940s] [33mCMake Warning at CMakeLists.txt:108 (message):
[0.940s]   skip building yolox_cpp, no OpenVINO, TensorRT, ONNXRuntime and tflite
[0.940s]   found
[0.941s] 
[0.941s] [0m
[0.941s] --  ENABLE_OPENVINO: OFF
[0.941s] --  ENABLE_TENSORRT: OFF
[0.941s] --  ENABLE_ONNXRUNTIME: OFF
[0.941s] --  ENABLE_TFLITE: OFF
[0.941s] -- Configuring done (0.9s)
[0.942s] -- Generating done (0.0s)
[0.943s] -- Build files have been written to: /home/j/urdf_study/build/yolox_cpp
[4.525s] Invoked command in '/home/j/urdf_study/build/yolox_cpp' returned '0': CMAKE_PREFIX_PATH=${CMAKE_PREFIX_PATH}:/home/j/ws_moveit2/install/moveit_configs_utils:/home/j/ws_moveit2/install/launch_param_builder:/opt/ros/humble /home/j/.local/bin/cmake /home/j/urdf_study/src/YOLOX-ROS/yolox_ros_cpp/yolox_cpp -DAMENT_CMAKE_SYMLINK_INSTALL=1 -DCMAKE_INSTALL_PREFIX=/home/j/urdf_study/install/yolox_cpp
[4.527s] Invoking command in '/home/j/urdf_study/build/yolox_cpp': CMAKE_PREFIX_PATH=${CMAKE_PREFIX_PATH}:/home/j/ws_moveit2/install/moveit_configs_utils:/home/j/ws_moveit2/install/launch_param_builder:/opt/ros/humble /home/j/.local/bin/cmake --build /home/j/urdf_study/build/yolox_cpp -- -j12 -l12
[4.602s] Invoked command in '/home/j/urdf_study/build/yolox_cpp' returned '0': CMAKE_PREFIX_PATH=${CMAKE_PREFIX_PATH}:/home/j/ws_moveit2/install/moveit_configs_utils:/home/j/ws_moveit2/install/launch_param_builder:/opt/ros/humble /home/j/.local/bin/cmake --build /home/j/urdf_study/build/yolox_cpp -- -j12 -l12
[4.722s] Invoking command in '/home/j/urdf_study/build/yolox_cpp': CMAKE_PREFIX_PATH=${CMAKE_PREFIX_PATH}:/home/j/ws_moveit2/install/moveit_configs_utils:/home/j/ws_moveit2/install/launch_param_builder:/opt/ros/humble /home/j/.local/bin/cmake --install /home/j/urdf_study/build/yolox_cpp
[4.769s] -- Install configuration: ""
[4.769s] -- Execute custom install script
[4.777s] Invoked command in '/home/j/urdf_study/build/yolox_cpp' returned '0': CMAKE_PREFIX_PATH=${CMAKE_PREFIX_PATH}:/home/j/ws_moveit2/install/moveit_configs_utils:/home/j/ws_moveit2/install/launch_param_builder:/opt/ros/humble /home/j/.local/bin/cmake --install /home/j/urdf_study/build/yolox_cpp
