[0.042s] Invoking command in '/home/j/urdf_study/build/bboxes_ex_msgs': CMAKE_PREFIX_PATH=${CMAKE_PREFIX_PATH}:/home/j/urdf_study/install/yolox_ros_py:/home/j/urdf_study/install/video_test:/home/j/ws_moveit2/install/moveit_configs_utils:/home/j/ws_moveit2/install/launch_param_builder:/opt/ros/humble /home/j/.local/bin/cmake /home/j/urdf_study/src/YOLOX-ROS/bbox_ex_msgs -DCMAKE_INSTALL_PREFIX=/home/j/urdf_study/install/bboxes_ex_msgs
[0.309s] -- Found ament_cmake: 1.3.4 (/opt/ros/humble/share/ament_cmake/cmake)
[0.309s] -- Override CMake install command with custom implementation using symlinks instead of copying resources
[0.309s] -- Found builtin_interfaces: 1.2.1 (/opt/ros/humble/share/builtin_interfaces/cmake)
[0.310s] -- Found rosidl_generator_c: 3.1.4 (/opt/ros/humble/share/rosidl_generator_c/cmake)
[0.310s] -- Found rosidl_adapter: 3.1.4 (/opt/ros/humble/share/rosidl_adapter/cmake)
[0.311s] -- Found rosidl_generator_cpp: 3.1.4 (/opt/ros/humble/share/rosidl_generator_cpp/cmake)
[0.311s] -- Using all available rosidl_typesupport_c: rosidl_typesupport_fastrtps_c;rosidl_typesupport_introspection_c
[0.311s] -- Using all available rosidl_typesupport_cpp: rosidl_typesupport_fastrtps_cpp;rosidl_typesupport_introspection_cpp
[0.311s] -- Found std_msgs: 4.2.3 (/opt/ros/humble/share/std_msgs/cmake)
[0.324s] -- Found rosidl_default_generators: 1.2.0 (/opt/ros/humble/share/rosidl_default_generators/cmake)
[0.524s] -- Found ament_cmake_ros: 0.10.0 (/opt/ros/humble/share/ament_cmake_ros/cmake)
[0.730s] -- Using all available rosidl_typesupport_c: rosidl_typesupport_fastrtps_c;rosidl_typesupport_introspection_c
[0.810s] -- Using all available rosidl_typesupport_cpp: rosidl_typesupport_fastrtps_cpp;rosidl_typesupport_introspection_cpp
[0.830s] -- Found python_cmake_module: 0.10.0 (/opt/ros/humble/share/python_cmake_module/cmake)
[0.851s] -- Using PYTHON_EXECUTABLE: /usr/bin/python3
[0.851s] -- Using PYTHON_INCLUDE_DIRS: /usr/include/python3.10
[0.851s] -- Using PYTHON_LIBRARIES: /usr/lib/x86_64-linux-gnu/libpython3.10.so
[0.921s] -- Configuring done (0.8s)
[0.957s] -- Generating done (0.0s)
[0.958s] -- Build files have been written to: /home/j/urdf_study/build/bboxes_ex_msgs
[0.975s] Invoked command in '/home/j/urdf_study/build/bboxes_ex_msgs' returned '0': CMAKE_PREFIX_PATH=${CMAKE_PREFIX_PATH}:/home/j/urdf_study/install/yolox_ros_py:/home/j/urdf_study/install/video_test:/home/j/ws_moveit2/install/moveit_configs_utils:/home/j/ws_moveit2/install/launch_param_builder:/opt/ros/humble /home/j/.local/bin/cmake /home/j/urdf_study/src/YOLOX-ROS/bbox_ex_msgs -DCMAKE_INSTALL_PREFIX=/home/j/urdf_study/install/bboxes_ex_msgs
[0.977s] Invoking command in '/home/j/urdf_study/build/bboxes_ex_msgs': CMAKE_PREFIX_PATH=${CMAKE_PREFIX_PATH}:/home/j/urdf_study/install/yolox_ros_py:/home/j/urdf_study/install/video_test:/home/j/ws_moveit2/install/moveit_configs_utils:/home/j/ws_moveit2/install/launch_param_builder:/opt/ros/humble /home/j/.local/bin/cmake --build /home/j/urdf_study/build/bboxes_ex_msgs -- -j12 -l12
[1.058s] [  2%] Built target bboxes_ex_msgs__cpp
[1.059s] [ 12%] Built target bboxes_ex_msgs__rosidl_generator_c
[1.059s] [ 12%] Built target ament_cmake_python_symlink_bboxes_ex_msgs
[1.080s] [ 25%] Built target bboxes_ex_msgs__rosidl_typesupport_introspection_c
[1.080s] [ 33%] Built target bboxes_ex_msgs__rosidl_typesupport_introspection_cpp
[1.081s] [ 43%] Built target bboxes_ex_msgs__rosidl_typesupport_fastrtps_cpp
[1.084s] [ 56%] Built target bboxes_ex_msgs__rosidl_typesupport_c
[1.084s] [ 64%] Built target bboxes_ex_msgs__rosidl_typesupport_fastrtps_c
[1.087s] [ 74%] Built target bboxes_ex_msgs__rosidl_typesupport_cpp
[1.096s] [ 74%] Built target bboxes_ex_msgs
[1.107s] [ 76%] Built target bboxes_ex_msgs__py
[1.120s] [ 84%] Built target bboxes_ex_msgs__rosidl_generator_py
[1.134s] [ 89%] Built target bboxes_ex_msgs__rosidl_typesupport_c__pyext
[1.138s] [ 94%] Built target bboxes_ex_msgs__rosidl_typesupport_fastrtps_c__pyext
[1.138s] [100%] Built target bboxes_ex_msgs__rosidl_typesupport_introspection_c__pyext
[1.316s] running egg_info
[1.317s] writing bboxes_ex_msgs.egg-info/PKG-INFO
[1.317s] writing dependency_links to bboxes_ex_msgs.egg-info/dependency_links.txt
[1.317s] writing top-level names to bboxes_ex_msgs.egg-info/top_level.txt
[1.319s] reading manifest file 'bboxes_ex_msgs.egg-info/SOURCES.txt'
[1.320s] writing manifest file 'bboxes_ex_msgs.egg-info/SOURCES.txt'
[1.342s] [100%] Built target ament_cmake_python_build_bboxes_ex_msgs_egg
